CRITICAL - 2022-11-22 01:06:28 --> Undefined variable $db63
in APPPATH\Controllers\databases.php on line 18.
 1 APPPATH\Controllers\databases.php(18): CodeIgniter\Debug\Exceptions->errorHandler(2, 'Undefined variable $db63', 'APPPATH\\Controllers\\databases.php', 18)
 2 SYSTEMPATH\CodeIgniter.php(927): App\Controllers\databases->index()
 3 SYSTEMPATH\CodeIgniter.php(482): CodeIgniter\CodeIgniter->runController(Object(App\Controllers\databases))
 4 SYSTEMPATH\CodeIgniter.php(351): CodeIgniter\CodeIgniter->handleRequest(null, Object(Config\Cache), false)
 5 FCPATH\index.php(67): CodeIgniter\CodeIgniter->run()
CRITICAL - 2022-11-22 01:06:53 --> Undefined variable $db1
in APPPATH\Controllers\databases.php on line 18.
 1 APPPATH\Controllers\databases.php(18): CodeIgniter\Debug\Exceptions->errorHandler(2, 'Undefined variable $db1', 'APPPATH\\Controllers\\databases.php', 18)
 2 SYSTEMPATH\CodeIgniter.php(927): App\Controllers\databases->index()
 3 SYSTEMPATH\CodeIgniter.php(482): CodeIgniter\CodeIgniter->runController(Object(App\Controllers\databases))
 4 SYSTEMPATH\CodeIgniter.php(351): CodeIgniter\CodeIgniter->handleRequest(null, Object(Config\Cache), false)
 5 FCPATH\index.php(67): CodeIgniter\CodeIgniter->run()
CRITICAL - 2022-11-22 01:07:24 --> Undefined variable $db63
in APPPATH\Controllers\databases.php on line 18.
 1 APPPATH\Controllers\databases.php(18): CodeIgniter\Debug\Exceptions->errorHandler(2, 'Undefined variable $db63', 'APPPATH\\Controllers\\databases.php', 18)
 2 SYSTEMPATH\CodeIgniter.php(927): App\Controllers\databases->index()
 3 SYSTEMPATH\CodeIgniter.php(482): CodeIgniter\CodeIgniter->runController(Object(App\Controllers\databases))
 4 SYSTEMPATH\CodeIgniter.php(351): CodeIgniter\CodeIgniter->handleRequest(null, Object(Config\Cache), false)
 5 FCPATH\index.php(67): CodeIgniter\CodeIgniter->run()
CRITICAL - 2022-11-22 01:07:48 --> tests is not a valid database connection group.
in SYSTEMPATH\Database\Config.php on line 70.
 1 APPPATH\Controllers\databases.php(19): CodeIgniter\Database\Config::connect('tests')
 2 SYSTEMPATH\CodeIgniter.php(927): App\Controllers\databases->index()
 3 SYSTEMPATH\CodeIgniter.php(482): CodeIgniter\CodeIgniter->runController(Object(App\Controllers\databases))
 4 SYSTEMPATH\CodeIgniter.php(351): CodeIgniter\CodeIgniter->handleRequest(null, Object(Config\Cache), false)
 5 FCPATH\index.php(67): CodeIgniter\CodeIgniter->run()
CRITICAL - 2022-11-22 01:08:17 --> tests is not a valid database connection group.
in SYSTEMPATH\Database\Config.php on line 70.
 1 APPPATH\Controllers\databases.php(19): CodeIgniter\Database\Config::connect('tests')
 2 SYSTEMPATH\CodeIgniter.php(927): App\Controllers\databases->index()
 3 SYSTEMPATH\CodeIgniter.php(482): CodeIgniter\CodeIgniter->runController(Object(App\Controllers\databases))
 4 SYSTEMPATH\CodeIgniter.php(351): CodeIgniter\CodeIgniter->handleRequest(null, Object(Config\Cache), false)
 5 FCPATH\index.php(67): CodeIgniter\CodeIgniter->run()
CRITICAL - 2022-11-22 01:08:28 --> tests is not a valid database connection group.
in SYSTEMPATH\Database\Config.php on line 70.
 1 APPPATH\Controllers\databases.php(18): CodeIgniter\Database\Config::connect('tests')
 2 SYSTEMPATH\CodeIgniter.php(927): App\Controllers\databases->index()
 3 SYSTEMPATH\CodeIgniter.php(482): CodeIgniter\CodeIgniter->runController(Object(App\Controllers\databases))
 4 SYSTEMPATH\CodeIgniter.php(351): CodeIgniter\CodeIgniter->handleRequest(null, Object(Config\Cache), false)
 5 FCPATH\index.php(67): CodeIgniter\CodeIgniter->run()
CRITICAL - 2022-11-22 01:44:13 --> Undefined variable $id24
in APPPATH\Views\datatest.php on line 206.
 1 APPPATH\Views\datatest.php(206): CodeIgniter\Debug\Exceptions->errorHandler(2, 'Undefined variable $id24', 'APPPATH\\Views\\datatest.php', 206)
 2 SYSTEMPATH\View\View.php(213): include('APPPATH\\Views\\datatest.php')
 3 SYSTEMPATH\View\View.php(216): CodeIgniter\View\View->CodeIgniter\View\{closure}()
 4 SYSTEMPATH\Common.php(1134): CodeIgniter\View\View->render('datatest', [...], true)
 5 APPPATH\Controllers\databases.php(60): view('datatest', [...], [...])
 6 SYSTEMPATH\CodeIgniter.php(927): App\Controllers\databases->index()
 7 SYSTEMPATH\CodeIgniter.php(482): CodeIgniter\CodeIgniter->runController(Object(App\Controllers\databases))
 8 SYSTEMPATH\CodeIgniter.php(351): CodeIgniter\CodeIgniter->handleRequest(null, Object(Config\Cache), false)
 9 FCPATH\index.php(67): CodeIgniter\CodeIgniter->run()
CRITICAL - 2022-11-22 01:44:56 --> Undefined variable $id24
in APPPATH\Views\datatest.php on line 209.
 1 APPPATH\Views\datatest.php(209): CodeIgniter\Debug\Exceptions->errorHandler(2, 'Undefined variable $id24', 'APPPATH\\Views\\datatest.php', 209)
 2 SYSTEMPATH\View\View.php(213): include('APPPATH\\Views\\datatest.php')
 3 SYSTEMPATH\View\View.php(216): CodeIgniter\View\View->CodeIgniter\View\{closure}()
 4 SYSTEMPATH\Common.php(1134): CodeIgniter\View\View->render('datatest', [...], true)
 5 APPPATH\Controllers\databases.php(60): view('datatest', [...], [...])
 6 SYSTEMPATH\CodeIgniter.php(927): App\Controllers\databases->index()
 7 SYSTEMPATH\CodeIgniter.php(482): CodeIgniter\CodeIgniter->runController(Object(App\Controllers\databases))
 8 SYSTEMPATH\CodeIgniter.php(351): CodeIgniter\CodeIgniter->handleRequest(null, Object(Config\Cache), false)
 9 FCPATH\index.php(67): CodeIgniter\CodeIgniter->run()
CRITICAL - 2022-11-22 01:45:59 --> Undefined variable $id24
in APPPATH\Views\datatest.php on line 209.
 1 APPPATH\Views\datatest.php(209): CodeIgniter\Debug\Exceptions->errorHandler(2, 'Undefined variable $id24', 'APPPATH\\Views\\datatest.php', 209)
 2 SYSTEMPATH\View\View.php(213): include('APPPATH\\Views\\datatest.php')
 3 SYSTEMPATH\View\View.php(216): CodeIgniter\View\View->CodeIgniter\View\{closure}()
 4 SYSTEMPATH\Common.php(1134): CodeIgniter\View\View->render('datatest', [...], true)
 5 APPPATH\Controllers\databases.php(60): view('datatest', [...], [...])
 6 SYSTEMPATH\CodeIgniter.php(927): App\Controllers\databases->index()
 7 SYSTEMPATH\CodeIgniter.php(482): CodeIgniter\CodeIgniter->runController(Object(App\Controllers\databases))
 8 SYSTEMPATH\CodeIgniter.php(351): CodeIgniter\CodeIgniter->handleRequest(null, Object(Config\Cache), false)
 9 FCPATH\index.php(67): CodeIgniter\CodeIgniter->run()
CRITICAL - 2022-11-22 01:46:06 --> Undefined variable $id24
in APPPATH\Views\datatest.php on line 209.
 1 APPPATH\Views\datatest.php(209): CodeIgniter\Debug\Exceptions->errorHandler(2, 'Undefined variable $id24', 'APPPATH\\Views\\datatest.php', 209)
 2 SYSTEMPATH\View\View.php(213): include('APPPATH\\Views\\datatest.php')
 3 SYSTEMPATH\View\View.php(216): CodeIgniter\View\View->CodeIgniter\View\{closure}()
 4 SYSTEMPATH\Common.php(1134): CodeIgniter\View\View->render('datatest', [...], true)
 5 APPPATH\Controllers\databases.php(60): view('datatest', [...], [...])
 6 SYSTEMPATH\CodeIgniter.php(927): App\Controllers\databases->index()
 7 SYSTEMPATH\CodeIgniter.php(482): CodeIgniter\CodeIgniter->runController(Object(App\Controllers\databases))
 8 SYSTEMPATH\CodeIgniter.php(351): CodeIgniter\CodeIgniter->handleRequest(null, Object(Config\Cache), false)
 9 FCPATH\index.php(67): CodeIgniter\CodeIgniter->run()
CRITICAL - 2022-11-22 01:46:18 --> Undefined variable $id24
in APPPATH\Views\datatest.php on line 209.
 1 APPPATH\Views\datatest.php(209): CodeIgniter\Debug\Exceptions->errorHandler(2, 'Undefined variable $id24', 'APPPATH\\Views\\datatest.php', 209)
 2 SYSTEMPATH\View\View.php(213): include('APPPATH\\Views\\datatest.php')
 3 SYSTEMPATH\View\View.php(216): CodeIgniter\View\View->CodeIgniter\View\{closure}()
 4 SYSTEMPATH\Common.php(1134): CodeIgniter\View\View->render('datatest', [...], true)
 5 APPPATH\Controllers\databases.php(60): view('datatest', [...], [...])
 6 SYSTEMPATH\CodeIgniter.php(927): App\Controllers\databases->index()
 7 SYSTEMPATH\CodeIgniter.php(482): CodeIgniter\CodeIgniter->runController(Object(App\Controllers\databases))
 8 SYSTEMPATH\CodeIgniter.php(351): CodeIgniter\CodeIgniter->handleRequest(null, Object(Config\Cache), false)
 9 FCPATH\index.php(67): CodeIgniter\CodeIgniter->run()
CRITICAL - 2022-11-22 01:46:28 --> Undefined array key "facebook_engage_average"
in APPPATH\Views\datatest.php on line 212.
 1 APPPATH\Views\datatest.php(212): CodeIgniter\Debug\Exceptions->errorHandler(2, 'Undefined array key "facebook_engage_average"', 'APPPATH\\Views\\datatest.php', 212)
 2 SYSTEMPATH\View\View.php(213): include('APPPATH\\Views\\datatest.php')
 3 SYSTEMPATH\View\View.php(216): CodeIgniter\View\View->CodeIgniter\View\{closure}()
 4 SYSTEMPATH\Common.php(1134): CodeIgniter\View\View->render('datatest', [...], true)
 5 APPPATH\Controllers\databases.php(60): view('datatest', [...], [...])
 6 SYSTEMPATH\CodeIgniter.php(927): App\Controllers\databases->index()
 7 SYSTEMPATH\CodeIgniter.php(482): CodeIgniter\CodeIgniter->runController(Object(App\Controllers\databases))
 8 SYSTEMPATH\CodeIgniter.php(351): CodeIgniter\CodeIgniter->handleRequest(null, Object(Config\Cache), false)
 9 FCPATH\index.php(67): CodeIgniter\CodeIgniter->run()
CRITICAL - 2022-11-22 01:47:25 --> Undefined variable $id24
in APPPATH\Views\datatest.php on line 209.
 1 APPPATH\Views\datatest.php(209): CodeIgniter\Debug\Exceptions->errorHandler(2, 'Undefined variable $id24', 'APPPATH\\Views\\datatest.php', 209)
 2 SYSTEMPATH\View\View.php(213): include('APPPATH\\Views\\datatest.php')
 3 SYSTEMPATH\View\View.php(216): CodeIgniter\View\View->CodeIgniter\View\{closure}()
 4 SYSTEMPATH\Common.php(1134): CodeIgniter\View\View->render('datatest', [...], true)
 5 APPPATH\Controllers\databases.php(60): view('datatest', [...], [...])
 6 SYSTEMPATH\CodeIgniter.php(927): App\Controllers\databases->index()
 7 SYSTEMPATH\CodeIgniter.php(482): CodeIgniter\CodeIgniter->runController(Object(App\Controllers\databases))
 8 SYSTEMPATH\CodeIgniter.php(351): CodeIgniter\CodeIgniter->handleRequest(null, Object(Config\Cache), false)
 9 FCPATH\index.php(67): CodeIgniter\CodeIgniter->run()
ERROR - 2022-11-22 01:48:20 --> mysqli_sql_exception: Unknown column 'network' in 'where clause' in C:\xampp\htdocs\ci4\system\Database\MySQLi\Connection.php:292
Stack trace:
#0 C:\xampp\htdocs\ci4\system\Database\MySQLi\Connection.php(292): mysqli->query('SELECT facebook...', 0)
#1 C:\xampp\htdocs\ci4\system\Database\BaseConnection.php(666): CodeIgniter\Database\MySQLi\Connection->execute('SELECT facebook...')
#2 C:\xampp\htdocs\ci4\system\Database\BaseConnection.php(593): CodeIgniter\Database\BaseConnection->simpleQuery('SELECT facebook...')
#3 C:\xampp\htdocs\ci4\app\Controllers\databases.php(42): CodeIgniter\Database\BaseConnection->query('SELECT facebook...')
#4 C:\xampp\htdocs\ci4\system\CodeIgniter.php(927): App\Controllers\databases->index()
#5 C:\xampp\htdocs\ci4\system\CodeIgniter.php(482): CodeIgniter\CodeIgniter->runController(Object(App\Controllers\databases))
#6 C:\xampp\htdocs\ci4\system\CodeIgniter.php(351): CodeIgniter\CodeIgniter->handleRequest(NULL, Object(Config\Cache), false)
#7 C:\xampp\htdocs\ci4\public\index.php(67): CodeIgniter\CodeIgniter->run()
#8 {main}
CRITICAL - 2022-11-22 01:48:20 --> Unknown column 'network' in 'where clause'
in SYSTEMPATH\Database\MySQLi\Connection.php on line 292.
 1 SYSTEMPATH\Database\MySQLi\Connection.php(292): mysqli->query('SELECT facebook_engage_average,facebook_engage_rate
        ,instagram_engage_average, instagram_engage_rate
        ,twitter_engage_average,twitter_engage_rate
        ,tiktok_engage_average,tiktok_engage_rate
        from influencer WHERE  network = \'facebook\' AND influencer_id = \'11081\'
        ORDER BY created_date DESC
        LIMIT 0, 1', 0)
 2 SYSTEMPATH\Database\BaseConnection.php(666): CodeIgniter\Database\MySQLi\Connection->execute('SELECT facebook_engage_average,facebook_engage_rate
        ,instagram_engage_average, instagram_engage_rate
        ,twitter_engage_average,twitter_engage_rate
        ,tiktok_engage_average,tiktok_engage_rate
        from influencer WHERE  network = \'facebook\' AND influencer_id = \'11081\'
        ORDER BY created_date DESC
        LIMIT 0, 1')
 3 SYSTEMPATH\Database\BaseConnection.php(593): CodeIgniter\Database\BaseConnection->simpleQuery('SELECT facebook_engage_average,facebook_engage_rate
        ,instagram_engage_average, instagram_engage_rate
        ,twitter_engage_average,twitter_engage_rate
        ,tiktok_engage_average,tiktok_engage_rate
        from influencer WHERE  network = \'facebook\' AND influencer_id = \'11081\'
        ORDER BY created_date DESC
        LIMIT 0, 1')
 4 APPPATH\Controllers\databases.php(42): CodeIgniter\Database\BaseConnection->query('SELECT facebook_engage_average,facebook_engage_rate
        ,instagram_engage_average, instagram_engage_rate
        ,twitter_engage_average,twitter_engage_rate
        ,tiktok_engage_average,tiktok_engage_rate
        from influencer WHERE  network = \'facebook\' AND influencer_id = \'11081\'
        ORDER BY created_date DESC
        LIMIT 0, 1')
 5 SYSTEMPATH\CodeIgniter.php(927): App\Controllers\databases->index()
 6 SYSTEMPATH\CodeIgniter.php(482): CodeIgniter\CodeIgniter->runController(Object(App\Controllers\databases))
 7 SYSTEMPATH\CodeIgniter.php(351): CodeIgniter\CodeIgniter->handleRequest(null, Object(Config\Cache), false)
 8 FCPATH\index.php(67): CodeIgniter\CodeIgniter->run()
ERROR - 2022-11-22 01:48:50 --> mysqli_sql_exception: Unknown column 'network' in 'where clause' in C:\xampp\htdocs\ci4\system\Database\MySQLi\Connection.php:292
Stack trace:
#0 C:\xampp\htdocs\ci4\system\Database\MySQLi\Connection.php(292): mysqli->query('SELECT facebook...', 0)
#1 C:\xampp\htdocs\ci4\system\Database\BaseConnection.php(666): CodeIgniter\Database\MySQLi\Connection->execute('SELECT facebook...')
#2 C:\xampp\htdocs\ci4\system\Database\BaseConnection.php(593): CodeIgniter\Database\BaseConnection->simpleQuery('SELECT facebook...')
#3 C:\xampp\htdocs\ci4\app\Controllers\databases.php(42): CodeIgniter\Database\BaseConnection->query('SELECT facebook...')
#4 C:\xampp\htdocs\ci4\system\CodeIgniter.php(927): App\Controllers\databases->index()
#5 C:\xampp\htdocs\ci4\system\CodeIgniter.php(482): CodeIgniter\CodeIgniter->runController(Object(App\Controllers\databases))
#6 C:\xampp\htdocs\ci4\system\CodeIgniter.php(351): CodeIgniter\CodeIgniter->handleRequest(NULL, Object(Config\Cache), false)
#7 C:\xampp\htdocs\ci4\public\index.php(67): CodeIgniter\CodeIgniter->run()
#8 {main}
CRITICAL - 2022-11-22 01:48:50 --> Unknown column 'network' in 'where clause'
in SYSTEMPATH\Database\MySQLi\Connection.php on line 292.
 1 SYSTEMPATH\Database\MySQLi\Connection.php(292): mysqli->query('SELECT facebook_engage_average,facebook_engage_rate
        ,instagram_engage_average, instagram_engage_rate
        ,twitter_engage_average,twitter_engage_rate
        ,tiktok_engage_average,tiktok_engage_rate
        FROM influencer WHERE  network = \'facebook\' AND influencer_id = \'11081\'
        ORDER BY created_date DESC
        LIMIT 0, 1', 0)
 2 SYSTEMPATH\Database\BaseConnection.php(666): CodeIgniter\Database\MySQLi\Connection->execute('SELECT facebook_engage_average,facebook_engage_rate
        ,instagram_engage_average, instagram_engage_rate
        ,twitter_engage_average,twitter_engage_rate
        ,tiktok_engage_average,tiktok_engage_rate
        FROM influencer WHERE  network = \'facebook\' AND influencer_id = \'11081\'
        ORDER BY created_date DESC
        LIMIT 0, 1')
 3 SYSTEMPATH\Database\BaseConnection.php(593): CodeIgniter\Database\BaseConnection->simpleQuery('SELECT facebook_engage_average,facebook_engage_rate
        ,instagram_engage_average, instagram_engage_rate
        ,twitter_engage_average,twitter_engage_rate
        ,tiktok_engage_average,tiktok_engage_rate
        FROM influencer WHERE  network = \'facebook\' AND influencer_id = \'11081\'
        ORDER BY created_date DESC
        LIMIT 0, 1')
 4 APPPATH\Controllers\databases.php(42): CodeIgniter\Database\BaseConnection->query('SELECT facebook_engage_average,facebook_engage_rate
        ,instagram_engage_average, instagram_engage_rate
        ,twitter_engage_average,twitter_engage_rate
        ,tiktok_engage_average,tiktok_engage_rate
        FROM influencer WHERE  network = \'facebook\' AND influencer_id = \'11081\'
        ORDER BY created_date DESC
        LIMIT 0, 1')
 5 SYSTEMPATH\CodeIgniter.php(927): App\Controllers\databases->index()
 6 SYSTEMPATH\CodeIgniter.php(482): CodeIgniter\CodeIgniter->runController(Object(App\Controllers\databases))
 7 SYSTEMPATH\CodeIgniter.php(351): CodeIgniter\CodeIgniter->handleRequest(null, Object(Config\Cache), false)
 8 FCPATH\index.php(67): CodeIgniter\CodeIgniter->run()
CRITICAL - 2022-11-22 01:49:06 --> Undefined variable $id24
in APPPATH\Views\datatest.php on line 209.
 1 APPPATH\Views\datatest.php(209): CodeIgniter\Debug\Exceptions->errorHandler(2, 'Undefined variable $id24', 'APPPATH\\Views\\datatest.php', 209)
 2 SYSTEMPATH\View\View.php(213): include('APPPATH\\Views\\datatest.php')
 3 SYSTEMPATH\View\View.php(216): CodeIgniter\View\View->CodeIgniter\View\{closure}()
 4 SYSTEMPATH\Common.php(1134): CodeIgniter\View\View->render('datatest', [...], true)
 5 APPPATH\Controllers\databases.php(60): view('datatest', [...], [...])
 6 SYSTEMPATH\CodeIgniter.php(927): App\Controllers\databases->index()
 7 SYSTEMPATH\CodeIgniter.php(482): CodeIgniter\CodeIgniter->runController(Object(App\Controllers\databases))
 8 SYSTEMPATH\CodeIgniter.php(351): CodeIgniter\CodeIgniter->handleRequest(null, Object(Config\Cache), false)
 9 FCPATH\index.php(67): CodeIgniter\CodeIgniter->run()
CRITICAL - 2022-11-22 01:50:05 --> Undefined variable $id24
in APPPATH\Views\datatest.php on line 209.
 1 APPPATH\Views\datatest.php(209): CodeIgniter\Debug\Exceptions->errorHandler(2, 'Undefined variable $id24', 'APPPATH\\Views\\datatest.php', 209)
 2 SYSTEMPATH\View\View.php(213): include('APPPATH\\Views\\datatest.php')
 3 SYSTEMPATH\View\View.php(216): CodeIgniter\View\View->CodeIgniter\View\{closure}()
 4 SYSTEMPATH\Common.php(1134): CodeIgniter\View\View->render('datatest', [...], true)
 5 APPPATH\Controllers\databases.php(60): view('datatest', [...], [...])
 6 SYSTEMPATH\CodeIgniter.php(927): App\Controllers\databases->index()
 7 SYSTEMPATH\CodeIgniter.php(482): CodeIgniter\CodeIgniter->runController(Object(App\Controllers\databases))
 8 SYSTEMPATH\CodeIgniter.php(351): CodeIgniter\CodeIgniter->handleRequest(null, Object(Config\Cache), false)
 9 FCPATH\index.php(67): CodeIgniter\CodeIgniter->run()
CRITICAL - 2022-11-22 01:50:22 --> Array to string conversion
in APPPATH\Controllers\databases.php on line 60.
 1 APPPATH\Controllers\databases.php(60): CodeIgniter\Debug\Exceptions->errorHandler(2, 'Array to string conversion', 'APPPATH\\Controllers\\databases.php', 60)
 2 SYSTEMPATH\CodeIgniter.php(927): App\Controllers\databases->index()
 3 SYSTEMPATH\CodeIgniter.php(482): CodeIgniter\CodeIgniter->runController(Object(App\Controllers\databases))
 4 SYSTEMPATH\CodeIgniter.php(351): CodeIgniter\CodeIgniter->handleRequest(null, Object(Config\Cache), false)
 5 FCPATH\index.php(67): CodeIgniter\CodeIgniter->run()
CRITICAL - 2022-11-22 01:50:29 --> Undefined variable $id24
in APPPATH\Views\datatest.php on line 209.
 1 APPPATH\Views\datatest.php(209): CodeIgniter\Debug\Exceptions->errorHandler(2, 'Undefined variable $id24', 'APPPATH\\Views\\datatest.php', 209)
 2 SYSTEMPATH\View\View.php(213): include('APPPATH\\Views\\datatest.php')
 3 SYSTEMPATH\View\View.php(216): CodeIgniter\View\View->CodeIgniter\View\{closure}()
 4 SYSTEMPATH\Common.php(1134): CodeIgniter\View\View->render('datatest', [...], true)
 5 APPPATH\Controllers\databases.php(60): view('datatest', [...], [...])
 6 SYSTEMPATH\CodeIgniter.php(927): App\Controllers\databases->index()
 7 SYSTEMPATH\CodeIgniter.php(482): CodeIgniter\CodeIgniter->runController(Object(App\Controllers\databases))
 8 SYSTEMPATH\CodeIgniter.php(351): CodeIgniter\CodeIgniter->handleRequest(null, Object(Config\Cache), false)
 9 FCPATH\index.php(67): CodeIgniter\CodeIgniter->run()
CRITICAL - 2022-11-22 01:52:03 --> Undefined variable $id24
in APPPATH\Views\datatest.php on line 209.
 1 APPPATH\Views\datatest.php(209): CodeIgniter\Debug\Exceptions->errorHandler(2, 'Undefined variable $id24', 'APPPATH\\Views\\datatest.php', 209)
 2 SYSTEMPATH\View\View.php(213): include('APPPATH\\Views\\datatest.php')
 3 SYSTEMPATH\View\View.php(216): CodeIgniter\View\View->CodeIgniter\View\{closure}()
 4 SYSTEMPATH\Common.php(1134): CodeIgniter\View\View->render('datatest', [...], true)
 5 APPPATH\Controllers\databases.php(60): view('datatest', [...], [...])
 6 SYSTEMPATH\CodeIgniter.php(927): App\Controllers\databases->index()
 7 SYSTEMPATH\CodeIgniter.php(482): CodeIgniter\CodeIgniter->runController(Object(App\Controllers\databases))
 8 SYSTEMPATH\CodeIgniter.php(351): CodeIgniter\CodeIgniter->handleRequest(null, Object(Config\Cache), false)
 9 FCPATH\index.php(67): CodeIgniter\CodeIgniter->run()
ERROR - 2022-11-22 01:53:59 --> Error connecting to the database: mysqli_sql_exception: A connection attempt failed because the connected party did not properly respond after a period of time, or established connection failed because connected host has failed to respond in C:\xampp\htdocs\ci4\system\Database\MySQLi\Connection.php:171
Stack trace:
#0 C:\xampp\htdocs\ci4\system\Database\MySQLi\Connection.php(171): mysqli->real_connect('122.155.166.63', 'intern', 'TVIw3yZchDLH', 'influencer', 3306, '', 0)
#1 C:\xampp\htdocs\ci4\system\Database\BaseConnection.php(382): CodeIgniter\Database\MySQLi\Connection->connect(false)
#2 C:\xampp\htdocs\ci4\system\Database\BaseConnection.php(561): CodeIgniter\Database\BaseConnection->initialize()
#3 C:\xampp\htdocs\ci4\app\Controllers\databases.php(34): CodeIgniter\Database\BaseConnection->query('SELECT rawdata,...')
#4 C:\xampp\htdocs\ci4\system\CodeIgniter.php(927): App\Controllers\databases->index()
#5 C:\xampp\htdocs\ci4\system\CodeIgniter.php(482): CodeIgniter\CodeIgniter->runController(Object(App\Controllers\databases))
#6 C:\xampp\htdocs\ci4\system\CodeIgniter.php(351): CodeIgniter\CodeIgniter->handleRequest(NULL, Object(Config\Cache), false)
#7 C:\xampp\htdocs\ci4\public\index.php(67): CodeIgniter\CodeIgniter->run()
#8 {main}

Next CodeIgniter\Database\Exceptions\DatabaseException: A connection attempt failed because the connected party did not properly respond after a period of time, or established connection failed because connected host has failed to respond in C:\xampp\htdocs\ci4\system\Database\MySQLi\Connection.php:215
Stack trace:
#0 C:\xampp\htdocs\ci4\system\Database\BaseConnection.php(382): CodeIgniter\Database\MySQLi\Connection->connect(false)
#1 C:\xampp\htdocs\ci4\system\Database\BaseConnection.php(561): CodeIgniter\Database\BaseConnection->initialize()
#2 C:\xampp\htdocs\ci4\app\Controllers\databases.php(34): CodeIgniter\Database\BaseConnection->query('SELECT rawdata,...')
#3 C:\xampp\htdocs\ci4\system\CodeIgniter.php(927): App\Controllers\databases->index()
#4 C:\xampp\htdocs\ci4\system\CodeIgniter.php(482): CodeIgniter\CodeIgniter->runController(Object(App\Controllers\databases))
#5 C:\xampp\htdocs\ci4\system\CodeIgniter.php(351): CodeIgniter\CodeIgniter->handleRequest(NULL, Object(Config\Cache), false)
#6 C:\xampp\htdocs\ci4\public\index.php(67): CodeIgniter\CodeIgniter->run()
#7 {main}
CRITICAL - 2022-11-22 01:53:59 --> Unable to connect to the database.
Main connection [MySQLi]: A connection attempt failed because the connected party did not properly respond after a period of time, or established connection failed because connected host has failed to respond
in SYSTEMPATH\Database\BaseConnection.php on line 418.
 1 SYSTEMPATH\Database\BaseConnection.php(561): CodeIgniter\Database\BaseConnection->initialize()
 2 APPPATH\Controllers\databases.php(34): CodeIgniter\Database\BaseConnection->query('SELECT rawdata,follower FROM influencer_stat_post_recent WHERE network = \'facebook\' AND influencer_id = \'11081\'
        ORDER BY create_date DESC
        LIMIT 0,1')
 3 SYSTEMPATH\CodeIgniter.php(927): App\Controllers\databases->index()
 4 SYSTEMPATH\CodeIgniter.php(482): CodeIgniter\CodeIgniter->runController(Object(App\Controllers\databases))
 5 SYSTEMPATH\CodeIgniter.php(351): CodeIgniter\CodeIgniter->handleRequest(null, Object(Config\Cache), false)
 6 FCPATH\index.php(67): CodeIgniter\CodeIgniter->run()
ERROR - 2022-11-22 01:54:29 --> Error connecting to the database: mysqli_sql_exception: A connection attempt failed because the connected party did not properly respond after a period of time, or established connection failed because connected host has failed to respond in C:\xampp\htdocs\ci4\system\Database\MySQLi\Connection.php:171
Stack trace:
#0 C:\xampp\htdocs\ci4\system\Database\MySQLi\Connection.php(171): mysqli->real_connect('122.155.166.63', 'intern', 'TVIw3yZchDLH', 'influencer', 3306, '', 0)
#1 C:\xampp\htdocs\ci4\system\Database\BaseConnection.php(382): CodeIgniter\Database\MySQLi\Connection->connect(false)
#2 C:\xampp\htdocs\ci4\system\Database\BaseConnection.php(561): CodeIgniter\Database\BaseConnection->initialize()
#3 C:\xampp\htdocs\ci4\app\Controllers\databases.php(34): CodeIgniter\Database\BaseConnection->query('SELECT rawdata,...')
#4 C:\xampp\htdocs\ci4\system\CodeIgniter.php(927): App\Controllers\databases->index()
#5 C:\xampp\htdocs\ci4\system\CodeIgniter.php(482): CodeIgniter\CodeIgniter->runController(Object(App\Controllers\databases))
#6 C:\xampp\htdocs\ci4\system\CodeIgniter.php(351): CodeIgniter\CodeIgniter->handleRequest(NULL, Object(Config\Cache), false)
#7 C:\xampp\htdocs\ci4\public\index.php(67): CodeIgniter\CodeIgniter->run()
#8 {main}

Next CodeIgniter\Database\Exceptions\DatabaseException: A connection attempt failed because the connected party did not properly respond after a period of time, or established connection failed because connected host has failed to respond in C:\xampp\htdocs\ci4\system\Database\MySQLi\Connection.php:215
Stack trace:
#0 C:\xampp\htdocs\ci4\system\Database\BaseConnection.php(382): CodeIgniter\Database\MySQLi\Connection->connect(false)
#1 C:\xampp\htdocs\ci4\system\Database\BaseConnection.php(561): CodeIgniter\Database\BaseConnection->initialize()
#2 C:\xampp\htdocs\ci4\app\Controllers\databases.php(34): CodeIgniter\Database\BaseConnection->query('SELECT rawdata,...')
#3 C:\xampp\htdocs\ci4\system\CodeIgniter.php(927): App\Controllers\databases->index()
#4 C:\xampp\htdocs\ci4\system\CodeIgniter.php(482): CodeIgniter\CodeIgniter->runController(Object(App\Controllers\databases))
#5 C:\xampp\htdocs\ci4\system\CodeIgniter.php(351): CodeIgniter\CodeIgniter->handleRequest(NULL, Object(Config\Cache), false)
#6 C:\xampp\htdocs\ci4\public\index.php(67): CodeIgniter\CodeIgniter->run()
#7 {main}
CRITICAL - 2022-11-22 01:54:29 --> Unable to connect to the database.
Main connection [MySQLi]: A connection attempt failed because the connected party did not properly respond after a period of time, or established connection failed because connected host has failed to respond
in SYSTEMPATH\Database\BaseConnection.php on line 418.
 1 SYSTEMPATH\Database\BaseConnection.php(561): CodeIgniter\Database\BaseConnection->initialize()
 2 APPPATH\Controllers\databases.php(34): CodeIgniter\Database\BaseConnection->query('SELECT rawdata,follower FROM influencer_stat_post_recent WHERE network = \'facebook\' AND influencer_id = \'11081\'
        ORDER BY create_date DESC
        LIMIT 0,1')
 3 SYSTEMPATH\CodeIgniter.php(927): App\Controllers\databases->index()
 4 SYSTEMPATH\CodeIgniter.php(482): CodeIgniter\CodeIgniter->runController(Object(App\Controllers\databases))
 5 SYSTEMPATH\CodeIgniter.php(351): CodeIgniter\CodeIgniter->handleRequest(null, Object(Config\Cache), false)
 6 FCPATH\index.php(67): CodeIgniter\CodeIgniter->run()
CRITICAL - 2022-11-22 01:55:27 --> Undefined variable $id24
in APPPATH\Views\datatest.php on line 209.
 1 APPPATH\Views\datatest.php(209): CodeIgniter\Debug\Exceptions->errorHandler(2, 'Undefined variable $id24', 'APPPATH\\Views\\datatest.php', 209)
 2 SYSTEMPATH\View\View.php(213): include('APPPATH\\Views\\datatest.php')
 3 SYSTEMPATH\View\View.php(216): CodeIgniter\View\View->CodeIgniter\View\{closure}()
 4 SYSTEMPATH\Common.php(1134): CodeIgniter\View\View->render('datatest', [...], true)
 5 APPPATH\Controllers\databases.php(60): view('datatest', [...], [...])
 6 SYSTEMPATH\CodeIgniter.php(927): App\Controllers\databases->index()
 7 SYSTEMPATH\CodeIgniter.php(482): CodeIgniter\CodeIgniter->runController(Object(App\Controllers\databases))
 8 SYSTEMPATH\CodeIgniter.php(351): CodeIgniter\CodeIgniter->handleRequest(null, Object(Config\Cache), false)
 9 FCPATH\index.php(67): CodeIgniter\CodeIgniter->run()
CRITICAL - 2022-11-22 01:58:07 --> Undefined variable $id24
in APPPATH\Views\datatest.php on line 209.
 1 APPPATH\Views\datatest.php(209): CodeIgniter\Debug\Exceptions->errorHandler(2, 'Undefined variable $id24', 'APPPATH\\Views\\datatest.php', 209)
 2 SYSTEMPATH\View\View.php(213): include('APPPATH\\Views\\datatest.php')
 3 SYSTEMPATH\View\View.php(216): CodeIgniter\View\View->CodeIgniter\View\{closure}()
 4 SYSTEMPATH\Common.php(1134): CodeIgniter\View\View->render('datatest', [...], true)
 5 APPPATH\Controllers\databases.php(60): view('datatest', [...], [...])
 6 SYSTEMPATH\CodeIgniter.php(927): App\Controllers\databases->index()
 7 SYSTEMPATH\CodeIgniter.php(482): CodeIgniter\CodeIgniter->runController(Object(App\Controllers\databases))
 8 SYSTEMPATH\CodeIgniter.php(351): CodeIgniter\CodeIgniter->handleRequest(null, Object(Config\Cache), false)
 9 FCPATH\index.php(67): CodeIgniter\CodeIgniter->run()
CRITICAL - 2022-11-22 01:59:10 --> Undefined variable $id24
in APPPATH\Views\datatest.php on line 209.
 1 APPPATH\Views\datatest.php(209): CodeIgniter\Debug\Exceptions->errorHandler(2, 'Undefined variable $id24', 'APPPATH\\Views\\datatest.php', 209)
 2 SYSTEMPATH\View\View.php(213): include('APPPATH\\Views\\datatest.php')
 3 SYSTEMPATH\View\View.php(216): CodeIgniter\View\View->CodeIgniter\View\{closure}()
 4 SYSTEMPATH\Common.php(1134): CodeIgniter\View\View->render('datatest', [...], true)
 5 APPPATH\Controllers\databases.php(60): view('datatest', [...], [...])
 6 SYSTEMPATH\CodeIgniter.php(927): App\Controllers\databases->index()
 7 SYSTEMPATH\CodeIgniter.php(482): CodeIgniter\CodeIgniter->runController(Object(App\Controllers\databases))
 8 SYSTEMPATH\CodeIgniter.php(351): CodeIgniter\CodeIgniter->handleRequest(null, Object(Config\Cache), false)
 9 FCPATH\index.php(67): CodeIgniter\CodeIgniter->run()
CRITICAL - 2022-11-22 01:59:48 --> Undefined variable $id
in APPPATH\Views\datatest.php on line 83.
 1 APPPATH\Views\datatest.php(83): CodeIgniter\Debug\Exceptions->errorHandler(2, 'Undefined variable $id', 'APPPATH\\Views\\datatest.php', 83)
 2 SYSTEMPATH\View\View.php(213): include('APPPATH\\Views\\datatest.php')
 3 SYSTEMPATH\View\View.php(216): CodeIgniter\View\View->CodeIgniter\View\{closure}()
 4 SYSTEMPATH\Common.php(1134): CodeIgniter\View\View->render('datatest', [], true)
 5 APPPATH\Controllers\databases.php(60): view('datatest', [...])
 6 SYSTEMPATH\CodeIgniter.php(927): App\Controllers\databases->index()
 7 SYSTEMPATH\CodeIgniter.php(482): CodeIgniter\CodeIgniter->runController(Object(App\Controllers\databases))
 8 SYSTEMPATH\CodeIgniter.php(351): CodeIgniter\CodeIgniter->handleRequest(null, Object(Config\Cache), false)
 9 FCPATH\index.php(67): CodeIgniter\CodeIgniter->run()
CRITICAL - 2022-11-22 02:00:03 --> Undefined variable $id24
in APPPATH\Views\datatest.php on line 209.
 1 APPPATH\Views\datatest.php(209): CodeIgniter\Debug\Exceptions->errorHandler(2, 'Undefined variable $id24', 'APPPATH\\Views\\datatest.php', 209)
 2 SYSTEMPATH\View\View.php(213): include('APPPATH\\Views\\datatest.php')
 3 SYSTEMPATH\View\View.php(216): CodeIgniter\View\View->CodeIgniter\View\{closure}()
 4 SYSTEMPATH\Common.php(1134): CodeIgniter\View\View->render('datatest', [...], true)
 5 APPPATH\Controllers\databases.php(60): view('datatest', [...], [...])
 6 SYSTEMPATH\CodeIgniter.php(927): App\Controllers\databases->index()
 7 SYSTEMPATH\CodeIgniter.php(482): CodeIgniter\CodeIgniter->runController(Object(App\Controllers\databases))
 8 SYSTEMPATH\CodeIgniter.php(351): CodeIgniter\CodeIgniter->handleRequest(null, Object(Config\Cache), false)
 9 FCPATH\index.php(67): CodeIgniter\CodeIgniter->run()
CRITICAL - 2022-11-22 02:00:15 --> Undefined variable $id
in APPPATH\Views\datatest.php on line 83.
 1 APPPATH\Views\datatest.php(83): CodeIgniter\Debug\Exceptions->errorHandler(2, 'Undefined variable $id', 'APPPATH\\Views\\datatest.php', 83)
 2 SYSTEMPATH\View\View.php(213): include('APPPATH\\Views\\datatest.php')
 3 SYSTEMPATH\View\View.php(216): CodeIgniter\View\View->CodeIgniter\View\{closure}()
 4 SYSTEMPATH\Common.php(1134): CodeIgniter\View\View->render('datatest', [...], true)
 5 APPPATH\Controllers\databases.php(60): view('datatest', [...], [...])
 6 SYSTEMPATH\CodeIgniter.php(927): App\Controllers\databases->index()
 7 SYSTEMPATH\CodeIgniter.php(482): CodeIgniter\CodeIgniter->runController(Object(App\Controllers\databases))
 8 SYSTEMPATH\CodeIgniter.php(351): CodeIgniter\CodeIgniter->handleRequest(null, Object(Config\Cache), false)
 9 FCPATH\index.php(67): CodeIgniter\CodeIgniter->run()
CRITICAL - 2022-11-22 02:00:23 --> Undefined variable $id24
in APPPATH\Views\datatest.php on line 209.
 1 APPPATH\Views\datatest.php(209): CodeIgniter\Debug\Exceptions->errorHandler(2, 'Undefined variable $id24', 'APPPATH\\Views\\datatest.php', 209)
 2 SYSTEMPATH\View\View.php(213): include('APPPATH\\Views\\datatest.php')
 3 SYSTEMPATH\View\View.php(216): CodeIgniter\View\View->CodeIgniter\View\{closure}()
 4 SYSTEMPATH\Common.php(1134): CodeIgniter\View\View->render('datatest', [...], true)
 5 APPPATH\Controllers\databases.php(60): view('datatest', [...], [...])
 6 SYSTEMPATH\CodeIgniter.php(927): App\Controllers\databases->index()
 7 SYSTEMPATH\CodeIgniter.php(482): CodeIgniter\CodeIgniter->runController(Object(App\Controllers\databases))
 8 SYSTEMPATH\CodeIgniter.php(351): CodeIgniter\CodeIgniter->handleRequest(null, Object(Config\Cache), false)
 9 FCPATH\index.php(67): CodeIgniter\CodeIgniter->run()
CRITICAL - 2022-11-22 02:01:36 --> view(): Argument #2 ($data) must be of type array, string given, called in C:\xampp\htdocs\ci4\app\Controllers\databases.php on line 60
in SYSTEMPATH\Common.php on line 1120.
 1 APPPATH\Controllers\databases.php(60): view('datatest', '$results', [...])
 2 SYSTEMPATH\CodeIgniter.php(927): App\Controllers\databases->index()
 3 SYSTEMPATH\CodeIgniter.php(482): CodeIgniter\CodeIgniter->runController(Object(App\Controllers\databases))
 4 SYSTEMPATH\CodeIgniter.php(351): CodeIgniter\CodeIgniter->handleRequest(null, Object(Config\Cache), false)
 5 FCPATH\index.php(67): CodeIgniter\CodeIgniter->run()
CRITICAL - 2022-11-22 02:01:44 --> Undefined variable $id24
in APPPATH\Views\datatest.php on line 209.
 1 APPPATH\Views\datatest.php(209): CodeIgniter\Debug\Exceptions->errorHandler(2, 'Undefined variable $id24', 'APPPATH\\Views\\datatest.php', 209)
 2 SYSTEMPATH\View\View.php(213): include('APPPATH\\Views\\datatest.php')
 3 SYSTEMPATH\View\View.php(216): CodeIgniter\View\View->CodeIgniter\View\{closure}()
 4 SYSTEMPATH\Common.php(1134): CodeIgniter\View\View->render('datatest', [...], true)
 5 APPPATH\Controllers\databases.php(60): view('datatest', [...], [...])
 6 SYSTEMPATH\CodeIgniter.php(927): App\Controllers\databases->index()
 7 SYSTEMPATH\CodeIgniter.php(482): CodeIgniter\CodeIgniter->runController(Object(App\Controllers\databases))
 8 SYSTEMPATH\CodeIgniter.php(351): CodeIgniter\CodeIgniter->handleRequest(null, Object(Config\Cache), false)
 9 FCPATH\index.php(67): CodeIgniter\CodeIgniter->run()
CRITICAL - 2022-11-22 02:02:01 --> view(): Argument #3 ($options) must be of type array, string given, called in C:\xampp\htdocs\ci4\app\Controllers\databases.php on line 60
in SYSTEMPATH\Common.php on line 1120.
 1 APPPATH\Controllers\databases.php(60): view('datatest', [...], 'datatest', [...])
 2 SYSTEMPATH\CodeIgniter.php(927): App\Controllers\databases->index()
 3 SYSTEMPATH\CodeIgniter.php(482): CodeIgniter\CodeIgniter->runController(Object(App\Controllers\databases))
 4 SYSTEMPATH\CodeIgniter.php(351): CodeIgniter\CodeIgniter->handleRequest(null, Object(Config\Cache), false)
 5 FCPATH\index.php(67): CodeIgniter\CodeIgniter->run()
CRITICAL - 2022-11-22 02:02:13 --> Unsupported operand types: array / string
in APPPATH\Controllers\databases.php on line 60.
 1 SYSTEMPATH\CodeIgniter.php(927): App\Controllers\databases->index()
 2 SYSTEMPATH\CodeIgniter.php(482): CodeIgniter\CodeIgniter->runController(Object(App\Controllers\databases))
 3 SYSTEMPATH\CodeIgniter.php(351): CodeIgniter\CodeIgniter->handleRequest(null, Object(Config\Cache), false)
 4 FCPATH\index.php(67): CodeIgniter\CodeIgniter->run()
CRITICAL - 2022-11-22 02:02:50 --> view(): Argument #3 ($options) must be of type array, string given, called in C:\xampp\htdocs\ci4\app\Controllers\databases.php on line 60
in SYSTEMPATH\Common.php on line 1120.
 1 APPPATH\Controllers\databases.php(60): view('datatest', [...], 'datatest', [...])
 2 SYSTEMPATH\CodeIgniter.php(927): App\Controllers\databases->index()
 3 SYSTEMPATH\CodeIgniter.php(482): CodeIgniter\CodeIgniter->runController(Object(App\Controllers\databases))
 4 SYSTEMPATH\CodeIgniter.php(351): CodeIgniter\CodeIgniter->handleRequest(null, Object(Config\Cache), false)
 5 FCPATH\index.php(67): CodeIgniter\CodeIgniter->run()
CRITICAL - 2022-11-22 02:03:25 --> Undefined variable $id24
in APPPATH\Views\datatest.php on line 209.
 1 APPPATH\Views\datatest.php(209): CodeIgniter\Debug\Exceptions->errorHandler(2, 'Undefined variable $id24', 'APPPATH\\Views\\datatest.php', 209)
 2 SYSTEMPATH\View\View.php(213): include('APPPATH\\Views\\datatest.php')
 3 SYSTEMPATH\View\View.php(216): CodeIgniter\View\View->CodeIgniter\View\{closure}()
 4 SYSTEMPATH\Common.php(1134): CodeIgniter\View\View->render('datatest', [...], true)
 5 APPPATH\Controllers\databases.php(60): view('datatest', [...], [...])
 6 SYSTEMPATH\CodeIgniter.php(927): App\Controllers\databases->index()
 7 SYSTEMPATH\CodeIgniter.php(482): CodeIgniter\CodeIgniter->runController(Object(App\Controllers\databases))
 8 SYSTEMPATH\CodeIgniter.php(351): CodeIgniter\CodeIgniter->handleRequest(null, Object(Config\Cache), false)
 9 FCPATH\index.php(67): CodeIgniter\CodeIgniter->run()
CRITICAL - 2022-11-22 02:04:17 --> Undefined variable $id24
in APPPATH\Views\datatest.php on line 209.
 1 APPPATH\Views\datatest.php(209): CodeIgniter\Debug\Exceptions->errorHandler(2, 'Undefined variable $id24', 'APPPATH\\Views\\datatest.php', 209)
 2 SYSTEMPATH\View\View.php(213): include('APPPATH\\Views\\datatest.php')
 3 SYSTEMPATH\View\View.php(216): CodeIgniter\View\View->CodeIgniter\View\{closure}()
 4 SYSTEMPATH\Common.php(1134): CodeIgniter\View\View->render('datatest', [...], true)
 5 APPPATH\Controllers\databases.php(60): view('datatest', [...], [...])
 6 SYSTEMPATH\CodeIgniter.php(927): App\Controllers\databases->index()
 7 SYSTEMPATH\CodeIgniter.php(482): CodeIgniter\CodeIgniter->runController(Object(App\Controllers\databases))
 8 SYSTEMPATH\CodeIgniter.php(351): CodeIgniter\CodeIgniter->handleRequest(null, Object(Config\Cache), false)
 9 FCPATH\index.php(67): CodeIgniter\CodeIgniter->run()
CRITICAL - 2022-11-22 02:10:38 --> Undefined variable $id24
in APPPATH\Views\datatest.php on line 209.
 1 APPPATH\Views\datatest.php(209): CodeIgniter\Debug\Exceptions->errorHandler(2, 'Undefined variable $id24', 'APPPATH\\Views\\datatest.php', 209)
 2 SYSTEMPATH\View\View.php(213): include('APPPATH\\Views\\datatest.php')
 3 SYSTEMPATH\View\View.php(216): CodeIgniter\View\View->CodeIgniter\View\{closure}()
 4 SYSTEMPATH\Common.php(1134): CodeIgniter\View\View->render('datatest', [...], true)
 5 APPPATH\Controllers\databases.php(60): view('datatest', [...], [...])
 6 SYSTEMPATH\CodeIgniter.php(927): App\Controllers\databases->index()
 7 SYSTEMPATH\CodeIgniter.php(482): CodeIgniter\CodeIgniter->runController(Object(App\Controllers\databases))
 8 SYSTEMPATH\CodeIgniter.php(351): CodeIgniter\CodeIgniter->handleRequest(null, Object(Config\Cache), false)
 9 FCPATH\index.php(67): CodeIgniter\CodeIgniter->run()
CRITICAL - 2022-11-22 02:10:39 --> Undefined variable $id24
in APPPATH\Views\datatest.php on line 209.
 1 APPPATH\Views\datatest.php(209): CodeIgniter\Debug\Exceptions->errorHandler(2, 'Undefined variable $id24', 'APPPATH\\Views\\datatest.php', 209)
 2 SYSTEMPATH\View\View.php(213): include('APPPATH\\Views\\datatest.php')
 3 SYSTEMPATH\View\View.php(216): CodeIgniter\View\View->CodeIgniter\View\{closure}()
 4 SYSTEMPATH\Common.php(1134): CodeIgniter\View\View->render('datatest', [...], true)
 5 APPPATH\Controllers\databases.php(60): view('datatest', [...], [...])
 6 SYSTEMPATH\CodeIgniter.php(927): App\Controllers\databases->index()
 7 SYSTEMPATH\CodeIgniter.php(482): CodeIgniter\CodeIgniter->runController(Object(App\Controllers\databases))
 8 SYSTEMPATH\CodeIgniter.php(351): CodeIgniter\CodeIgniter->handleRequest(null, Object(Config\Cache), false)
 9 FCPATH\index.php(67): CodeIgniter\CodeIgniter->run()
CRITICAL - 2022-11-22 02:11:25 --> Undefined variable $id24
in APPPATH\Views\datatest.php on line 209.
 1 APPPATH\Views\datatest.php(209): CodeIgniter\Debug\Exceptions->errorHandler(2, 'Undefined variable $id24', 'APPPATH\\Views\\datatest.php', 209)
 2 SYSTEMPATH\View\View.php(213): include('APPPATH\\Views\\datatest.php')
 3 SYSTEMPATH\View\View.php(216): CodeIgniter\View\View->CodeIgniter\View\{closure}()
 4 SYSTEMPATH\Common.php(1134): CodeIgniter\View\View->render('datatest', [...], true)
 5 APPPATH\Controllers\databases.php(60): view('datatest', [...], [...])
 6 SYSTEMPATH\CodeIgniter.php(927): App\Controllers\databases->index()
 7 SYSTEMPATH\CodeIgniter.php(482): CodeIgniter\CodeIgniter->runController(Object(App\Controllers\databases))
 8 SYSTEMPATH\CodeIgniter.php(351): CodeIgniter\CodeIgniter->handleRequest(null, Object(Config\Cache), false)
 9 FCPATH\index.php(67): CodeIgniter\CodeIgniter->run()
CRITICAL - 2022-11-22 02:11:28 --> Undefined variable $id24
in APPPATH\Views\datatest.php on line 209.
 1 APPPATH\Views\datatest.php(209): CodeIgniter\Debug\Exceptions->errorHandler(2, 'Undefined variable $id24', 'APPPATH\\Views\\datatest.php', 209)
 2 SYSTEMPATH\View\View.php(213): include('APPPATH\\Views\\datatest.php')
 3 SYSTEMPATH\View\View.php(216): CodeIgniter\View\View->CodeIgniter\View\{closure}()
 4 SYSTEMPATH\Common.php(1134): CodeIgniter\View\View->render('datatest', [...], true)
 5 APPPATH\Controllers\databases.php(60): view('datatest', [...], [...])
 6 SYSTEMPATH\CodeIgniter.php(927): App\Controllers\databases->index()
 7 SYSTEMPATH\CodeIgniter.php(482): CodeIgniter\CodeIgniter->runController(Object(App\Controllers\databases))
 8 SYSTEMPATH\CodeIgniter.php(351): CodeIgniter\CodeIgniter->handleRequest(null, Object(Config\Cache), false)
 9 FCPATH\index.php(67): CodeIgniter\CodeIgniter->run()
CRITICAL - 2022-11-22 02:12:32 --> Undefined variable $id24
in APPPATH\Views\datatest.php on line 209.
 1 APPPATH\Views\datatest.php(209): CodeIgniter\Debug\Exceptions->errorHandler(2, 'Undefined variable $id24', 'APPPATH\\Views\\datatest.php', 209)
 2 SYSTEMPATH\View\View.php(213): include('APPPATH\\Views\\datatest.php')
 3 SYSTEMPATH\View\View.php(216): CodeIgniter\View\View->CodeIgniter\View\{closure}()
 4 SYSTEMPATH\Common.php(1134): CodeIgniter\View\View->render('datatest', [...], true)
 5 APPPATH\Controllers\databases.php(60): view('datatest', [...], [...])
 6 SYSTEMPATH\CodeIgniter.php(927): App\Controllers\databases->index()
 7 SYSTEMPATH\CodeIgniter.php(482): CodeIgniter\CodeIgniter->runController(Object(App\Controllers\databases))
 8 SYSTEMPATH\CodeIgniter.php(351): CodeIgniter\CodeIgniter->handleRequest(null, Object(Config\Cache), false)
 9 FCPATH\index.php(67): CodeIgniter\CodeIgniter->run()
CRITICAL - 2022-11-22 02:13:18 --> Undefined variable $id24
in APPPATH\Views\datatest.php on line 209.
 1 APPPATH\Views\datatest.php(209): CodeIgniter\Debug\Exceptions->errorHandler(2, 'Undefined variable $id24', 'APPPATH\\Views\\datatest.php', 209)
 2 SYSTEMPATH\View\View.php(213): include('APPPATH\\Views\\datatest.php')
 3 SYSTEMPATH\View\View.php(216): CodeIgniter\View\View->CodeIgniter\View\{closure}()
 4 SYSTEMPATH\Common.php(1134): CodeIgniter\View\View->render('datatest', [], true)
 5 APPPATH\Controllers\databases.php(60): view('datatest', [...])
 6 SYSTEMPATH\CodeIgniter.php(927): App\Controllers\databases->index()
 7 SYSTEMPATH\CodeIgniter.php(482): CodeIgniter\CodeIgniter->runController(Object(App\Controllers\databases))
 8 SYSTEMPATH\CodeIgniter.php(351): CodeIgniter\CodeIgniter->handleRequest(null, Object(Config\Cache), false)
 9 FCPATH\index.php(67): CodeIgniter\CodeIgniter->run()
CRITICAL - 2022-11-22 02:13:19 --> Undefined variable $id24
in APPPATH\Views\datatest.php on line 209.
 1 APPPATH\Views\datatest.php(209): CodeIgniter\Debug\Exceptions->errorHandler(2, 'Undefined variable $id24', 'APPPATH\\Views\\datatest.php', 209)
 2 SYSTEMPATH\View\View.php(213): include('APPPATH\\Views\\datatest.php')
 3 SYSTEMPATH\View\View.php(216): CodeIgniter\View\View->CodeIgniter\View\{closure}()
 4 SYSTEMPATH\Common.php(1134): CodeIgniter\View\View->render('datatest', [], true)
 5 APPPATH\Controllers\databases.php(60): view('datatest', [...])
 6 SYSTEMPATH\CodeIgniter.php(927): App\Controllers\databases->index()
 7 SYSTEMPATH\CodeIgniter.php(482): CodeIgniter\CodeIgniter->runController(Object(App\Controllers\databases))
 8 SYSTEMPATH\CodeIgniter.php(351): CodeIgniter\CodeIgniter->handleRequest(null, Object(Config\Cache), false)
 9 FCPATH\index.php(67): CodeIgniter\CodeIgniter->run()
CRITICAL - 2022-11-22 02:13:19 --> Undefined variable $id24
in APPPATH\Views\datatest.php on line 209.
 1 APPPATH\Views\datatest.php(209): CodeIgniter\Debug\Exceptions->errorHandler(2, 'Undefined variable $id24', 'APPPATH\\Views\\datatest.php', 209)
 2 SYSTEMPATH\View\View.php(213): include('APPPATH\\Views\\datatest.php')
 3 SYSTEMPATH\View\View.php(216): CodeIgniter\View\View->CodeIgniter\View\{closure}()
 4 SYSTEMPATH\Common.php(1134): CodeIgniter\View\View->render('datatest', [], true)
 5 APPPATH\Controllers\databases.php(60): view('datatest', [...])
 6 SYSTEMPATH\CodeIgniter.php(927): App\Controllers\databases->index()
 7 SYSTEMPATH\CodeIgniter.php(482): CodeIgniter\CodeIgniter->runController(Object(App\Controllers\databases))
 8 SYSTEMPATH\CodeIgniter.php(351): CodeIgniter\CodeIgniter->handleRequest(null, Object(Config\Cache), false)
 9 FCPATH\index.php(67): CodeIgniter\CodeIgniter->run()
CRITICAL - 2022-11-22 02:13:40 --> Undefined variable $id24
in APPPATH\Views\datatest.php on line 209.
 1 APPPATH\Views\datatest.php(209): CodeIgniter\Debug\Exceptions->errorHandler(2, 'Undefined variable $id24', 'APPPATH\\Views\\datatest.php', 209)
 2 SYSTEMPATH\View\View.php(213): include('APPPATH\\Views\\datatest.php')
 3 SYSTEMPATH\View\View.php(216): CodeIgniter\View\View->CodeIgniter\View\{closure}()
 4 SYSTEMPATH\Common.php(1134): CodeIgniter\View\View->render('datatest', [...], true)
 5 APPPATH\Controllers\databases.php(60): view('datatest', [...], [...])
 6 SYSTEMPATH\CodeIgniter.php(927): App\Controllers\databases->index()
 7 SYSTEMPATH\CodeIgniter.php(482): CodeIgniter\CodeIgniter->runController(Object(App\Controllers\databases))
 8 SYSTEMPATH\CodeIgniter.php(351): CodeIgniter\CodeIgniter->handleRequest(null, Object(Config\Cache), false)
 9 FCPATH\index.php(67): CodeIgniter\CodeIgniter->run()
CRITICAL - 2022-11-22 02:14:13 --> Undefined variable $id24
in APPPATH\Views\datatest.php on line 209.
 1 APPPATH\Views\datatest.php(209): CodeIgniter\Debug\Exceptions->errorHandler(2, 'Undefined variable $id24', 'APPPATH\\Views\\datatest.php', 209)
 2 SYSTEMPATH\View\View.php(213): include('APPPATH\\Views\\datatest.php')
 3 SYSTEMPATH\View\View.php(216): CodeIgniter\View\View->CodeIgniter\View\{closure}()
 4 SYSTEMPATH\Common.php(1134): CodeIgniter\View\View->render('datatest', [...], true)
 5 APPPATH\Controllers\databases.php(60): view('datatest', [...], [...])
 6 SYSTEMPATH\CodeIgniter.php(927): App\Controllers\databases->index()
 7 SYSTEMPATH\CodeIgniter.php(482): CodeIgniter\CodeIgniter->runController(Object(App\Controllers\databases))
 8 SYSTEMPATH\CodeIgniter.php(351): CodeIgniter\CodeIgniter->handleRequest(null, Object(Config\Cache), false)
 9 FCPATH\index.php(67): CodeIgniter\CodeIgniter->run()
CRITICAL - 2022-11-22 02:15:22 --> Undefined variable $id
in APPPATH\Views\datatest.php on line 83.
 1 APPPATH\Views\datatest.php(83): CodeIgniter\Debug\Exceptions->errorHandler(2, 'Undefined variable $id', 'APPPATH\\Views\\datatest.php', 83)
 2 SYSTEMPATH\View\View.php(213): include('APPPATH\\Views\\datatest.php')
 3 SYSTEMPATH\View\View.php(216): CodeIgniter\View\View->CodeIgniter\View\{closure}()
 4 SYSTEMPATH\Common.php(1134): CodeIgniter\View\View->render('datatest', [...], true)
 5 APPPATH\Controllers\databases.php(60): view('datatest', [...], [...])
 6 SYSTEMPATH\CodeIgniter.php(927): App\Controllers\databases->index()
 7 SYSTEMPATH\CodeIgniter.php(482): CodeIgniter\CodeIgniter->runController(Object(App\Controllers\databases))
 8 SYSTEMPATH\CodeIgniter.php(351): CodeIgniter\CodeIgniter->handleRequest(null, Object(Config\Cache), false)
 9 FCPATH\index.php(67): CodeIgniter\CodeIgniter->run()
CRITICAL - 2022-11-22 02:17:45 --> Undefined variable $id24
in APPPATH\Views\datatest.php on line 209.
 1 APPPATH\Views\datatest.php(209): CodeIgniter\Debug\Exceptions->errorHandler(2, 'Undefined variable $id24', 'APPPATH\\Views\\datatest.php', 209)
 2 SYSTEMPATH\View\View.php(213): include('APPPATH\\Views\\datatest.php')
 3 SYSTEMPATH\View\View.php(216): CodeIgniter\View\View->CodeIgniter\View\{closure}()
 4 SYSTEMPATH\Common.php(1134): CodeIgniter\View\View->render('datatest', [], true)
 5 APPPATH\Controllers\databases.php(51): view('datatest', [...])
 6 SYSTEMPATH\CodeIgniter.php(927): App\Controllers\databases->index()
 7 SYSTEMPATH\CodeIgniter.php(482): CodeIgniter\CodeIgniter->runController(Object(App\Controllers\databases))
 8 SYSTEMPATH\CodeIgniter.php(351): CodeIgniter\CodeIgniter->handleRequest(null, Object(Config\Cache), false)
 9 FCPATH\index.php(67): CodeIgniter\CodeIgniter->run()
CRITICAL - 2022-11-22 02:18:27 --> Undefined variable $id
in APPPATH\Views\datatest.php on line 83.
 1 APPPATH\Views\datatest.php(83): CodeIgniter\Debug\Exceptions->errorHandler(2, 'Undefined variable $id', 'APPPATH\\Views\\datatest.php', 83)
 2 SYSTEMPATH\View\View.php(213): include('APPPATH\\Views\\datatest.php')
 3 SYSTEMPATH\View\View.php(216): CodeIgniter\View\View->CodeIgniter\View\{closure}()
 4 SYSTEMPATH\Common.php(1134): CodeIgniter\View\View->render('datatest', [], true)
 5 APPPATH\Controllers\databases.php(96): view('datatest', [...])
 6 SYSTEMPATH\CodeIgniter.php(927): App\Controllers\databases->index1()
 7 SYSTEMPATH\CodeIgniter.php(482): CodeIgniter\CodeIgniter->runController(Object(App\Controllers\databases))
 8 SYSTEMPATH\CodeIgniter.php(351): CodeIgniter\CodeIgniter->handleRequest(null, Object(Config\Cache), false)
 9 FCPATH\index.php(67): CodeIgniter\CodeIgniter->run()
CRITICAL - 2022-11-22 02:19:22 --> CodeIgniter\Router\RouteCollection::get(): Argument #3 ($options) must be of type ?array, string given, called in C:\xampp\htdocs\ci4\app\Config\Routes.php on line 38
in SYSTEMPATH\Router\RouteCollection.php on line 884.
 1 APPPATH\Config\Routes.php(38): CodeIgniter\Router\RouteCollection->get('C:\\', 'databases::index', 'databases::index1')
 2 SYSTEMPATH\CodeIgniter.php(789): require('APPPATH\\Config\\Routes.php')
 3 SYSTEMPATH\CodeIgniter.php(430): CodeIgniter\CodeIgniter->tryToRouteIt(Object(CodeIgniter\Router\RouteCollection))
 4 SYSTEMPATH\CodeIgniter.php(351): CodeIgniter\CodeIgniter->handleRequest(null, Object(Config\Cache), false)
 5 FCPATH\index.php(67): CodeIgniter\CodeIgniter->run()
CRITICAL - 2022-11-22 02:19:52 --> Undefined variable $id24
in APPPATH\Views\datatest.php on line 209.
 1 APPPATH\Views\datatest.php(209): CodeIgniter\Debug\Exceptions->errorHandler(2, 'Undefined variable $id24', 'APPPATH\\Views\\datatest.php', 209)
 2 SYSTEMPATH\View\View.php(213): include('APPPATH\\Views\\datatest.php')
 3 SYSTEMPATH\View\View.php(216): CodeIgniter\View\View->CodeIgniter\View\{closure}()
 4 SYSTEMPATH\Common.php(1134): CodeIgniter\View\View->render('datatest', [], true)
 5 APPPATH\Controllers\databases.php(51): view('datatest', [...])
 6 SYSTEMPATH\CodeIgniter.php(927): App\Controllers\databases->index()
 7 SYSTEMPATH\CodeIgniter.php(482): CodeIgniter\CodeIgniter->runController(Object(App\Controllers\databases))
 8 SYSTEMPATH\CodeIgniter.php(351): CodeIgniter\CodeIgniter->handleRequest(null, Object(Config\Cache), false)
 9 FCPATH\index.php(67): CodeIgniter\CodeIgniter->run()
CRITICAL - 2022-11-22 02:20:10 --> Undefined variable $id
in APPPATH\Views\datatest.php on line 83.
 1 APPPATH\Views\datatest.php(83): CodeIgniter\Debug\Exceptions->errorHandler(2, 'Undefined variable $id', 'APPPATH\\Views\\datatest.php', 83)
 2 SYSTEMPATH\View\View.php(213): include('APPPATH\\Views\\datatest.php')
 3 SYSTEMPATH\View\View.php(216): CodeIgniter\View\View->CodeIgniter\View\{closure}()
 4 SYSTEMPATH\Common.php(1134): CodeIgniter\View\View->render('datatest', [...], true)
 5 APPPATH\Controllers\databases.php(60): view('datatest', [...], [...])
 6 SYSTEMPATH\CodeIgniter.php(927): App\Controllers\databases->index()
 7 SYSTEMPATH\CodeIgniter.php(482): CodeIgniter\CodeIgniter->runController(Object(App\Controllers\databases))
 8 SYSTEMPATH\CodeIgniter.php(351): CodeIgniter\CodeIgniter->handleRequest(null, Object(Config\Cache), false)
 9 FCPATH\index.php(67): CodeIgniter\CodeIgniter->run()
CRITICAL - 2022-11-22 02:21:31 --> Undefined variable $id24
in APPPATH\Views\datatest.php on line 209.
 1 APPPATH\Views\datatest.php(209): CodeIgniter\Debug\Exceptions->errorHandler(2, 'Undefined variable $id24', 'APPPATH\\Views\\datatest.php', 209)
 2 SYSTEMPATH\View\View.php(213): include('APPPATH\\Views\\datatest.php')
 3 SYSTEMPATH\View\View.php(216): CodeIgniter\View\View->CodeIgniter\View\{closure}()
 4 SYSTEMPATH\Common.php(1134): CodeIgniter\View\View->render('datatest', [], true)
 5 APPPATH\Controllers\databases.php(60): view('datatest', [...])
 6 SYSTEMPATH\CodeIgniter.php(927): App\Controllers\databases->index()
 7 SYSTEMPATH\CodeIgniter.php(482): CodeIgniter\CodeIgniter->runController(Object(App\Controllers\databases))
 8 SYSTEMPATH\CodeIgniter.php(351): CodeIgniter\CodeIgniter->handleRequest(null, Object(Config\Cache), false)
 9 FCPATH\index.php(67): CodeIgniter\CodeIgniter->run()
CRITICAL - 2022-11-22 02:21:42 --> Undefined variable $id24
in APPPATH\Views\datatest.php on line 209.
 1 APPPATH\Views\datatest.php(209): CodeIgniter\Debug\Exceptions->errorHandler(2, 'Undefined variable $id24', 'APPPATH\\Views\\datatest.php', 209)
 2 SYSTEMPATH\View\View.php(213): include('APPPATH\\Views\\datatest.php')
 3 SYSTEMPATH\View\View.php(216): CodeIgniter\View\View->CodeIgniter\View\{closure}()
 4 SYSTEMPATH\Common.php(1134): CodeIgniter\View\View->render('datatest', [...], true)
 5 APPPATH\Controllers\databases.php(60): view('datatest', [...], [...])
 6 SYSTEMPATH\CodeIgniter.php(927): App\Controllers\databases->index()
 7 SYSTEMPATH\CodeIgniter.php(482): CodeIgniter\CodeIgniter->runController(Object(App\Controllers\databases))
 8 SYSTEMPATH\CodeIgniter.php(351): CodeIgniter\CodeIgniter->handleRequest(null, Object(Config\Cache), false)
 9 FCPATH\index.php(67): CodeIgniter\CodeIgniter->run()
CRITICAL - 2022-11-22 02:21:49 --> Undefined variable $id24
in APPPATH\Views\datatest.php on line 209.
 1 APPPATH\Views\datatest.php(209): CodeIgniter\Debug\Exceptions->errorHandler(2, 'Undefined variable $id24', 'APPPATH\\Views\\datatest.php', 209)
 2 SYSTEMPATH\View\View.php(213): include('APPPATH\\Views\\datatest.php')
 3 SYSTEMPATH\View\View.php(216): CodeIgniter\View\View->CodeIgniter\View\{closure}()
 4 SYSTEMPATH\Common.php(1134): CodeIgniter\View\View->render('datatest', [...], true)
 5 APPPATH\Controllers\databases.php(60): view('datatest', [...], [...])
 6 SYSTEMPATH\CodeIgniter.php(927): App\Controllers\databases->index()
 7 SYSTEMPATH\CodeIgniter.php(482): CodeIgniter\CodeIgniter->runController(Object(App\Controllers\databases))
 8 SYSTEMPATH\CodeIgniter.php(351): CodeIgniter\CodeIgniter->handleRequest(null, Object(Config\Cache), false)
 9 FCPATH\index.php(67): CodeIgniter\CodeIgniter->run()
CRITICAL - 2022-11-22 02:54:06 --> Undefined variable $results24
in APPPATH\Controllers\databases.php on line 58.
 1 APPPATH\Controllers\databases.php(58): CodeIgniter\Debug\Exceptions->errorHandler(2, 'Undefined variable $results24', 'APPPATH\\Controllers\\databases.php', 58)
 2 SYSTEMPATH\CodeIgniter.php(927): App\Controllers\databases->index()
 3 SYSTEMPATH\CodeIgniter.php(482): CodeIgniter\CodeIgniter->runController(Object(App\Controllers\databases))
 4 SYSTEMPATH\CodeIgniter.php(351): CodeIgniter\CodeIgniter->handleRequest(null, Object(Config\Cache), false)
 5 FCPATH\index.php(67): CodeIgniter\CodeIgniter->run()
CRITICAL - 2022-11-22 02:56:57 --> Attempt to read property "da3" on array
in APPPATH\Views\datatest.php on line 219.
 1 APPPATH\Views\datatest.php(219): CodeIgniter\Debug\Exceptions->errorHandler(2, 'Attempt to read property "da3" on array', 'APPPATH\\Views\\datatest.php', 219)
 2 SYSTEMPATH\View\View.php(213): include('APPPATH\\Views\\datatest.php')
 3 SYSTEMPATH\View\View.php(216): CodeIgniter\View\View->CodeIgniter\View\{closure}()
 4 SYSTEMPATH\Common.php(1134): CodeIgniter\View\View->render('datatest', [], true)
 5 APPPATH\Controllers\databases.php(60): view('datatest', [...])
 6 SYSTEMPATH\CodeIgniter.php(927): App\Controllers\databases->index()
 7 SYSTEMPATH\CodeIgniter.php(482): CodeIgniter\CodeIgniter->runController(Object(App\Controllers\databases))
 8 SYSTEMPATH\CodeIgniter.php(351): CodeIgniter\CodeIgniter->handleRequest(null, Object(Config\Cache), false)
 9 FCPATH\index.php(67): CodeIgniter\CodeIgniter->run()
CRITICAL - 2022-11-22 02:57:05 --> Array to string conversion
in APPPATH\Views\datatest.php on line 219.
 1 APPPATH\Views\datatest.php(219): CodeIgniter\Debug\Exceptions->errorHandler(2, 'Array to string conversion', 'APPPATH\\Views\\datatest.php', 219)
 2 SYSTEMPATH\View\View.php(213): include('APPPATH\\Views\\datatest.php')
 3 SYSTEMPATH\View\View.php(216): CodeIgniter\View\View->CodeIgniter\View\{closure}()
 4 SYSTEMPATH\Common.php(1134): CodeIgniter\View\View->render('datatest', [], true)
 5 APPPATH\Controllers\databases.php(60): view('datatest', [...])
 6 SYSTEMPATH\CodeIgniter.php(927): App\Controllers\databases->index()
 7 SYSTEMPATH\CodeIgniter.php(482): CodeIgniter\CodeIgniter->runController(Object(App\Controllers\databases))
 8 SYSTEMPATH\CodeIgniter.php(351): CodeIgniter\CodeIgniter->handleRequest(null, Object(Config\Cache), false)
 9 FCPATH\index.php(67): CodeIgniter\CodeIgniter->run()
CRITICAL - 2022-11-22 02:58:42 --> Undefined variable $da3
in APPPATH\Views\datatest.php on line 215.
 1 APPPATH\Views\datatest.php(215): CodeIgniter\Debug\Exceptions->errorHandler(2, 'Undefined variable $da3', 'APPPATH\\Views\\datatest.php', 215)
 2 SYSTEMPATH\View\View.php(213): include('APPPATH\\Views\\datatest.php')
 3 SYSTEMPATH\View\View.php(216): CodeIgniter\View\View->CodeIgniter\View\{closure}()
 4 SYSTEMPATH\Common.php(1134): CodeIgniter\View\View->render('datatest', [], true)
 5 APPPATH\Controllers\databases.php(60): view('datatest', [...])
 6 SYSTEMPATH\CodeIgniter.php(927): App\Controllers\databases->index()
 7 SYSTEMPATH\CodeIgniter.php(482): CodeIgniter\CodeIgniter->runController(Object(App\Controllers\databases))
 8 SYSTEMPATH\CodeIgniter.php(351): CodeIgniter\CodeIgniter->handleRequest(null, Object(Config\Cache), false)
 9 FCPATH\index.php(67): CodeIgniter\CodeIgniter->run()
CRITICAL - 2022-11-22 03:00:00 --> syntax error, unexpected double-quote mark, expecting "-" or identifier or variable or number
in APPPATH\Views\datatest.php on line 220.
 1 SYSTEMPATH\View\View.php(216): CodeIgniter\View\View->CodeIgniter\View\{closure}()
 2 SYSTEMPATH\Common.php(1134): CodeIgniter\View\View->render('datatest', [], true)
 3 APPPATH\Controllers\databases.php(60): view('datatest', [...])
 4 SYSTEMPATH\CodeIgniter.php(927): App\Controllers\databases->index()
 5 SYSTEMPATH\CodeIgniter.php(482): CodeIgniter\CodeIgniter->runController(Object(App\Controllers\databases))
 6 SYSTEMPATH\CodeIgniter.php(351): CodeIgniter\CodeIgniter->handleRequest(null, Object(Config\Cache), false)
 7 FCPATH\index.php(67): CodeIgniter\CodeIgniter->run()
CRITICAL - 2022-11-22 03:03:33 --> Undefined variable $da3
in APPPATH\Views\datatest.php on line 57.
 1 APPPATH\Views\datatest.php(57): CodeIgniter\Debug\Exceptions->errorHandler(2, 'Undefined variable $da3', 'APPPATH\\Views\\datatest.php', 57)
 2 SYSTEMPATH\View\View.php(213): include('APPPATH\\Views\\datatest.php')
 3 SYSTEMPATH\View\View.php(216): CodeIgniter\View\View->CodeIgniter\View\{closure}()
 4 SYSTEMPATH\Common.php(1134): CodeIgniter\View\View->render('datatest', [], true)
 5 APPPATH\Controllers\databases.php(60): view('datatest', [...])
 6 SYSTEMPATH\CodeIgniter.php(927): App\Controllers\databases->index()
 7 SYSTEMPATH\CodeIgniter.php(482): CodeIgniter\CodeIgniter->runController(Object(App\Controllers\databases))
 8 SYSTEMPATH\CodeIgniter.php(351): CodeIgniter\CodeIgniter->handleRequest(null, Object(Config\Cache), false)
 9 FCPATH\index.php(67): CodeIgniter\CodeIgniter->run()
CRITICAL - 2022-11-22 03:15:13 --> syntax error, unexpected token "as"
in APPPATH\Views\datatest.php on line 55.
 1 SYSTEMPATH\View\View.php(216): CodeIgniter\View\View->CodeIgniter\View\{closure}()
 2 SYSTEMPATH\Common.php(1134): CodeIgniter\View\View->render('datatest', [], true)
 3 APPPATH\Controllers\databases.php(60): view('datatest', [...])
 4 SYSTEMPATH\CodeIgniter.php(927): App\Controllers\databases->index()
 5 SYSTEMPATH\CodeIgniter.php(482): CodeIgniter\CodeIgniter->runController(Object(App\Controllers\databases))
 6 SYSTEMPATH\CodeIgniter.php(351): CodeIgniter\CodeIgniter->handleRequest(null, Object(Config\Cache), false)
 7 FCPATH\index.php(67): CodeIgniter\CodeIgniter->run()
CRITICAL - 2022-11-22 03:16:53 --> Undefined variable $da1
in APPPATH\Views\datatest.php on line 366.
 1 APPPATH\Views\datatest.php(366): CodeIgniter\Debug\Exceptions->errorHandler(2, 'Undefined variable $da1', 'APPPATH\\Views\\datatest.php', 366)
 2 SYSTEMPATH\View\View.php(213): include('APPPATH\\Views\\datatest.php')
 3 SYSTEMPATH\View\View.php(216): CodeIgniter\View\View->CodeIgniter\View\{closure}()
 4 SYSTEMPATH\Common.php(1134): CodeIgniter\View\View->render('datatest', [], true)
 5 APPPATH\Controllers\databases.php(60): view('datatest', [...])
 6 SYSTEMPATH\CodeIgniter.php(927): App\Controllers\databases->index()
 7 SYSTEMPATH\CodeIgniter.php(482): CodeIgniter\CodeIgniter->runController(Object(App\Controllers\databases))
 8 SYSTEMPATH\CodeIgniter.php(351): CodeIgniter\CodeIgniter->handleRequest(null, Object(Config\Cache), false)
 9 FCPATH\index.php(67): CodeIgniter\CodeIgniter->run()
CRITICAL - 2022-11-22 03:19:02 --> syntax error, unexpected token "<", expecting end of file
in APPPATH\Views\datatest.php on line 67.
 1 SYSTEMPATH\View\View.php(216): CodeIgniter\View\View->CodeIgniter\View\{closure}()
 2 SYSTEMPATH\Common.php(1134): CodeIgniter\View\View->render('datatest', [], true)
 3 APPPATH\Controllers\databases.php(60): view('datatest', [...])
 4 SYSTEMPATH\CodeIgniter.php(927): App\Controllers\databases->index()
 5 SYSTEMPATH\CodeIgniter.php(482): CodeIgniter\CodeIgniter->runController(Object(App\Controllers\databases))
 6 SYSTEMPATH\CodeIgniter.php(351): CodeIgniter\CodeIgniter->handleRequest(null, Object(Config\Cache), false)
 7 FCPATH\index.php(67): CodeIgniter\CodeIgniter->run()
CRITICAL - 2022-11-22 03:20:36 --> Undefined variable $da3
in APPPATH\Views\datatest.php on line 72.
 1 APPPATH\Views\datatest.php(72): CodeIgniter\Debug\Exceptions->errorHandler(2, 'Undefined variable $da3', 'APPPATH\\Views\\datatest.php', 72)
 2 SYSTEMPATH\View\View.php(213): include('APPPATH\\Views\\datatest.php')
 3 SYSTEMPATH\View\View.php(216): CodeIgniter\View\View->CodeIgniter\View\{closure}()
 4 SYSTEMPATH\Common.php(1134): CodeIgniter\View\View->render('datatest', [], true)
 5 APPPATH\Controllers\databases.php(60): view('datatest', [...])
 6 SYSTEMPATH\CodeIgniter.php(927): App\Controllers\databases->index()
 7 SYSTEMPATH\CodeIgniter.php(482): CodeIgniter\CodeIgniter->runController(Object(App\Controllers\databases))
 8 SYSTEMPATH\CodeIgniter.php(351): CodeIgniter\CodeIgniter->handleRequest(null, Object(Config\Cache), false)
 9 FCPATH\index.php(67): CodeIgniter\CodeIgniter->run()
CRITICAL - 2022-11-22 03:32:48 --> syntax error, unexpected token "}", expecting "," or ";"
in APPPATH\Views\datatest.php on line 65.
 1 SYSTEMPATH\View\View.php(216): CodeIgniter\View\View->CodeIgniter\View\{closure}()
 2 SYSTEMPATH\Common.php(1134): CodeIgniter\View\View->render('datatest', [], true)
 3 APPPATH\Controllers\databases.php(60): view('datatest', [...])
 4 SYSTEMPATH\CodeIgniter.php(927): App\Controllers\databases->index()
 5 SYSTEMPATH\CodeIgniter.php(482): CodeIgniter\CodeIgniter->runController(Object(App\Controllers\databases))
 6 SYSTEMPATH\CodeIgniter.php(351): CodeIgniter\CodeIgniter->handleRequest(null, Object(Config\Cache), false)
 7 FCPATH\index.php(67): CodeIgniter\CodeIgniter->run()
CRITICAL - 2022-11-22 03:43:13 --> Undefined variable $instagram_link
in APPPATH\Views\datatest.php on line 243.
 1 APPPATH\Views\datatest.php(243): CodeIgniter\Debug\Exceptions->errorHandler(2, 'Undefined variable $instagram_link', 'APPPATH\\Views\\datatest.php', 243)
 2 SYSTEMPATH\View\View.php(213): include('APPPATH\\Views\\datatest.php')
 3 SYSTEMPATH\View\View.php(216): CodeIgniter\View\View->CodeIgniter\View\{closure}()
 4 SYSTEMPATH\Common.php(1134): CodeIgniter\View\View->render('datatest', [], true)
 5 APPPATH\Controllers\databases.php(60): view('datatest', [...])
 6 SYSTEMPATH\CodeIgniter.php(927): App\Controllers\databases->index()
 7 SYSTEMPATH\CodeIgniter.php(482): CodeIgniter\CodeIgniter->runController(Object(App\Controllers\databases))
 8 SYSTEMPATH\CodeIgniter.php(351): CodeIgniter\CodeIgniter->handleRequest(null, Object(Config\Cache), false)
 9 FCPATH\index.php(67): CodeIgniter\CodeIgniter->run()
CRITICAL - 2022-11-22 21:27:37 --> Division by zero
in APPPATH\Views\demo_view.php on line 117.
 1 SYSTEMPATH\View\View.php(213): include()
 2 SYSTEMPATH\View\View.php(216): CodeIgniter\View\View->CodeIgniter\View\{closure}()
 3 SYSTEMPATH\Common.php(1134): CodeIgniter\View\View->render('demo_view', [], true)
 4 APPPATH\Controllers\influencer_controller.php(59): view('demo_view', [...])
 5 SYSTEMPATH\CodeIgniter.php(927): App\Controllers\influencer_controller->index()
 6 SYSTEMPATH\CodeIgniter.php(482): CodeIgniter\CodeIgniter->runController(Object(App\Controllers\influencer_controller))
 7 SYSTEMPATH\CodeIgniter.php(351): CodeIgniter\CodeIgniter->handleRequest(null, Object(Config\Cache), false)
 8 FCPATH\index.php(67): CodeIgniter\CodeIgniter->run()
CRITICAL - 2022-11-22 22:25:24 --> Undefined variable $db
in APPPATH\Controllers\influencer_controller.php on line 46.
 1 APPPATH\Controllers\influencer_controller.php(46): CodeIgniter\Debug\Exceptions->errorHandler(2, 'Undefined variable $db', 'APPPATH\\Controllers\\influencer_controller.php', 46)
 2 SYSTEMPATH\CodeIgniter.php(927): App\Controllers\influencer_controller->index()
 3 SYSTEMPATH\CodeIgniter.php(482): CodeIgniter\CodeIgniter->runController(Object(App\Controllers\influencer_controller))
 4 SYSTEMPATH\CodeIgniter.php(351): CodeIgniter\CodeIgniter->handleRequest(null, Object(Config\Cache), false)
 5 FCPATH\index.php(67): CodeIgniter\CodeIgniter->run()
CRITICAL - 2022-11-22 22:25:48 --> Undefined array key "influencer_id"
in APPPATH\Views\demo_view.php on line 655.
 1 APPPATH\Views\demo_view.php(655): CodeIgniter\Debug\Exceptions->errorHandler(2, 'Undefined array key "influencer_id"', 'APPPATH\\Views\\demo_view.php', 655)
 2 SYSTEMPATH\View\View.php(213): include('APPPATH\\Views\\demo_view.php')
 3 SYSTEMPATH\View\View.php(216): CodeIgniter\View\View->CodeIgniter\View\{closure}()
 4 SYSTEMPATH\Common.php(1134): CodeIgniter\View\View->render('demo_view', [], true)
 5 APPPATH\Controllers\influencer_controller.php(67): view('demo_view', [...])
 6 SYSTEMPATH\CodeIgniter.php(927): App\Controllers\influencer_controller->index()
 7 SYSTEMPATH\CodeIgniter.php(482): CodeIgniter\CodeIgniter->runController(Object(App\Controllers\influencer_controller))
 8 SYSTEMPATH\CodeIgniter.php(351): CodeIgniter\CodeIgniter->handleRequest(null, Object(Config\Cache), false)
 9 FCPATH\index.php(67): CodeIgniter\CodeIgniter->run()
CRITICAL - 2022-11-22 22:26:55 --> Undefined array key "influencer_id"
in APPPATH\Views\demo_view.php on line 655.
 1 APPPATH\Views\demo_view.php(655): CodeIgniter\Debug\Exceptions->errorHandler(2, 'Undefined array key "influencer_id"', 'APPPATH\\Views\\demo_view.php', 655)
 2 SYSTEMPATH\View\View.php(213): include('APPPATH\\Views\\demo_view.php')
 3 SYSTEMPATH\View\View.php(216): CodeIgniter\View\View->CodeIgniter\View\{closure}()
 4 SYSTEMPATH\Common.php(1134): CodeIgniter\View\View->render('demo_view', [], true)
 5 APPPATH\Controllers\influencer_controller.php(67): view('demo_view', [...])
 6 SYSTEMPATH\CodeIgniter.php(927): App\Controllers\influencer_controller->index()
 7 SYSTEMPATH\CodeIgniter.php(482): CodeIgniter\CodeIgniter->runController(Object(App\Controllers\influencer_controller))
 8 SYSTEMPATH\CodeIgniter.php(351): CodeIgniter\CodeIgniter->handleRequest(null, Object(Config\Cache), false)
 9 FCPATH\index.php(67): CodeIgniter\CodeIgniter->run()
CRITICAL - 2022-11-22 22:32:55 --> Undefined variable $id
in APPPATH\Views\demo_view.php on line 653.
 1 APPPATH\Views\demo_view.php(653): CodeIgniter\Debug\Exceptions->errorHandler(2, 'Undefined variable $id', 'APPPATH\\Views\\demo_view.php', 653)
 2 SYSTEMPATH\View\View.php(213): include('APPPATH\\Views\\demo_view.php')
 3 SYSTEMPATH\View\View.php(216): CodeIgniter\View\View->CodeIgniter\View\{closure}()
 4 SYSTEMPATH\Common.php(1134): CodeIgniter\View\View->render('demo_view', [], true)
 5 APPPATH\Controllers\influencer_controller.php(67): view('demo_view', [...])
 6 SYSTEMPATH\CodeIgniter.php(927): App\Controllers\influencer_controller->index()
 7 SYSTEMPATH\CodeIgniter.php(482): CodeIgniter\CodeIgniter->runController(Object(App\Controllers\influencer_controller))
 8 SYSTEMPATH\CodeIgniter.php(351): CodeIgniter\CodeIgniter->handleRequest(null, Object(Config\Cache), false)
 9 FCPATH\index.php(67): CodeIgniter\CodeIgniter->run()
