CRITICAL - 2022-12-12 20:06:57 --> Undefined variable $link
in APPPATH\Libraries\link.php on line 121.
 1 APPPATH\Libraries\link.php(121): CodeIgniter\Debug\Exceptions->errorHandler(2, 'Undefined variable $link', 'APPPATH\\Libraries\\link.php', 121)
 2 APPPATH\Controllers\influencer_controller.php(37): App\Libraries\Link->link(null, null)
 3 SYSTEMPATH\CodeIgniter.php(927): App\Controllers\influencer_controller->index()
 4 SYSTEMPATH\CodeIgniter.php(482): CodeIgniter\CodeIgniter->runController(Object(App\Controllers\influencer_controller))
 5 SYSTEMPATH\CodeIgniter.php(351): CodeIgniter\CodeIgniter->handleRequest(null, Object(Config\Cache), false)
 6 FCPATH\index.php(67): CodeIgniter\CodeIgniter->run()
CRITICAL - 2022-12-12 20:07:17 --> Undefined variable $link
in APPPATH\Libraries\link.php on line 121.
 1 APPPATH\Libraries\link.php(121): CodeIgniter\Debug\Exceptions->errorHandler(2, 'Undefined variable $link', 'APPPATH\\Libraries\\link.php', 121)
 2 APPPATH\Controllers\influencer_controller.php(37): App\Libraries\Link->link(null, null)
 3 SYSTEMPATH\CodeIgniter.php(927): App\Controllers\influencer_controller->index()
 4 SYSTEMPATH\CodeIgniter.php(482): CodeIgniter\CodeIgniter->runController(Object(App\Controllers\influencer_controller))
 5 SYSTEMPATH\CodeIgniter.php(351): CodeIgniter\CodeIgniter->handleRequest(null, Object(Config\Cache), false)
 6 FCPATH\index.php(67): CodeIgniter\CodeIgniter->run()
CRITICAL - 2022-12-12 20:07:44 --> Undefined variable $link
in APPPATH\Libraries\link.php on line 121.
 1 APPPATH\Libraries\link.php(121): CodeIgniter\Debug\Exceptions->errorHandler(2, 'Undefined variable $link', 'APPPATH\\Libraries\\link.php', 121)
 2 APPPATH\Controllers\influencer_controller.php(37): App\Libraries\Link->link(null, null)
 3 SYSTEMPATH\CodeIgniter.php(927): App\Controllers\influencer_controller->index()
 4 SYSTEMPATH\CodeIgniter.php(482): CodeIgniter\CodeIgniter->runController(Object(App\Controllers\influencer_controller))
 5 SYSTEMPATH\CodeIgniter.php(351): CodeIgniter\CodeIgniter->handleRequest(null, Object(Config\Cache), false)
 6 FCPATH\index.php(67): CodeIgniter\CodeIgniter->run()
CRITICAL - 2022-12-12 20:08:02 --> Undefined variable $post
in APPPATH\Libraries\post.php on line 144.
 1 APPPATH\Libraries\post.php(144): CodeIgniter\Debug\Exceptions->errorHandler(2, 'Undefined variable $post', 'APPPATH\\Libraries\\post.php', 144)
 2 APPPATH\Controllers\influencer_controller.php(40): App\Libraries\post->postt(null, null)
 3 SYSTEMPATH\CodeIgniter.php(927): App\Controllers\influencer_controller->index()
 4 SYSTEMPATH\CodeIgniter.php(482): CodeIgniter\CodeIgniter->runController(Object(App\Controllers\influencer_controller))
 5 SYSTEMPATH\CodeIgniter.php(351): CodeIgniter\CodeIgniter->handleRequest(null, Object(Config\Cache), false)
 6 FCPATH\index.php(67): CodeIgniter\CodeIgniter->run()
CRITICAL - 2022-12-12 20:08:15 --> foreach() argument must be of type array|object, null given
in APPPATH\Views\view.php on line 72.
 1 APPPATH\Views\view.php(72): CodeIgniter\Debug\Exceptions->errorHandler(2, 'foreach() argument must be of type array|object, null given', 'APPPATH\\Views\\view.php', 72)
 2 SYSTEMPATH\View\View.php(213): include('APPPATH\\Views\\view.php')
 3 SYSTEMPATH\View\View.php(216): CodeIgniter\View\View->CodeIgniter\View\{closure}()
 4 SYSTEMPATH\Common.php(1134): CodeIgniter\View\View->render('view', [], true)
 5 APPPATH\Controllers\influencer_controller.php(78): view('view', [...])
 6 SYSTEMPATH\CodeIgniter.php(927): App\Controllers\influencer_controller->index()
 7 SYSTEMPATH\CodeIgniter.php(482): CodeIgniter\CodeIgniter->runController(Object(App\Controllers\influencer_controller))
 8 SYSTEMPATH\CodeIgniter.php(351): CodeIgniter\CodeIgniter->handleRequest(null, Object(Config\Cache), false)
 9 FCPATH\index.php(67): CodeIgniter\CodeIgniter->run()
CRITICAL - 2022-12-12 20:08:36 --> foreach() argument must be of type array|object, null given
in APPPATH\Views\view.php on line 72.
 1 APPPATH\Views\view.php(72): CodeIgniter\Debug\Exceptions->errorHandler(2, 'foreach() argument must be of type array|object, null given', 'APPPATH\\Views\\view.php', 72)
 2 SYSTEMPATH\View\View.php(213): include('APPPATH\\Views\\view.php')
 3 SYSTEMPATH\View\View.php(216): CodeIgniter\View\View->CodeIgniter\View\{closure}()
 4 SYSTEMPATH\Common.php(1134): CodeIgniter\View\View->render('view', [], true)
 5 APPPATH\Controllers\influencer_controller.php(78): view('view', [...])
 6 SYSTEMPATH\CodeIgniter.php(927): App\Controllers\influencer_controller->index()
 7 SYSTEMPATH\CodeIgniter.php(482): CodeIgniter\CodeIgniter->runController(Object(App\Controllers\influencer_controller))
 8 SYSTEMPATH\CodeIgniter.php(351): CodeIgniter\CodeIgniter->handleRequest(null, Object(Config\Cache), false)
 9 FCPATH\index.php(67): CodeIgniter\CodeIgniter->run()
CRITICAL - 2022-12-12 20:09:11 --> foreach() argument must be of type array|object, null given
in APPPATH\Views\view.php on line 72.
 1 APPPATH\Views\view.php(72): CodeIgniter\Debug\Exceptions->errorHandler(2, 'foreach() argument must be of type array|object, null given', 'APPPATH\\Views\\view.php', 72)
 2 SYSTEMPATH\View\View.php(213): include('APPPATH\\Views\\view.php')
 3 SYSTEMPATH\View\View.php(216): CodeIgniter\View\View->CodeIgniter\View\{closure}()
 4 SYSTEMPATH\Common.php(1134): CodeIgniter\View\View->render('view', [], true)
 5 APPPATH\Controllers\influencer_controller.php(78): view('view', [...])
 6 SYSTEMPATH\CodeIgniter.php(927): App\Controllers\influencer_controller->index()
 7 SYSTEMPATH\CodeIgniter.php(482): CodeIgniter\CodeIgniter->runController(Object(App\Controllers\influencer_controller))
 8 SYSTEMPATH\CodeIgniter.php(351): CodeIgniter\CodeIgniter->handleRequest(null, Object(Config\Cache), false)
 9 FCPATH\index.php(67): CodeIgniter\CodeIgniter->run()
CRITICAL - 2022-12-12 20:09:55 --> foreach() argument must be of type array|object, null given
in APPPATH\Views\view.php on line 72.
 1 APPPATH\Views\view.php(72): CodeIgniter\Debug\Exceptions->errorHandler(2, 'foreach() argument must be of type array|object, null given', 'APPPATH\\Views\\view.php', 72)
 2 SYSTEMPATH\View\View.php(213): include('APPPATH\\Views\\view.php')
 3 SYSTEMPATH\View\View.php(216): CodeIgniter\View\View->CodeIgniter\View\{closure}()
 4 SYSTEMPATH\Common.php(1134): CodeIgniter\View\View->render('view', [], true)
 5 APPPATH\Controllers\influencer_controller.php(78): view('view', [...])
 6 SYSTEMPATH\CodeIgniter.php(927): App\Controllers\influencer_controller->index()
 7 SYSTEMPATH\CodeIgniter.php(482): CodeIgniter\CodeIgniter->runController(Object(App\Controllers\influencer_controller))
 8 SYSTEMPATH\CodeIgniter.php(351): CodeIgniter\CodeIgniter->handleRequest(null, Object(Config\Cache), false)
 9 FCPATH\index.php(67): CodeIgniter\CodeIgniter->run()
CRITICAL - 2022-12-12 20:10:04 --> foreach() argument must be of type array|object, null given
in APPPATH\Views\view.php on line 72.
 1 APPPATH\Views\view.php(72): CodeIgniter\Debug\Exceptions->errorHandler(2, 'foreach() argument must be of type array|object, null given', 'APPPATH\\Views\\view.php', 72)
 2 SYSTEMPATH\View\View.php(213): include('APPPATH\\Views\\view.php')
 3 SYSTEMPATH\View\View.php(216): CodeIgniter\View\View->CodeIgniter\View\{closure}()
 4 SYSTEMPATH\Common.php(1134): CodeIgniter\View\View->render('view', [], true)
 5 APPPATH\Controllers\influencer_controller.php(78): view('view', [...])
 6 SYSTEMPATH\CodeIgniter.php(927): App\Controllers\influencer_controller->index()
 7 SYSTEMPATH\CodeIgniter.php(482): CodeIgniter\CodeIgniter->runController(Object(App\Controllers\influencer_controller))
 8 SYSTEMPATH\CodeIgniter.php(351): CodeIgniter\CodeIgniter->handleRequest(null, Object(Config\Cache), false)
 9 FCPATH\index.php(67): CodeIgniter\CodeIgniter->run()
CRITICAL - 2022-12-12 20:11:11 --> foreach() argument must be of type array|object, null given
in APPPATH\Views\view.php on line 72.
 1 APPPATH\Views\view.php(72): CodeIgniter\Debug\Exceptions->errorHandler(2, 'foreach() argument must be of type array|object, null given', 'APPPATH\\Views\\view.php', 72)
 2 SYSTEMPATH\View\View.php(213): include('APPPATH\\Views\\view.php')
 3 SYSTEMPATH\View\View.php(216): CodeIgniter\View\View->CodeIgniter\View\{closure}()
 4 SYSTEMPATH\Common.php(1134): CodeIgniter\View\View->render('view', [], true)
 5 APPPATH\Controllers\influencer_controller.php(78): view('view', [...])
 6 SYSTEMPATH\CodeIgniter.php(927): App\Controllers\influencer_controller->index()
 7 SYSTEMPATH\CodeIgniter.php(482): CodeIgniter\CodeIgniter->runController(Object(App\Controllers\influencer_controller))
 8 SYSTEMPATH\CodeIgniter.php(351): CodeIgniter\CodeIgniter->handleRequest(null, Object(Config\Cache), false)
 9 FCPATH\index.php(67): CodeIgniter\CodeIgniter->run()
CRITICAL - 2022-12-12 20:12:05 --> foreach() argument must be of type array|object, null given
in APPPATH\Views\view.php on line 72.
 1 APPPATH\Views\view.php(72): CodeIgniter\Debug\Exceptions->errorHandler(2, 'foreach() argument must be of type array|object, null given', 'APPPATH\\Views\\view.php', 72)
 2 SYSTEMPATH\View\View.php(213): include('APPPATH\\Views\\view.php')
 3 SYSTEMPATH\View\View.php(216): CodeIgniter\View\View->CodeIgniter\View\{closure}()
 4 SYSTEMPATH\Common.php(1134): CodeIgniter\View\View->render('view', [], true)
 5 APPPATH\Controllers\influencer_controller.php(78): view('view', [...])
 6 SYSTEMPATH\CodeIgniter.php(927): App\Controllers\influencer_controller->index()
 7 SYSTEMPATH\CodeIgniter.php(482): CodeIgniter\CodeIgniter->runController(Object(App\Controllers\influencer_controller))
 8 SYSTEMPATH\CodeIgniter.php(351): CodeIgniter\CodeIgniter->handleRequest(null, Object(Config\Cache), false)
 9 FCPATH\index.php(67): CodeIgniter\CodeIgniter->run()
CRITICAL - 2022-12-12 20:15:13 --> syntax error, unexpected token "foreach"
in APPPATH\Views\view.php on line 72.
 1 SYSTEMPATH\View\View.php(216): CodeIgniter\View\View->CodeIgniter\View\{closure}()
 2 SYSTEMPATH\Common.php(1134): CodeIgniter\View\View->render('view', [], true)
 3 APPPATH\Controllers\influencer_controller.php(78): view('view', [...])
 4 SYSTEMPATH\CodeIgniter.php(927): App\Controllers\influencer_controller->index()
 5 SYSTEMPATH\CodeIgniter.php(482): CodeIgniter\CodeIgniter->runController(Object(App\Controllers\influencer_controller))
 6 SYSTEMPATH\CodeIgniter.php(351): CodeIgniter\CodeIgniter->handleRequest(null, Object(Config\Cache), false)
 7 FCPATH\index.php(67): CodeIgniter\CodeIgniter->run()
CRITICAL - 2022-12-12 20:15:24 --> foreach() argument must be of type array|object, null given
in APPPATH\Views\view.php on line 72.
 1 APPPATH\Views\view.php(72): CodeIgniter\Debug\Exceptions->errorHandler(2, 'foreach() argument must be of type array|object, null given', 'APPPATH\\Views\\view.php', 72)
 2 SYSTEMPATH\View\View.php(213): include('APPPATH\\Views\\view.php')
 3 SYSTEMPATH\View\View.php(216): CodeIgniter\View\View->CodeIgniter\View\{closure}()
 4 SYSTEMPATH\Common.php(1134): CodeIgniter\View\View->render('view', [], true)
 5 APPPATH\Controllers\influencer_controller.php(78): view('view', [...])
 6 SYSTEMPATH\CodeIgniter.php(927): App\Controllers\influencer_controller->index()
 7 SYSTEMPATH\CodeIgniter.php(482): CodeIgniter\CodeIgniter->runController(Object(App\Controllers\influencer_controller))
 8 SYSTEMPATH\CodeIgniter.php(351): CodeIgniter\CodeIgniter->handleRequest(null, Object(Config\Cache), false)
 9 FCPATH\index.php(67): CodeIgniter\CodeIgniter->run()
CRITICAL - 2022-12-12 20:17:48 --> syntax error, unexpected token "}", expecting "," or ";"
in APPPATH\Views\view.php on line 131.
 1 SYSTEMPATH\View\View.php(216): CodeIgniter\View\View->CodeIgniter\View\{closure}()
 2 SYSTEMPATH\Common.php(1134): CodeIgniter\View\View->render('view', [], true)
 3 APPPATH\Controllers\influencer_controller.php(78): view('view', [...])
 4 SYSTEMPATH\CodeIgniter.php(927): App\Controllers\influencer_controller->index()
 5 SYSTEMPATH\CodeIgniter.php(482): CodeIgniter\CodeIgniter->runController(Object(App\Controllers\influencer_controller))
 6 SYSTEMPATH\CodeIgniter.php(351): CodeIgniter\CodeIgniter->handleRequest(null, Object(Config\Cache), false)
 7 FCPATH\index.php(67): CodeIgniter\CodeIgniter->run()
CRITICAL - 2022-12-12 20:32:58 --> Undefined variable $engage_average_63
in APPPATH\Views\view.php on line 113.
 1 APPPATH\Views\view.php(113): CodeIgniter\Debug\Exceptions->errorHandler(2, 'Undefined variable $engage_average_63', 'APPPATH\\Views\\view.php', 113)
 2 SYSTEMPATH\View\View.php(213): include('APPPATH\\Views\\view.php')
 3 SYSTEMPATH\View\View.php(216): CodeIgniter\View\View->CodeIgniter\View\{closure}()
 4 SYSTEMPATH\Common.php(1134): CodeIgniter\View\View->render('view', [], true)
 5 APPPATH\Controllers\influencer_controller.php(78): view('view', [...])
 6 SYSTEMPATH\CodeIgniter.php(927): App\Controllers\influencer_controller->index()
 7 SYSTEMPATH\CodeIgniter.php(482): CodeIgniter\CodeIgniter->runController(Object(App\Controllers\influencer_controller))
 8 SYSTEMPATH\CodeIgniter.php(351): CodeIgniter\CodeIgniter->handleRequest(null, Object(Config\Cache), false)
 9 FCPATH\index.php(67): CodeIgniter\CodeIgniter->run()
CRITICAL - 2022-12-12 20:33:29 --> Undefined variable $engage_average_63
in APPPATH\Views\view.php on line 113.
 1 APPPATH\Views\view.php(113): CodeIgniter\Debug\Exceptions->errorHandler(2, 'Undefined variable $engage_average_63', 'APPPATH\\Views\\view.php', 113)
 2 SYSTEMPATH\View\View.php(213): include('APPPATH\\Views\\view.php')
 3 SYSTEMPATH\View\View.php(216): CodeIgniter\View\View->CodeIgniter\View\{closure}()
 4 SYSTEMPATH\Common.php(1134): CodeIgniter\View\View->render('view', [], true)
 5 APPPATH\Controllers\influencer_controller.php(78): view('view', [...])
 6 SYSTEMPATH\CodeIgniter.php(927): App\Controllers\influencer_controller->index()
 7 SYSTEMPATH\CodeIgniter.php(482): CodeIgniter\CodeIgniter->runController(Object(App\Controllers\influencer_controller))
 8 SYSTEMPATH\CodeIgniter.php(351): CodeIgniter\CodeIgniter->handleRequest(null, Object(Config\Cache), false)
 9 FCPATH\index.php(67): CodeIgniter\CodeIgniter->run()
CRITICAL - 2022-12-12 20:33:48 --> Undefined variable $engage_average_63
in APPPATH\Views\view.php on line 113.
 1 APPPATH\Views\view.php(113): CodeIgniter\Debug\Exceptions->errorHandler(2, 'Undefined variable $engage_average_63', 'APPPATH\\Views\\view.php', 113)
 2 SYSTEMPATH\View\View.php(213): include('APPPATH\\Views\\view.php')
 3 SYSTEMPATH\View\View.php(216): CodeIgniter\View\View->CodeIgniter\View\{closure}()
 4 SYSTEMPATH\Common.php(1134): CodeIgniter\View\View->render('view', [], true)
 5 APPPATH\Controllers\influencer_controller.php(78): view('view', [...])
 6 SYSTEMPATH\CodeIgniter.php(927): App\Controllers\influencer_controller->index()
 7 SYSTEMPATH\CodeIgniter.php(482): CodeIgniter\CodeIgniter->runController(Object(App\Controllers\influencer_controller))
 8 SYSTEMPATH\CodeIgniter.php(351): CodeIgniter\CodeIgniter->handleRequest(null, Object(Config\Cache), false)
 9 FCPATH\index.php(67): CodeIgniter\CodeIgniter->run()
CRITICAL - 2022-12-12 20:34:01 --> Undefined variable $follower_63
in APPPATH\Views\view.php on line 113.
 1 APPPATH\Views\view.php(113): CodeIgniter\Debug\Exceptions->errorHandler(2, 'Undefined variable $follower_63', 'APPPATH\\Views\\view.php', 113)
 2 SYSTEMPATH\View\View.php(213): include('APPPATH\\Views\\view.php')
 3 SYSTEMPATH\View\View.php(216): CodeIgniter\View\View->CodeIgniter\View\{closure}()
 4 SYSTEMPATH\Common.php(1134): CodeIgniter\View\View->render('view', [], true)
 5 APPPATH\Controllers\influencer_controller.php(78): view('view', [...])
 6 SYSTEMPATH\CodeIgniter.php(927): App\Controllers\influencer_controller->index()
 7 SYSTEMPATH\CodeIgniter.php(482): CodeIgniter\CodeIgniter->runController(Object(App\Controllers\influencer_controller))
 8 SYSTEMPATH\CodeIgniter.php(351): CodeIgniter\CodeIgniter->handleRequest(null, Object(Config\Cache), false)
 9 FCPATH\index.php(67): CodeIgniter\CodeIgniter->run()
CRITICAL - 2022-12-12 20:34:22 --> Undefined variable $follower_63
in APPPATH\Views\view.php on line 113.
 1 APPPATH\Views\view.php(113): CodeIgniter\Debug\Exceptions->errorHandler(2, 'Undefined variable $follower_63', 'APPPATH\\Views\\view.php', 113)
 2 SYSTEMPATH\View\View.php(213): include('APPPATH\\Views\\view.php')
 3 SYSTEMPATH\View\View.php(216): CodeIgniter\View\View->CodeIgniter\View\{closure}()
 4 SYSTEMPATH\Common.php(1134): CodeIgniter\View\View->render('view', [], true)
 5 APPPATH\Controllers\influencer_controller.php(78): view('view', [...])
 6 SYSTEMPATH\CodeIgniter.php(927): App\Controllers\influencer_controller->index()
 7 SYSTEMPATH\CodeIgniter.php(482): CodeIgniter\CodeIgniter->runController(Object(App\Controllers\influencer_controller))
 8 SYSTEMPATH\CodeIgniter.php(351): CodeIgniter\CodeIgniter->handleRequest(null, Object(Config\Cache), false)
 9 FCPATH\index.php(67): CodeIgniter\CodeIgniter->run()
CRITICAL - 2022-12-12 20:34:54 --> Division by zero
in APPPATH\Views\view.php on line 113.
 1 SYSTEMPATH\View\View.php(213): include()
 2 SYSTEMPATH\View\View.php(216): CodeIgniter\View\View->CodeIgniter\View\{closure}()
 3 SYSTEMPATH\Common.php(1134): CodeIgniter\View\View->render('view', [], true)
 4 APPPATH\Controllers\influencer_controller.php(78): view('view', [...])
 5 SYSTEMPATH\CodeIgniter.php(927): App\Controllers\influencer_controller->index()
 6 SYSTEMPATH\CodeIgniter.php(482): CodeIgniter\CodeIgniter->runController(Object(App\Controllers\influencer_controller))
 7 SYSTEMPATH\CodeIgniter.php(351): CodeIgniter\CodeIgniter->handleRequest(null, Object(Config\Cache), false)
 8 FCPATH\index.php(67): CodeIgniter\CodeIgniter->run()
CRITICAL - 2022-12-12 20:39:30 --> Undefined array key "total_sum"
in APPPATH\Views\view.php on line 113.
 1 APPPATH\Views\view.php(113): CodeIgniter\Debug\Exceptions->errorHandler(2, 'Undefined array key "total_sum"', 'APPPATH\\Views\\view.php', 113)
 2 SYSTEMPATH\View\View.php(213): include('APPPATH\\Views\\view.php')
 3 SYSTEMPATH\View\View.php(216): CodeIgniter\View\View->CodeIgniter\View\{closure}()
 4 SYSTEMPATH\Common.php(1134): CodeIgniter\View\View->render('view', [], true)
 5 APPPATH\Controllers\influencer_controller.php(78): view('view', [...])
 6 SYSTEMPATH\CodeIgniter.php(927): App\Controllers\influencer_controller->index()
 7 SYSTEMPATH\CodeIgniter.php(482): CodeIgniter\CodeIgniter->runController(Object(App\Controllers\influencer_controller))
 8 SYSTEMPATH\CodeIgniter.php(351): CodeIgniter\CodeIgniter->handleRequest(null, Object(Config\Cache), false)
 9 FCPATH\index.php(67): CodeIgniter\CodeIgniter->run()
CRITICAL - 2022-12-12 20:39:51 --> number_format(): Argument #1 ($num) must be of type float, array given
in APPPATH\Views\view.php on line 113.
 1 APPPATH\Views\view.php(113): number_format([...])
 2 SYSTEMPATH\View\View.php(213): include('APPPATH\\Views\\view.php')
 3 SYSTEMPATH\View\View.php(216): CodeIgniter\View\View->CodeIgniter\View\{closure}()
 4 SYSTEMPATH\Common.php(1134): CodeIgniter\View\View->render('view', [], true)
 5 APPPATH\Controllers\influencer_controller.php(78): view('view', [...])
 6 SYSTEMPATH\CodeIgniter.php(927): App\Controllers\influencer_controller->index()
 7 SYSTEMPATH\CodeIgniter.php(482): CodeIgniter\CodeIgniter->runController(Object(App\Controllers\influencer_controller))
 8 SYSTEMPATH\CodeIgniter.php(351): CodeIgniter\CodeIgniter->handleRequest(null, Object(Config\Cache), false)
 9 FCPATH\index.php(67): CodeIgniter\CodeIgniter->run()
CRITICAL - 2022-12-12 20:40:18 --> Array to string conversion
in APPPATH\Views\view.php on line 113.
 1 APPPATH\Views\view.php(113): CodeIgniter\Debug\Exceptions->errorHandler(2, 'Array to string conversion', 'APPPATH\\Views\\view.php', 113)
 2 SYSTEMPATH\View\View.php(213): include('APPPATH\\Views\\view.php')
 3 SYSTEMPATH\View\View.php(216): CodeIgniter\View\View->CodeIgniter\View\{closure}()
 4 SYSTEMPATH\Common.php(1134): CodeIgniter\View\View->render('view', [], true)
 5 APPPATH\Controllers\influencer_controller.php(78): view('view', [...])
 6 SYSTEMPATH\CodeIgniter.php(927): App\Controllers\influencer_controller->index()
 7 SYSTEMPATH\CodeIgniter.php(482): CodeIgniter\CodeIgniter->runController(Object(App\Controllers\influencer_controller))
 8 SYSTEMPATH\CodeIgniter.php(351): CodeIgniter\CodeIgniter->handleRequest(null, Object(Config\Cache), false)
 9 FCPATH\index.php(67): CodeIgniter\CodeIgniter->run()
CRITICAL - 2022-12-12 20:46:39 --> Undefined variable $follower_63
in APPPATH\Libraries\tiktok_calculate.php on line 89.
 1 APPPATH\Libraries\tiktok_calculate.php(89): CodeIgniter\Debug\Exceptions->errorHandler(2, 'Undefined variable $follower_63', 'APPPATH\\Libraries\\tiktok_calculate.php', 89)
 2 APPPATH\Controllers\influencer_controller.php(57): App\Libraries\Tiktok_Calculate->Tiktok_Engage('11081', 'tiktok')
 3 SYSTEMPATH\CodeIgniter.php(927): App\Controllers\influencer_controller->index()
 4 SYSTEMPATH\CodeIgniter.php(482): CodeIgniter\CodeIgniter->runController(Object(App\Controllers\influencer_controller))
 5 SYSTEMPATH\CodeIgniter.php(351): CodeIgniter\CodeIgniter->handleRequest(null, Object(Config\Cache), false)
 6 FCPATH\index.php(67): CodeIgniter\CodeIgniter->run()
CRITICAL - 2022-12-12 20:47:34 --> Undefined variable $rawdata_63
in APPPATH\Libraries\tiktok_calculate.php on line 91.
 1 APPPATH\Libraries\tiktok_calculate.php(91): CodeIgniter\Debug\Exceptions->errorHandler(2, 'Undefined variable $rawdata_63', 'APPPATH\\Libraries\\tiktok_calculate.php', 91)
 2 APPPATH\Controllers\influencer_controller.php(57): App\Libraries\Tiktok_Calculate->Tiktok_Engage('11081', 'tiktok')
 3 SYSTEMPATH\CodeIgniter.php(927): App\Controllers\influencer_controller->index()
 4 SYSTEMPATH\CodeIgniter.php(482): CodeIgniter\CodeIgniter->runController(Object(App\Controllers\influencer_controller))
 5 SYSTEMPATH\CodeIgniter.php(351): CodeIgniter\CodeIgniter->handleRequest(null, Object(Config\Cache), false)
 6 FCPATH\index.php(67): CodeIgniter\CodeIgniter->run()
CRITICAL - 2022-12-12 20:51:54 --> Undefined constant "CodeIgniter\Debug\VENDORPATH"
in SYSTEMPATH\Debug\Exceptions.php on line 177.
 1 SYSTEMPATH\Debug\Exceptions.php(157): CodeIgniter\Debug\Exceptions->isFakerDeprecationError(8192, 'number_format(): Passing null to parameter #1 ($num) of type float is deprecated', 'APPPATH\\Views\\view.php', 115)
 2 [internal function]: CodeIgniter\Debug\Exceptions->errorHandler(8192, 'number_format(): Passing null to parameter #1 ($num) of type float is deprecated', 'APPPATH\\Views\\view.php', 115)
 3 APPPATH\Views\view.php(115): number_format(null, 2)
 4 SYSTEMPATH\View\View.php(213): include('APPPATH\\Views\\view.php')
 5 SYSTEMPATH\View\View.php(216): CodeIgniter\View\View->CodeIgniter\View\{closure}()
 6 SYSTEMPATH\Common.php(1134): CodeIgniter\View\View->render('view', [], true)
 7 APPPATH\Controllers\influencer_controller.php(78): view('view', [...])
 8 SYSTEMPATH\CodeIgniter.php(927): App\Controllers\influencer_controller->index()
 9 SYSTEMPATH\CodeIgniter.php(482): CodeIgniter\CodeIgniter->runController(Object(App\Controllers\influencer_controller))
10 SYSTEMPATH\CodeIgniter.php(351): CodeIgniter\CodeIgniter->handleRequest(null, Object(Config\Cache), false)
11 FCPATH\index.php(67): CodeIgniter\CodeIgniter->run()
CRITICAL - 2022-12-12 20:52:56 --> Undefined array key "engage_rate_63"
in APPPATH\Views\view.php on line 115.
 1 APPPATH\Views\view.php(115): CodeIgniter\Debug\Exceptions->errorHandler(2, 'Undefined array key "engage_rate_63"', 'APPPATH\\Views\\view.php', 115)
 2 SYSTEMPATH\View\View.php(213): include('APPPATH\\Views\\view.php')
 3 SYSTEMPATH\View\View.php(216): CodeIgniter\View\View->CodeIgniter\View\{closure}()
 4 SYSTEMPATH\Common.php(1134): CodeIgniter\View\View->render('view', [], true)
 5 APPPATH\Controllers\influencer_controller.php(78): view('view', [...])
 6 SYSTEMPATH\CodeIgniter.php(927): App\Controllers\influencer_controller->index()
 7 SYSTEMPATH\CodeIgniter.php(482): CodeIgniter\CodeIgniter->runController(Object(App\Controllers\influencer_controller))
 8 SYSTEMPATH\CodeIgniter.php(351): CodeIgniter\CodeIgniter->handleRequest(null, Object(Config\Cache), false)
 9 FCPATH\index.php(67): CodeIgniter\CodeIgniter->run()
CRITICAL - 2022-12-12 21:06:00 --> Undefined array key "engage_rate_63"
in APPPATH\Views\view.php on line 115.
 1 APPPATH\Views\view.php(115): CodeIgniter\Debug\Exceptions->errorHandler(2, 'Undefined array key "engage_rate_63"', 'APPPATH\\Views\\view.php', 115)
 2 SYSTEMPATH\View\View.php(213): include('APPPATH\\Views\\view.php')
 3 SYSTEMPATH\View\View.php(216): CodeIgniter\View\View->CodeIgniter\View\{closure}()
 4 SYSTEMPATH\Common.php(1134): CodeIgniter\View\View->render('view', [], true)
 5 APPPATH\Controllers\influencer_controller.php(78): view('view', [...])
 6 SYSTEMPATH\CodeIgniter.php(927): App\Controllers\influencer_controller->index()
 7 SYSTEMPATH\CodeIgniter.php(482): CodeIgniter\CodeIgniter->runController(Object(App\Controllers\influencer_controller))
 8 SYSTEMPATH\CodeIgniter.php(351): CodeIgniter\CodeIgniter->handleRequest(null, Object(Config\Cache), false)
 9 FCPATH\index.php(67): CodeIgniter\CodeIgniter->run()
CRITICAL - 2022-12-12 21:06:14 --> Undefined array key "engage_rate_63"
in APPPATH\Views\view.php on line 115.
 1 APPPATH\Views\view.php(115): CodeIgniter\Debug\Exceptions->errorHandler(2, 'Undefined array key "engage_rate_63"', 'APPPATH\\Views\\view.php', 115)
 2 SYSTEMPATH\View\View.php(213): include('APPPATH\\Views\\view.php')
 3 SYSTEMPATH\View\View.php(216): CodeIgniter\View\View->CodeIgniter\View\{closure}()
 4 SYSTEMPATH\Common.php(1134): CodeIgniter\View\View->render('view', [], true)
 5 APPPATH\Controllers\influencer_controller.php(78): view('view', [...])
 6 SYSTEMPATH\CodeIgniter.php(927): App\Controllers\influencer_controller->index()
 7 SYSTEMPATH\CodeIgniter.php(482): CodeIgniter\CodeIgniter->runController(Object(App\Controllers\influencer_controller))
 8 SYSTEMPATH\CodeIgniter.php(351): CodeIgniter\CodeIgniter->handleRequest(null, Object(Config\Cache), false)
 9 FCPATH\index.php(67): CodeIgniter\CodeIgniter->run()
CRITICAL - 2022-12-12 21:11:23 --> Undefined variable $post_total
in APPPATH\Views\view.php on line 50.
 1 APPPATH\Views\view.php(50): CodeIgniter\Debug\Exceptions->errorHandler(2, 'Undefined variable $post_total', 'APPPATH\\Views\\view.php', 50)
 2 SYSTEMPATH\View\View.php(213): include('APPPATH\\Views\\view.php')
 3 SYSTEMPATH\View\View.php(216): CodeIgniter\View\View->CodeIgniter\View\{closure}()
 4 SYSTEMPATH\Common.php(1134): CodeIgniter\View\View->render('view', [], true)
 5 APPPATH\Controllers\influencer_controller.php(78): view('view', [...])
 6 SYSTEMPATH\CodeIgniter.php(927): App\Controllers\influencer_controller->index()
 7 SYSTEMPATH\CodeIgniter.php(482): CodeIgniter\CodeIgniter->runController(Object(App\Controllers\influencer_controller))
 8 SYSTEMPATH\CodeIgniter.php(351): CodeIgniter\CodeIgniter->handleRequest(null, Object(Config\Cache), false)
 9 FCPATH\index.php(67): CodeIgniter\CodeIgniter->run()
CRITICAL - 2022-12-12 21:11:43 --> Undefined variable $post_total
in APPPATH\Views\view.php on line 50.
 1 APPPATH\Views\view.php(50): CodeIgniter\Debug\Exceptions->errorHandler(2, 'Undefined variable $post_total', 'APPPATH\\Views\\view.php', 50)
 2 SYSTEMPATH\View\View.php(213): include('APPPATH\\Views\\view.php')
 3 SYSTEMPATH\View\View.php(216): CodeIgniter\View\View->CodeIgniter\View\{closure}()
 4 SYSTEMPATH\Common.php(1134): CodeIgniter\View\View->render('view', [], true)
 5 APPPATH\Controllers\influencer_controller.php(78): view('view', [...])
 6 SYSTEMPATH\CodeIgniter.php(927): App\Controllers\influencer_controller->index()
 7 SYSTEMPATH\CodeIgniter.php(482): CodeIgniter\CodeIgniter->runController(Object(App\Controllers\influencer_controller))
 8 SYSTEMPATH\CodeIgniter.php(351): CodeIgniter\CodeIgniter->handleRequest(null, Object(Config\Cache), false)
 9 FCPATH\index.php(67): CodeIgniter\CodeIgniter->run()
CRITICAL - 2022-12-12 21:13:24 --> Undefined variable $post_total
in APPPATH\Views\view.php on line 50.
 1 APPPATH\Views\view.php(50): CodeIgniter\Debug\Exceptions->errorHandler(2, 'Undefined variable $post_total', 'APPPATH\\Views\\view.php', 50)
 2 SYSTEMPATH\View\View.php(213): include('APPPATH\\Views\\view.php')
 3 SYSTEMPATH\View\View.php(216): CodeIgniter\View\View->CodeIgniter\View\{closure}()
 4 SYSTEMPATH\Common.php(1134): CodeIgniter\View\View->render('view', [], true)
 5 APPPATH\Controllers\influencer_controller.php(78): view('view', [...])
 6 SYSTEMPATH\CodeIgniter.php(927): App\Controllers\influencer_controller->index()
 7 SYSTEMPATH\CodeIgniter.php(482): CodeIgniter\CodeIgniter->runController(Object(App\Controllers\influencer_controller))
 8 SYSTEMPATH\CodeIgniter.php(351): CodeIgniter\CodeIgniter->handleRequest(null, Object(Config\Cache), false)
 9 FCPATH\index.php(67): CodeIgniter\CodeIgniter->run()
CRITICAL - 2022-12-12 21:13:37 --> Undefined array key "post_total"
in APPPATH\Libraries\facebook_calculate.php on line 91.
 1 APPPATH\Libraries\facebook_calculate.php(91): CodeIgniter\Debug\Exceptions->errorHandler(2, 'Undefined array key "post_total"', 'APPPATH\\Libraries\\facebook_calculate.php', 91)
 2 APPPATH\Controllers\influencer_controller.php(46): App\Libraries\Facebook_Calculate->Facebook_Engage('11081', 'facebook')
 3 SYSTEMPATH\CodeIgniter.php(927): App\Controllers\influencer_controller->index()
 4 SYSTEMPATH\CodeIgniter.php(482): CodeIgniter\CodeIgniter->runController(Object(App\Controllers\influencer_controller))
 5 SYSTEMPATH\CodeIgniter.php(351): CodeIgniter\CodeIgniter->handleRequest(null, Object(Config\Cache), false)
 6 FCPATH\index.php(67): CodeIgniter\CodeIgniter->run()
CRITICAL - 2022-12-12 21:14:11 --> Undefined array key "post_total"
in APPPATH\Libraries\facebook_calculate.php on line 91.
 1 APPPATH\Libraries\facebook_calculate.php(91): CodeIgniter\Debug\Exceptions->errorHandler(2, 'Undefined array key "post_total"', 'APPPATH\\Libraries\\facebook_calculate.php', 91)
 2 APPPATH\Controllers\influencer_controller.php(46): App\Libraries\Facebook_Calculate->Facebook_Engage('11081', 'facebook')
 3 SYSTEMPATH\CodeIgniter.php(927): App\Controllers\influencer_controller->index()
 4 SYSTEMPATH\CodeIgniter.php(482): CodeIgniter\CodeIgniter->runController(Object(App\Controllers\influencer_controller))
 5 SYSTEMPATH\CodeIgniter.php(351): CodeIgniter\CodeIgniter->handleRequest(null, Object(Config\Cache), false)
 6 FCPATH\index.php(67): CodeIgniter\CodeIgniter->run()
CRITICAL - 2022-12-12 21:15:47 --> Undefined array key "post_total"
in APPPATH\Libraries\facebook_calculate.php on line 27.
 1 APPPATH\Libraries\facebook_calculate.php(27): CodeIgniter\Debug\Exceptions->errorHandler(2, 'Undefined array key "post_total"', 'APPPATH\\Libraries\\facebook_calculate.php', 27)
 2 APPPATH\Controllers\influencer_controller.php(46): App\Libraries\Facebook_Calculate->Facebook_Engage('11081', 'facebook')
 3 SYSTEMPATH\CodeIgniter.php(927): App\Controllers\influencer_controller->index()
 4 SYSTEMPATH\CodeIgniter.php(482): CodeIgniter\CodeIgniter->runController(Object(App\Controllers\influencer_controller))
 5 SYSTEMPATH\CodeIgniter.php(351): CodeIgniter\CodeIgniter->handleRequest(null, Object(Config\Cache), false)
 6 FCPATH\index.php(67): CodeIgniter\CodeIgniter->run()
CRITICAL - 2022-12-12 21:16:23 --> Undefined variable $post_total
in APPPATH\Views\view.php on line 50.
 1 APPPATH\Views\view.php(50): CodeIgniter\Debug\Exceptions->errorHandler(2, 'Undefined variable $post_total', 'APPPATH\\Views\\view.php', 50)
 2 SYSTEMPATH\View\View.php(213): include('APPPATH\\Views\\view.php')
 3 SYSTEMPATH\View\View.php(216): CodeIgniter\View\View->CodeIgniter\View\{closure}()
 4 SYSTEMPATH\Common.php(1134): CodeIgniter\View\View->render('view', [], true)
 5 APPPATH\Controllers\influencer_controller.php(78): view('view', [...])
 6 SYSTEMPATH\CodeIgniter.php(927): App\Controllers\influencer_controller->index()
 7 SYSTEMPATH\CodeIgniter.php(482): CodeIgniter\CodeIgniter->runController(Object(App\Controllers\influencer_controller))
 8 SYSTEMPATH\CodeIgniter.php(351): CodeIgniter\CodeIgniter->handleRequest(null, Object(Config\Cache), false)
 9 FCPATH\index.php(67): CodeIgniter\CodeIgniter->run()
CRITICAL - 2022-12-12 21:30:28 --> Undefined constant "CodeIgniter\Debug\VENDORPATH"
in SYSTEMPATH\Debug\Exceptions.php on line 177.
 1 SYSTEMPATH\Debug\Exceptions.php(157): CodeIgniter\Debug\Exceptions->isFakerDeprecationError(8192, 'json_decode(): Passing null to parameter #1 ($json) of type string is deprecated', 'APPPATH\\Libraries\\instagram_calculate.php', 84)
 2 [internal function]: CodeIgniter\Debug\Exceptions->errorHandler(8192, 'json_decode(): Passing null to parameter #1 ($json) of type string is deprecated', 'APPPATH\\Libraries\\instagram_calculate.php', 84)
 3 APPPATH\Libraries\instagram_calculate.php(84): json_decode(null)
 4 APPPATH\Controllers\influencer_controller.php(52): App\Libraries\Instagram_Calculate->Instagram_Engage('152204', 'instagram')
 5 SYSTEMPATH\CodeIgniter.php(927): App\Controllers\influencer_controller->index()
 6 SYSTEMPATH\CodeIgniter.php(482): CodeIgniter\CodeIgniter->runController(Object(App\Controllers\influencer_controller))
 7 SYSTEMPATH\CodeIgniter.php(351): CodeIgniter\CodeIgniter->handleRequest(null, Object(Config\Cache), false)
 8 FCPATH\index.php(67): CodeIgniter\CodeIgniter->run()
CRITICAL - 2022-12-12 21:31:25 --> Undefined constant "CodeIgniter\Debug\VENDORPATH"
in SYSTEMPATH\Debug\Exceptions.php on line 177.
 1 SYSTEMPATH\Debug\Exceptions.php(157): CodeIgniter\Debug\Exceptions->isFakerDeprecationError(8192, 'json_decode(): Passing null to parameter #1 ($json) of type string is deprecated', 'APPPATH\\Libraries\\instagram_calculate.php', 84)
 2 [internal function]: CodeIgniter\Debug\Exceptions->errorHandler(8192, 'json_decode(): Passing null to parameter #1 ($json) of type string is deprecated', 'APPPATH\\Libraries\\instagram_calculate.php', 84)
 3 APPPATH\Libraries\instagram_calculate.php(84): json_decode(null)
 4 APPPATH\Controllers\influencer_controller.php(52): App\Libraries\Instagram_Calculate->Instagram_Engage('152204', 'instagram')
 5 SYSTEMPATH\CodeIgniter.php(927): App\Controllers\influencer_controller->index()
 6 SYSTEMPATH\CodeIgniter.php(482): CodeIgniter\CodeIgniter->runController(Object(App\Controllers\influencer_controller))
 7 SYSTEMPATH\CodeIgniter.php(351): CodeIgniter\CodeIgniter->handleRequest(null, Object(Config\Cache), false)
 8 FCPATH\index.php(67): CodeIgniter\CodeIgniter->run()
CRITICAL - 2022-12-12 21:32:11 --> Undefined constant "CodeIgniter\Debug\VENDORPATH"
in SYSTEMPATH\Debug\Exceptions.php on line 177.
 1 SYSTEMPATH\Debug\Exceptions.php(157): CodeIgniter\Debug\Exceptions->isFakerDeprecationError(8192, 'json_decode(): Passing null to parameter #1 ($json) of type string is deprecated', 'APPPATH\\Libraries\\facebook_calculate.php', 100)
 2 [internal function]: CodeIgniter\Debug\Exceptions->errorHandler(8192, 'json_decode(): Passing null to parameter #1 ($json) of type string is deprecated', 'APPPATH\\Libraries\\facebook_calculate.php', 100)
 3 APPPATH\Libraries\facebook_calculate.php(100): json_decode(null)
 4 APPPATH\Controllers\influencer_controller.php(46): App\Libraries\Facebook_Calculate->Facebook_Engage('391836', 'facebook')
 5 SYSTEMPATH\CodeIgniter.php(927): App\Controllers\influencer_controller->index()
 6 SYSTEMPATH\CodeIgniter.php(482): CodeIgniter\CodeIgniter->runController(Object(App\Controllers\influencer_controller))
 7 SYSTEMPATH\CodeIgniter.php(351): CodeIgniter\CodeIgniter->handleRequest(null, Object(Config\Cache), false)
 8 FCPATH\index.php(67): CodeIgniter\CodeIgniter->run()
CRITICAL - 2022-12-12 21:33:16 --> Undefined constant "CodeIgniter\Debug\VENDORPATH"
in SYSTEMPATH\Debug\Exceptions.php on line 177.
 1 SYSTEMPATH\Debug\Exceptions.php(157): CodeIgniter\Debug\Exceptions->isFakerDeprecationError(8192, 'json_decode(): Passing null to parameter #1 ($json) of type string is deprecated', 'APPPATH\\Libraries\\facebook_calculate.php', 100)
 2 [internal function]: CodeIgniter\Debug\Exceptions->errorHandler(8192, 'json_decode(): Passing null to parameter #1 ($json) of type string is deprecated', 'APPPATH\\Libraries\\facebook_calculate.php', 100)
 3 APPPATH\Libraries\facebook_calculate.php(100): json_decode(null)
 4 APPPATH\Controllers\influencer_controller.php(46): App\Libraries\Facebook_Calculate->Facebook_Engage('391836', 'facebook')
 5 SYSTEMPATH\CodeIgniter.php(927): App\Controllers\influencer_controller->index()
 6 SYSTEMPATH\CodeIgniter.php(482): CodeIgniter\CodeIgniter->runController(Object(App\Controllers\influencer_controller))
 7 SYSTEMPATH\CodeIgniter.php(351): CodeIgniter\CodeIgniter->handleRequest(null, Object(Config\Cache), false)
 8 FCPATH\index.php(67): CodeIgniter\CodeIgniter->run()
CRITICAL - 2022-12-12 21:35:49 --> Undefined constant "CodeIgniter\Debug\VENDORPATH"
in SYSTEMPATH\Debug\Exceptions.php on line 177.
 1 SYSTEMPATH\Debug\Exceptions.php(157): CodeIgniter\Debug\Exceptions->isFakerDeprecationError(8192, 'json_decode(): Passing null to parameter #1 ($json) of type string is deprecated', 'APPPATH\\Libraries\\facebook_calculate.php', 100)
 2 [internal function]: CodeIgniter\Debug\Exceptions->errorHandler(8192, 'json_decode(): Passing null to parameter #1 ($json) of type string is deprecated', 'APPPATH\\Libraries\\facebook_calculate.php', 100)
 3 APPPATH\Libraries\facebook_calculate.php(100): json_decode(null)
 4 APPPATH\Controllers\influencer_controller.php(46): App\Libraries\Facebook_Calculate->Facebook_Engage('391836', 'facebook')
 5 SYSTEMPATH\CodeIgniter.php(927): App\Controllers\influencer_controller->index()
 6 SYSTEMPATH\CodeIgniter.php(482): CodeIgniter\CodeIgniter->runController(Object(App\Controllers\influencer_controller))
 7 SYSTEMPATH\CodeIgniter.php(351): CodeIgniter\CodeIgniter->handleRequest(null, Object(Config\Cache), false)
 8 FCPATH\index.php(67): CodeIgniter\CodeIgniter->run()
CRITICAL - 2022-12-12 21:37:25 --> Undefined constant "CodeIgniter\Debug\VENDORPATH"
in SYSTEMPATH\Debug\Exceptions.php on line 177.
 1 SYSTEMPATH\Debug\Exceptions.php(157): CodeIgniter\Debug\Exceptions->isFakerDeprecationError(8192, 'json_decode(): Passing null to parameter #1 ($json) of type string is deprecated', 'APPPATH\\Libraries\\facebook_calculate.php', 100)
 2 [internal function]: CodeIgniter\Debug\Exceptions->errorHandler(8192, 'json_decode(): Passing null to parameter #1 ($json) of type string is deprecated', 'APPPATH\\Libraries\\facebook_calculate.php', 100)
 3 APPPATH\Libraries\facebook_calculate.php(100): json_decode(null)
 4 APPPATH\Controllers\influencer_controller.php(46): App\Libraries\Facebook_Calculate->Facebook_Engage('391836', 'facebook')
 5 SYSTEMPATH\CodeIgniter.php(927): App\Controllers\influencer_controller->index()
 6 SYSTEMPATH\CodeIgniter.php(482): CodeIgniter\CodeIgniter->runController(Object(App\Controllers\influencer_controller))
 7 SYSTEMPATH\CodeIgniter.php(351): CodeIgniter\CodeIgniter->handleRequest(null, Object(Config\Cache), false)
 8 FCPATH\index.php(67): CodeIgniter\CodeIgniter->run()
CRITICAL - 2022-12-12 21:38:37 --> Undefined constant "CodeIgniter\Debug\VENDORPATH"
in SYSTEMPATH\Debug\Exceptions.php on line 177.
 1 SYSTEMPATH\Debug\Exceptions.php(157): CodeIgniter\Debug\Exceptions->isFakerDeprecationError(8192, 'json_decode(): Passing null to parameter #1 ($json) of type string is deprecated', 'APPPATH\\Libraries\\facebook_calculate.php', 100)
 2 [internal function]: CodeIgniter\Debug\Exceptions->errorHandler(8192, 'json_decode(): Passing null to parameter #1 ($json) of type string is deprecated', 'APPPATH\\Libraries\\facebook_calculate.php', 100)
 3 APPPATH\Libraries\facebook_calculate.php(100): json_decode(null)
 4 APPPATH\Controllers\influencer_controller.php(46): App\Libraries\Facebook_Calculate->Facebook_Engage('391836', 'facebook')
 5 SYSTEMPATH\CodeIgniter.php(927): App\Controllers\influencer_controller->index()
 6 SYSTEMPATH\CodeIgniter.php(482): CodeIgniter\CodeIgniter->runController(Object(App\Controllers\influencer_controller))
 7 SYSTEMPATH\CodeIgniter.php(351): CodeIgniter\CodeIgniter->handleRequest(null, Object(Config\Cache), false)
 8 FCPATH\index.php(67): CodeIgniter\CodeIgniter->run()
CRITICAL - 2022-12-12 21:39:36 --> Undefined constant "CodeIgniter\Debug\VENDORPATH"
in SYSTEMPATH\Debug\Exceptions.php on line 177.
 1 SYSTEMPATH\Debug\Exceptions.php(157): CodeIgniter\Debug\Exceptions->isFakerDeprecationError(8192, 'json_decode(): Passing null to parameter #1 ($json) of type string is deprecated', 'APPPATH\\Libraries\\facebook_calculate.php', 100)
 2 [internal function]: CodeIgniter\Debug\Exceptions->errorHandler(8192, 'json_decode(): Passing null to parameter #1 ($json) of type string is deprecated', 'APPPATH\\Libraries\\facebook_calculate.php', 100)
 3 APPPATH\Libraries\facebook_calculate.php(100): json_decode(null)
 4 APPPATH\Controllers\influencer_controller.php(46): App\Libraries\Facebook_Calculate->Facebook_Engage('391836', 'facebook')
 5 SYSTEMPATH\CodeIgniter.php(927): App\Controllers\influencer_controller->index()
 6 SYSTEMPATH\CodeIgniter.php(482): CodeIgniter\CodeIgniter->runController(Object(App\Controllers\influencer_controller))
 7 SYSTEMPATH\CodeIgniter.php(351): CodeIgniter\CodeIgniter->handleRequest(null, Object(Config\Cache), false)
 8 FCPATH\index.php(67): CodeIgniter\CodeIgniter->run()
CRITICAL - 2022-12-12 21:40:00 --> Undefined constant "CodeIgniter\Debug\VENDORPATH"
in SYSTEMPATH\Debug\Exceptions.php on line 177.
 1 SYSTEMPATH\Debug\Exceptions.php(157): CodeIgniter\Debug\Exceptions->isFakerDeprecationError(8192, 'json_decode(): Passing null to parameter #1 ($json) of type string is deprecated', 'APPPATH\\Libraries\\facebook_calculate.php', 100)
 2 [internal function]: CodeIgniter\Debug\Exceptions->errorHandler(8192, 'json_decode(): Passing null to parameter #1 ($json) of type string is deprecated', 'APPPATH\\Libraries\\facebook_calculate.php', 100)
 3 APPPATH\Libraries\facebook_calculate.php(100): json_decode(null)
 4 APPPATH\Controllers\influencer_controller.php(46): App\Libraries\Facebook_Calculate->Facebook_Engage('391836', 'facebook')
 5 SYSTEMPATH\CodeIgniter.php(927): App\Controllers\influencer_controller->index()
 6 SYSTEMPATH\CodeIgniter.php(482): CodeIgniter\CodeIgniter->runController(Object(App\Controllers\influencer_controller))
 7 SYSTEMPATH\CodeIgniter.php(351): CodeIgniter\CodeIgniter->handleRequest(null, Object(Config\Cache), false)
 8 FCPATH\index.php(67): CodeIgniter\CodeIgniter->run()
CRITICAL - 2022-12-12 21:40:29 --> Undefined variable $data
in APPPATH\Views\view.php on line 51.
 1 APPPATH\Views\view.php(51): CodeIgniter\Debug\Exceptions->errorHandler(2, 'Undefined variable $data', 'APPPATH\\Views\\view.php', 51)
 2 SYSTEMPATH\View\View.php(213): include('APPPATH\\Views\\view.php')
 3 SYSTEMPATH\View\View.php(216): CodeIgniter\View\View->CodeIgniter\View\{closure}()
 4 SYSTEMPATH\Common.php(1134): CodeIgniter\View\View->render('view', [], true)
 5 APPPATH\Controllers\influencer_controller.php(70): view('view', [...])
 6 SYSTEMPATH\CodeIgniter.php(927): App\Controllers\influencer_controller->index()
 7 SYSTEMPATH\CodeIgniter.php(482): CodeIgniter\CodeIgniter->runController(Object(App\Controllers\influencer_controller))
 8 SYSTEMPATH\CodeIgniter.php(351): CodeIgniter\CodeIgniter->handleRequest(null, Object(Config\Cache), false)
 9 FCPATH\index.php(67): CodeIgniter\CodeIgniter->run()
CRITICAL - 2022-12-12 21:41:01 --> Undefined variable $data
in APPPATH\Views\view.php on line 51.
 1 APPPATH\Views\view.php(51): CodeIgniter\Debug\Exceptions->errorHandler(2, 'Undefined variable $data', 'APPPATH\\Views\\view.php', 51)
 2 SYSTEMPATH\View\View.php(213): include('APPPATH\\Views\\view.php')
 3 SYSTEMPATH\View\View.php(216): CodeIgniter\View\View->CodeIgniter\View\{closure}()
 4 SYSTEMPATH\Common.php(1134): CodeIgniter\View\View->render('view', [], true)
 5 APPPATH\Controllers\influencer_controller.php(70): view('view', [...])
 6 SYSTEMPATH\CodeIgniter.php(927): App\Controllers\influencer_controller->index()
 7 SYSTEMPATH\CodeIgniter.php(482): CodeIgniter\CodeIgniter->runController(Object(App\Controllers\influencer_controller))
 8 SYSTEMPATH\CodeIgniter.php(351): CodeIgniter\CodeIgniter->handleRequest(null, Object(Config\Cache), false)
 9 FCPATH\index.php(67): CodeIgniter\CodeIgniter->run()
CRITICAL - 2022-12-12 22:37:44 --> Trying to get property 'influencer_id' of non-object
in APPPATH\Libraries\post.php on line 156.
 1 APPPATH\Libraries\post.php(156): CodeIgniter\Debug\Exceptions->errorHandler(8, 'Trying to get property \'influencer_id\' of non-object', 'APPPATH\\Libraries\\post.php', 156, [...])
 2 APPPATH\Controllers\influencer_controller.php(40): App\Libraries\post->postt('11081', 'ROOTPATH\\public')
 3 SYSTEMPATH\CodeIgniter.php(927): App\Controllers\influencer_controller->index()
 4 SYSTEMPATH\CodeIgniter.php(482): CodeIgniter\CodeIgniter->runController(Object(App\Controllers\influencer_controller))
 5 SYSTEMPATH\CodeIgniter.php(351): CodeIgniter\CodeIgniter->handleRequest(null, Object(Config\Cache), false)
 6 FCPATH\index.php(67): CodeIgniter\CodeIgniter->run()
CRITICAL - 2022-12-12 22:41:30 --> Undefined variable: results63
in APPPATH\Libraries\post.php on line 155.
 1 APPPATH\Libraries\post.php(155): CodeIgniter\Debug\Exceptions->errorHandler(8, 'Undefined variable: results63', 'APPPATH\\Libraries\\post.php', 155, [...])
 2 APPPATH\Controllers\influencer_controller.php(40): App\Libraries\post->postt('11081', 'ROOTPATH\\public')
 3 SYSTEMPATH\CodeIgniter.php(927): App\Controllers\influencer_controller->index()
 4 SYSTEMPATH\CodeIgniter.php(482): CodeIgniter\CodeIgniter->runController(Object(App\Controllers\influencer_controller))
 5 SYSTEMPATH\CodeIgniter.php(351): CodeIgniter\CodeIgniter->handleRequest(null, Object(Config\Cache), false)
 6 FCPATH\index.php(67): CodeIgniter\CodeIgniter->run()
CRITICAL - 2022-12-12 22:41:41 --> Trying to get property 'influencer_id' of non-object
in APPPATH\Libraries\post.php on line 156.
 1 APPPATH\Libraries\post.php(156): CodeIgniter\Debug\Exceptions->errorHandler(8, 'Trying to get property \'influencer_id\' of non-object', 'APPPATH\\Libraries\\post.php', 156, [...])
 2 APPPATH\Controllers\influencer_controller.php(40): App\Libraries\post->postt('11081', 'ROOTPATH\\public')
 3 SYSTEMPATH\CodeIgniter.php(927): App\Controllers\influencer_controller->index()
 4 SYSTEMPATH\CodeIgniter.php(482): CodeIgniter\CodeIgniter->runController(Object(App\Controllers\influencer_controller))
 5 SYSTEMPATH\CodeIgniter.php(351): CodeIgniter\CodeIgniter->handleRequest(null, Object(Config\Cache), false)
 6 FCPATH\index.php(67): CodeIgniter\CodeIgniter->run()
CRITICAL - 2022-12-12 22:47:21 --> Class 'App\Controllers\testt' not found
in APPPATH\Controllers\influencer_controller.php on line 42.
 1 SYSTEMPATH\CodeIgniter.php(927): App\Controllers\influencer_controller->index()
 2 SYSTEMPATH\CodeIgniter.php(482): CodeIgniter\CodeIgniter->runController(Object(App\Controllers\influencer_controller))
 3 SYSTEMPATH\CodeIgniter.php(351): CodeIgniter\CodeIgniter->handleRequest(null, Object(Config\Cache), false)
 4 FCPATH\index.php(67): CodeIgniter\CodeIgniter->run()
CRITICAL - 2022-12-12 22:47:40 --> Undefined variable: testt
in APPPATH\Libraries\post.php on line 162.
 1 APPPATH\Libraries\post.php(162): CodeIgniter\Debug\Exceptions->errorHandler(8, 'Undefined variable: testt', 'APPPATH\\Libraries\\post.php', 162, [...])
 2 APPPATH\Controllers\influencer_controller.php(40): App\Libraries\post->postt(null, null)
 3 SYSTEMPATH\CodeIgniter.php(927): App\Controllers\influencer_controller->index()
 4 SYSTEMPATH\CodeIgniter.php(482): CodeIgniter\CodeIgniter->runController(Object(App\Controllers\influencer_controller))
 5 SYSTEMPATH\CodeIgniter.php(351): CodeIgniter\CodeIgniter->handleRequest(null, Object(Config\Cache), false)
 6 FCPATH\index.php(67): CodeIgniter\CodeIgniter->run()
CRITICAL - 2022-12-12 22:48:03 --> Class 'App\Controllers\testt' not found
in APPPATH\Controllers\influencer_controller.php on line 42.
 1 SYSTEMPATH\CodeIgniter.php(927): App\Controllers\influencer_controller->index()
 2 SYSTEMPATH\CodeIgniter.php(482): CodeIgniter\CodeIgniter->runController(Object(App\Controllers\influencer_controller))
 3 SYSTEMPATH\CodeIgniter.php(351): CodeIgniter\CodeIgniter->handleRequest(null, Object(Config\Cache), false)
 4 FCPATH\index.php(67): CodeIgniter\CodeIgniter->run()
CRITICAL - 2022-12-12 22:48:16 --> Class 'App\Controllers\testt' not found
in APPPATH\Controllers\influencer_controller.php on line 42.
 1 SYSTEMPATH\CodeIgniter.php(927): App\Controllers\influencer_controller->index()
 2 SYSTEMPATH\CodeIgniter.php(482): CodeIgniter\CodeIgniter->runController(Object(App\Controllers\influencer_controller))
 3 SYSTEMPATH\CodeIgniter.php(351): CodeIgniter\CodeIgniter->handleRequest(null, Object(Config\Cache), false)
 4 FCPATH\index.php(67): CodeIgniter\CodeIgniter->run()
CRITICAL - 2022-12-12 22:59:04 --> Undefined variable: data
in APPPATH\Views\view.php on line 101.
 1 APPPATH\Views\view.php(101): CodeIgniter\Debug\Exceptions->errorHandler(8, 'Undefined variable: data', 'APPPATH\\Views\\view.php', 101, [...])
 2 SYSTEMPATH\View\View.php(213): include('APPPATH\\Views\\view.php')
 3 SYSTEMPATH\View\View.php(216): CodeIgniter\View\View->CodeIgniter\View\{closure}()
 4 SYSTEMPATH\Common.php(1134): CodeIgniter\View\View->render('view', [], true)
 5 APPPATH\Controllers\influencer_controller.php(63): view('view', [...])
 6 SYSTEMPATH\CodeIgniter.php(927): App\Controllers\influencer_controller->index()
 7 SYSTEMPATH\CodeIgniter.php(482): CodeIgniter\CodeIgniter->runController(Object(App\Controllers\influencer_controller))
 8 SYSTEMPATH\CodeIgniter.php(351): CodeIgniter\CodeIgniter->handleRequest(null, Object(Config\Cache), false)
 9 FCPATH\index.php(67): CodeIgniter\CodeIgniter->run()
CRITICAL - 2022-12-12 22:59:54 --> Undefined variable: data
in APPPATH\Views\view.php on line 101.
 1 APPPATH\Views\view.php(101): CodeIgniter\Debug\Exceptions->errorHandler(8, 'Undefined variable: data', 'APPPATH\\Views\\view.php', 101, [...])
 2 SYSTEMPATH\View\View.php(213): include('APPPATH\\Views\\view.php')
 3 SYSTEMPATH\View\View.php(216): CodeIgniter\View\View->CodeIgniter\View\{closure}()
 4 SYSTEMPATH\Common.php(1134): CodeIgniter\View\View->render('view', [], true)
 5 APPPATH\Controllers\influencer_controller.php(63): view('view', [...])
 6 SYSTEMPATH\CodeIgniter.php(927): App\Controllers\influencer_controller->index()
 7 SYSTEMPATH\CodeIgniter.php(482): CodeIgniter\CodeIgniter->runController(Object(App\Controllers\influencer_controller))
 8 SYSTEMPATH\CodeIgniter.php(351): CodeIgniter\CodeIgniter->handleRequest(null, Object(Config\Cache), false)
 9 FCPATH\index.php(67): CodeIgniter\CodeIgniter->run()
CRITICAL - 2022-12-12 23:00:17 --> Invalid argument supplied for foreach()
in APPPATH\Views\view.php on line 139.
 1 APPPATH\Views\view.php(139): CodeIgniter\Debug\Exceptions->errorHandler(2, 'Invalid argument supplied for foreach()', 'APPPATH\\Views\\view.php', 139, [...])
 2 SYSTEMPATH\View\View.php(213): include('APPPATH\\Views\\view.php')
 3 SYSTEMPATH\View\View.php(216): CodeIgniter\View\View->CodeIgniter\View\{closure}()
 4 SYSTEMPATH\Common.php(1134): CodeIgniter\View\View->render('view', [], true)
 5 APPPATH\Controllers\influencer_controller.php(63): view('view', [...])
 6 SYSTEMPATH\CodeIgniter.php(927): App\Controllers\influencer_controller->index()
 7 SYSTEMPATH\CodeIgniter.php(482): CodeIgniter\CodeIgniter->runController(Object(App\Controllers\influencer_controller))
 8 SYSTEMPATH\CodeIgniter.php(351): CodeIgniter\CodeIgniter->handleRequest(null, Object(Config\Cache), false)
 9 FCPATH\index.php(67): CodeIgniter\CodeIgniter->run()
CRITICAL - 2022-12-12 23:01:20 --> Invalid argument supplied for foreach()
in APPPATH\Views\view.php on line 139.
 1 APPPATH\Views\view.php(139): CodeIgniter\Debug\Exceptions->errorHandler(2, 'Invalid argument supplied for foreach()', 'APPPATH\\Views\\view.php', 139, [...])
 2 SYSTEMPATH\View\View.php(213): include('APPPATH\\Views\\view.php')
 3 SYSTEMPATH\View\View.php(216): CodeIgniter\View\View->CodeIgniter\View\{closure}()
 4 SYSTEMPATH\Common.php(1134): CodeIgniter\View\View->render('view', [], true)
 5 APPPATH\Controllers\influencer_controller.php(63): view('view', [...])
 6 SYSTEMPATH\CodeIgniter.php(927): App\Controllers\influencer_controller->index()
 7 SYSTEMPATH\CodeIgniter.php(482): CodeIgniter\CodeIgniter->runController(Object(App\Controllers\influencer_controller))
 8 SYSTEMPATH\CodeIgniter.php(351): CodeIgniter\CodeIgniter->handleRequest(null, Object(Config\Cache), false)
 9 FCPATH\index.php(67): CodeIgniter\CodeIgniter->run()
CRITICAL - 2022-12-12 23:03:56 --> Undefined variable: database_63
in APPPATH\Views\view.php on line 139.
 1 APPPATH\Views\view.php(139): CodeIgniter\Debug\Exceptions->errorHandler(8, 'Undefined variable: database_63', 'APPPATH\\Views\\view.php', 139, [...])
 2 SYSTEMPATH\View\View.php(213): include('APPPATH\\Views\\view.php')
 3 SYSTEMPATH\View\View.php(216): CodeIgniter\View\View->CodeIgniter\View\{closure}()
 4 SYSTEMPATH\Common.php(1134): CodeIgniter\View\View->render('view', [], true)
 5 APPPATH\Controllers\influencer_controller.php(63): view('view', [...])
 6 SYSTEMPATH\CodeIgniter.php(927): App\Controllers\influencer_controller->index()
 7 SYSTEMPATH\CodeIgniter.php(482): CodeIgniter\CodeIgniter->runController(Object(App\Controllers\influencer_controller))
 8 SYSTEMPATH\CodeIgniter.php(351): CodeIgniter\CodeIgniter->handleRequest(null, Object(Config\Cache), false)
 9 FCPATH\index.php(67): CodeIgniter\CodeIgniter->run()
CRITICAL - 2022-12-12 23:04:32 --> Undefined variable: results63
in APPPATH\Views\view.php on line 139.
 1 APPPATH\Views\view.php(139): CodeIgniter\Debug\Exceptions->errorHandler(8, 'Undefined variable: results63', 'APPPATH\\Views\\view.php', 139, [...])
 2 SYSTEMPATH\View\View.php(213): include('APPPATH\\Views\\view.php')
 3 SYSTEMPATH\View\View.php(216): CodeIgniter\View\View->CodeIgniter\View\{closure}()
 4 SYSTEMPATH\Common.php(1134): CodeIgniter\View\View->render('view', [], true)
 5 APPPATH\Controllers\influencer_controller.php(63): view('view', [...])
 6 SYSTEMPATH\CodeIgniter.php(927): App\Controllers\influencer_controller->index()
 7 SYSTEMPATH\CodeIgniter.php(482): CodeIgniter\CodeIgniter->runController(Object(App\Controllers\influencer_controller))
 8 SYSTEMPATH\CodeIgniter.php(351): CodeIgniter\CodeIgniter->handleRequest(null, Object(Config\Cache), false)
 9 FCPATH\index.php(67): CodeIgniter\CodeIgniter->run()
CRITICAL - 2022-12-12 23:04:42 --> Undefined variable: database_63
in APPPATH\Views\view.php on line 139.
 1 APPPATH\Views\view.php(139): CodeIgniter\Debug\Exceptions->errorHandler(8, 'Undefined variable: database_63', 'APPPATH\\Views\\view.php', 139, [...])
 2 SYSTEMPATH\View\View.php(213): include('APPPATH\\Views\\view.php')
 3 SYSTEMPATH\View\View.php(216): CodeIgniter\View\View->CodeIgniter\View\{closure}()
 4 SYSTEMPATH\Common.php(1134): CodeIgniter\View\View->render('view', [], true)
 5 APPPATH\Controllers\influencer_controller.php(63): view('view', [...])
 6 SYSTEMPATH\CodeIgniter.php(927): App\Controllers\influencer_controller->index()
 7 SYSTEMPATH\CodeIgniter.php(482): CodeIgniter\CodeIgniter->runController(Object(App\Controllers\influencer_controller))
 8 SYSTEMPATH\CodeIgniter.php(351): CodeIgniter\CodeIgniter->handleRequest(null, Object(Config\Cache), false)
 9 FCPATH\index.php(67): CodeIgniter\CodeIgniter->run()
CRITICAL - 2022-12-12 23:06:23 --> Undefined variable: database_63
in APPPATH\Views\view.php on line 139.
 1 APPPATH\Views\view.php(139): CodeIgniter\Debug\Exceptions->errorHandler(8, 'Undefined variable: database_63', 'APPPATH\\Views\\view.php', 139, [...])
 2 SYSTEMPATH\View\View.php(213): include('APPPATH\\Views\\view.php')
 3 SYSTEMPATH\View\View.php(216): CodeIgniter\View\View->CodeIgniter\View\{closure}()
 4 SYSTEMPATH\Common.php(1134): CodeIgniter\View\View->render('view', [], true)
 5 APPPATH\Controllers\influencer_controller.php(63): view('view', [...])
 6 SYSTEMPATH\CodeIgniter.php(927): App\Controllers\influencer_controller->index()
 7 SYSTEMPATH\CodeIgniter.php(482): CodeIgniter\CodeIgniter->runController(Object(App\Controllers\influencer_controller))
 8 SYSTEMPATH\CodeIgniter.php(351): CodeIgniter\CodeIgniter->handleRequest(null, Object(Config\Cache), false)
 9 FCPATH\index.php(67): CodeIgniter\CodeIgniter->run()
CRITICAL - 2022-12-12 23:06:29 --> Invalid argument supplied for foreach()
in APPPATH\Views\view.php on line 139.
 1 APPPATH\Views\view.php(139): CodeIgniter\Debug\Exceptions->errorHandler(2, 'Invalid argument supplied for foreach()', 'APPPATH\\Views\\view.php', 139, [...])
 2 SYSTEMPATH\View\View.php(213): include('APPPATH\\Views\\view.php')
 3 SYSTEMPATH\View\View.php(216): CodeIgniter\View\View->CodeIgniter\View\{closure}()
 4 SYSTEMPATH\Common.php(1134): CodeIgniter\View\View->render('view', [], true)
 5 APPPATH\Controllers\influencer_controller.php(63): view('view', [...])
 6 SYSTEMPATH\CodeIgniter.php(927): App\Controllers\influencer_controller->index()
 7 SYSTEMPATH\CodeIgniter.php(482): CodeIgniter\CodeIgniter->runController(Object(App\Controllers\influencer_controller))
 8 SYSTEMPATH\CodeIgniter.php(351): CodeIgniter\CodeIgniter->handleRequest(null, Object(Config\Cache), false)
 9 FCPATH\index.php(67): CodeIgniter\CodeIgniter->run()
CRITICAL - 2022-12-12 23:06:51 --> Invalid argument supplied for foreach()
in APPPATH\Views\view.php on line 139.
 1 APPPATH\Views\view.php(139): CodeIgniter\Debug\Exceptions->errorHandler(2, 'Invalid argument supplied for foreach()', 'APPPATH\\Views\\view.php', 139, [...])
 2 SYSTEMPATH\View\View.php(213): include('APPPATH\\Views\\view.php')
 3 SYSTEMPATH\View\View.php(216): CodeIgniter\View\View->CodeIgniter\View\{closure}()
 4 SYSTEMPATH\Common.php(1134): CodeIgniter\View\View->render('view', [], true)
 5 APPPATH\Controllers\influencer_controller.php(63): view('view', [...])
 6 SYSTEMPATH\CodeIgniter.php(927): App\Controllers\influencer_controller->index()
 7 SYSTEMPATH\CodeIgniter.php(482): CodeIgniter\CodeIgniter->runController(Object(App\Controllers\influencer_controller))
 8 SYSTEMPATH\CodeIgniter.php(351): CodeIgniter\CodeIgniter->handleRequest(null, Object(Config\Cache), false)
 9 FCPATH\index.php(67): CodeIgniter\CodeIgniter->run()
CRITICAL - 2022-12-12 23:07:01 --> Invalid argument supplied for foreach()
in APPPATH\Views\view.php on line 141.
 1 APPPATH\Views\view.php(141): CodeIgniter\Debug\Exceptions->errorHandler(2, 'Invalid argument supplied for foreach()', 'APPPATH\\Views\\view.php', 141, [...])
 2 SYSTEMPATH\View\View.php(213): include('APPPATH\\Views\\view.php')
 3 SYSTEMPATH\View\View.php(216): CodeIgniter\View\View->CodeIgniter\View\{closure}()
 4 SYSTEMPATH\Common.php(1134): CodeIgniter\View\View->render('view', [], true)
 5 APPPATH\Controllers\influencer_controller.php(63): view('view', [...])
 6 SYSTEMPATH\CodeIgniter.php(927): App\Controllers\influencer_controller->index()
 7 SYSTEMPATH\CodeIgniter.php(482): CodeIgniter\CodeIgniter->runController(Object(App\Controllers\influencer_controller))
 8 SYSTEMPATH\CodeIgniter.php(351): CodeIgniter\CodeIgniter->handleRequest(null, Object(Config\Cache), false)
 9 FCPATH\index.php(67): CodeIgniter\CodeIgniter->run()
CRITICAL - 2022-12-12 23:07:35 --> Invalid argument supplied for foreach()
in APPPATH\Views\view.php on line 141.
 1 APPPATH\Views\view.php(141): CodeIgniter\Debug\Exceptions->errorHandler(2, 'Invalid argument supplied for foreach()', 'APPPATH\\Views\\view.php', 141, [...])
 2 SYSTEMPATH\View\View.php(213): include('APPPATH\\Views\\view.php')
 3 SYSTEMPATH\View\View.php(216): CodeIgniter\View\View->CodeIgniter\View\{closure}()
 4 SYSTEMPATH\Common.php(1134): CodeIgniter\View\View->render('view', [], true)
 5 APPPATH\Controllers\influencer_controller.php(63): view('view', [...])
 6 SYSTEMPATH\CodeIgniter.php(927): App\Controllers\influencer_controller->index()
 7 SYSTEMPATH\CodeIgniter.php(482): CodeIgniter\CodeIgniter->runController(Object(App\Controllers\influencer_controller))
 8 SYSTEMPATH\CodeIgniter.php(351): CodeIgniter\CodeIgniter->handleRequest(null, Object(Config\Cache), false)
 9 FCPATH\index.php(67): CodeIgniter\CodeIgniter->run()
CRITICAL - 2022-12-12 23:07:36 --> Invalid argument supplied for foreach()
in APPPATH\Views\view.php on line 141.
 1 APPPATH\Views\view.php(141): CodeIgniter\Debug\Exceptions->errorHandler(2, 'Invalid argument supplied for foreach()', 'APPPATH\\Views\\view.php', 141, [...])
 2 SYSTEMPATH\View\View.php(213): include('APPPATH\\Views\\view.php')
 3 SYSTEMPATH\View\View.php(216): CodeIgniter\View\View->CodeIgniter\View\{closure}()
 4 SYSTEMPATH\Common.php(1134): CodeIgniter\View\View->render('view', [], true)
 5 APPPATH\Controllers\influencer_controller.php(63): view('view', [...])
 6 SYSTEMPATH\CodeIgniter.php(927): App\Controllers\influencer_controller->index()
 7 SYSTEMPATH\CodeIgniter.php(482): CodeIgniter\CodeIgniter->runController(Object(App\Controllers\influencer_controller))
 8 SYSTEMPATH\CodeIgniter.php(351): CodeIgniter\CodeIgniter->handleRequest(null, Object(Config\Cache), false)
 9 FCPATH\index.php(67): CodeIgniter\CodeIgniter->run()
CRITICAL - 2022-12-12 23:07:37 --> Invalid argument supplied for foreach()
in APPPATH\Views\view.php on line 141.
 1 APPPATH\Views\view.php(141): CodeIgniter\Debug\Exceptions->errorHandler(2, 'Invalid argument supplied for foreach()', 'APPPATH\\Views\\view.php', 141, [...])
 2 SYSTEMPATH\View\View.php(213): include('APPPATH\\Views\\view.php')
 3 SYSTEMPATH\View\View.php(216): CodeIgniter\View\View->CodeIgniter\View\{closure}()
 4 SYSTEMPATH\Common.php(1134): CodeIgniter\View\View->render('view', [], true)
 5 APPPATH\Controllers\influencer_controller.php(63): view('view', [...])
 6 SYSTEMPATH\CodeIgniter.php(927): App\Controllers\influencer_controller->index()
 7 SYSTEMPATH\CodeIgniter.php(482): CodeIgniter\CodeIgniter->runController(Object(App\Controllers\influencer_controller))
 8 SYSTEMPATH\CodeIgniter.php(351): CodeIgniter\CodeIgniter->handleRequest(null, Object(Config\Cache), false)
 9 FCPATH\index.php(67): CodeIgniter\CodeIgniter->run()
CRITICAL - 2022-12-12 23:07:38 --> Invalid argument supplied for foreach()
in APPPATH\Views\view.php on line 141.
 1 APPPATH\Views\view.php(141): CodeIgniter\Debug\Exceptions->errorHandler(2, 'Invalid argument supplied for foreach()', 'APPPATH\\Views\\view.php', 141, [...])
 2 SYSTEMPATH\View\View.php(213): include('APPPATH\\Views\\view.php')
 3 SYSTEMPATH\View\View.php(216): CodeIgniter\View\View->CodeIgniter\View\{closure}()
 4 SYSTEMPATH\Common.php(1134): CodeIgniter\View\View->render('view', [], true)
 5 APPPATH\Controllers\influencer_controller.php(63): view('view', [...])
 6 SYSTEMPATH\CodeIgniter.php(927): App\Controllers\influencer_controller->index()
 7 SYSTEMPATH\CodeIgniter.php(482): CodeIgniter\CodeIgniter->runController(Object(App\Controllers\influencer_controller))
 8 SYSTEMPATH\CodeIgniter.php(351): CodeIgniter\CodeIgniter->handleRequest(null, Object(Config\Cache), false)
 9 FCPATH\index.php(67): CodeIgniter\CodeIgniter->run()
CRITICAL - 2022-12-12 23:07:38 --> Invalid argument supplied for foreach()
in APPPATH\Views\view.php on line 141.
 1 APPPATH\Views\view.php(141): CodeIgniter\Debug\Exceptions->errorHandler(2, 'Invalid argument supplied for foreach()', 'APPPATH\\Views\\view.php', 141, [...])
 2 SYSTEMPATH\View\View.php(213): include('APPPATH\\Views\\view.php')
 3 SYSTEMPATH\View\View.php(216): CodeIgniter\View\View->CodeIgniter\View\{closure}()
 4 SYSTEMPATH\Common.php(1134): CodeIgniter\View\View->render('view', [], true)
 5 APPPATH\Controllers\influencer_controller.php(63): view('view', [...])
 6 SYSTEMPATH\CodeIgniter.php(927): App\Controllers\influencer_controller->index()
 7 SYSTEMPATH\CodeIgniter.php(482): CodeIgniter\CodeIgniter->runController(Object(App\Controllers\influencer_controller))
 8 SYSTEMPATH\CodeIgniter.php(351): CodeIgniter\CodeIgniter->handleRequest(null, Object(Config\Cache), false)
 9 FCPATH\index.php(67): CodeIgniter\CodeIgniter->run()
CRITICAL - 2022-12-12 23:07:38 --> Invalid argument supplied for foreach()
in APPPATH\Views\view.php on line 141.
 1 APPPATH\Views\view.php(141): CodeIgniter\Debug\Exceptions->errorHandler(2, 'Invalid argument supplied for foreach()', 'APPPATH\\Views\\view.php', 141, [...])
 2 SYSTEMPATH\View\View.php(213): include('APPPATH\\Views\\view.php')
 3 SYSTEMPATH\View\View.php(216): CodeIgniter\View\View->CodeIgniter\View\{closure}()
 4 SYSTEMPATH\Common.php(1134): CodeIgniter\View\View->render('view', [], true)
 5 APPPATH\Controllers\influencer_controller.php(63): view('view', [...])
 6 SYSTEMPATH\CodeIgniter.php(927): App\Controllers\influencer_controller->index()
 7 SYSTEMPATH\CodeIgniter.php(482): CodeIgniter\CodeIgniter->runController(Object(App\Controllers\influencer_controller))
 8 SYSTEMPATH\CodeIgniter.php(351): CodeIgniter\CodeIgniter->handleRequest(null, Object(Config\Cache), false)
 9 FCPATH\index.php(67): CodeIgniter\CodeIgniter->run()
CRITICAL - 2022-12-12 23:07:38 --> Invalid argument supplied for foreach()
in APPPATH\Views\view.php on line 141.
 1 APPPATH\Views\view.php(141): CodeIgniter\Debug\Exceptions->errorHandler(2, 'Invalid argument supplied for foreach()', 'APPPATH\\Views\\view.php', 141, [...])
 2 SYSTEMPATH\View\View.php(213): include('APPPATH\\Views\\view.php')
 3 SYSTEMPATH\View\View.php(216): CodeIgniter\View\View->CodeIgniter\View\{closure}()
 4 SYSTEMPATH\Common.php(1134): CodeIgniter\View\View->render('view', [], true)
 5 APPPATH\Controllers\influencer_controller.php(63): view('view', [...])
 6 SYSTEMPATH\CodeIgniter.php(927): App\Controllers\influencer_controller->index()
 7 SYSTEMPATH\CodeIgniter.php(482): CodeIgniter\CodeIgniter->runController(Object(App\Controllers\influencer_controller))
 8 SYSTEMPATH\CodeIgniter.php(351): CodeIgniter\CodeIgniter->handleRequest(null, Object(Config\Cache), false)
 9 FCPATH\index.php(67): CodeIgniter\CodeIgniter->run()
CRITICAL - 2022-12-12 23:07:38 --> Invalid argument supplied for foreach()
in APPPATH\Views\view.php on line 141.
 1 APPPATH\Views\view.php(141): CodeIgniter\Debug\Exceptions->errorHandler(2, 'Invalid argument supplied for foreach()', 'APPPATH\\Views\\view.php', 141, [...])
 2 SYSTEMPATH\View\View.php(213): include('APPPATH\\Views\\view.php')
 3 SYSTEMPATH\View\View.php(216): CodeIgniter\View\View->CodeIgniter\View\{closure}()
 4 SYSTEMPATH\Common.php(1134): CodeIgniter\View\View->render('view', [], true)
 5 APPPATH\Controllers\influencer_controller.php(63): view('view', [...])
 6 SYSTEMPATH\CodeIgniter.php(927): App\Controllers\influencer_controller->index()
 7 SYSTEMPATH\CodeIgniter.php(482): CodeIgniter\CodeIgniter->runController(Object(App\Controllers\influencer_controller))
 8 SYSTEMPATH\CodeIgniter.php(351): CodeIgniter\CodeIgniter->handleRequest(null, Object(Config\Cache), false)
 9 FCPATH\index.php(67): CodeIgniter\CodeIgniter->run()
CRITICAL - 2022-12-12 23:07:39 --> Invalid argument supplied for foreach()
in APPPATH\Views\view.php on line 141.
 1 APPPATH\Views\view.php(141): CodeIgniter\Debug\Exceptions->errorHandler(2, 'Invalid argument supplied for foreach()', 'APPPATH\\Views\\view.php', 141, [...])
 2 SYSTEMPATH\View\View.php(213): include('APPPATH\\Views\\view.php')
 3 SYSTEMPATH\View\View.php(216): CodeIgniter\View\View->CodeIgniter\View\{closure}()
 4 SYSTEMPATH\Common.php(1134): CodeIgniter\View\View->render('view', [], true)
 5 APPPATH\Controllers\influencer_controller.php(63): view('view', [...])
 6 SYSTEMPATH\CodeIgniter.php(927): App\Controllers\influencer_controller->index()
 7 SYSTEMPATH\CodeIgniter.php(482): CodeIgniter\CodeIgniter->runController(Object(App\Controllers\influencer_controller))
 8 SYSTEMPATH\CodeIgniter.php(351): CodeIgniter\CodeIgniter->handleRequest(null, Object(Config\Cache), false)
 9 FCPATH\index.php(67): CodeIgniter\CodeIgniter->run()
CRITICAL - 2022-12-12 23:08:04 --> Invalid argument supplied for foreach()
in APPPATH\Views\view.php on line 141.
 1 APPPATH\Views\view.php(141): CodeIgniter\Debug\Exceptions->errorHandler(2, 'Invalid argument supplied for foreach()', 'APPPATH\\Views\\view.php', 141, [...])
 2 SYSTEMPATH\View\View.php(213): include('APPPATH\\Views\\view.php')
 3 SYSTEMPATH\View\View.php(216): CodeIgniter\View\View->CodeIgniter\View\{closure}()
 4 SYSTEMPATH\Common.php(1134): CodeIgniter\View\View->render('view', [], true)
 5 APPPATH\Controllers\influencer_controller.php(63): view('view', [...])
 6 SYSTEMPATH\CodeIgniter.php(927): App\Controllers\influencer_controller->index()
 7 SYSTEMPATH\CodeIgniter.php(482): CodeIgniter\CodeIgniter->runController(Object(App\Controllers\influencer_controller))
 8 SYSTEMPATH\CodeIgniter.php(351): CodeIgniter\CodeIgniter->handleRequest(null, Object(Config\Cache), false)
 9 FCPATH\index.php(67): CodeIgniter\CodeIgniter->run()
CRITICAL - 2022-12-12 23:08:25 --> Invalid argument supplied for foreach()
in APPPATH\Views\view.php on line 141.
 1 APPPATH\Views\view.php(141): CodeIgniter\Debug\Exceptions->errorHandler(2, 'Invalid argument supplied for foreach()', 'APPPATH\\Views\\view.php', 141, [...])
 2 SYSTEMPATH\View\View.php(213): include('APPPATH\\Views\\view.php')
 3 SYSTEMPATH\View\View.php(216): CodeIgniter\View\View->CodeIgniter\View\{closure}()
 4 SYSTEMPATH\Common.php(1134): CodeIgniter\View\View->render('view', [], true)
 5 APPPATH\Controllers\influencer_controller.php(63): view('view', [...])
 6 SYSTEMPATH\CodeIgniter.php(927): App\Controllers\influencer_controller->index()
 7 SYSTEMPATH\CodeIgniter.php(482): CodeIgniter\CodeIgniter->runController(Object(App\Controllers\influencer_controller))
 8 SYSTEMPATH\CodeIgniter.php(351): CodeIgniter\CodeIgniter->handleRequest(null, Object(Config\Cache), false)
 9 FCPATH\index.php(67): CodeIgniter\CodeIgniter->run()
CRITICAL - 2022-12-12 23:08:46 --> Invalid argument supplied for foreach()
in APPPATH\Views\view.php on line 141.
 1 APPPATH\Views\view.php(141): CodeIgniter\Debug\Exceptions->errorHandler(2, 'Invalid argument supplied for foreach()', 'APPPATH\\Views\\view.php', 141, [...])
 2 SYSTEMPATH\View\View.php(213): include('APPPATH\\Views\\view.php')
 3 SYSTEMPATH\View\View.php(216): CodeIgniter\View\View->CodeIgniter\View\{closure}()
 4 SYSTEMPATH\Common.php(1134): CodeIgniter\View\View->render('view', [], true)
 5 APPPATH\Controllers\influencer_controller.php(63): view('view', [...])
 6 SYSTEMPATH\CodeIgniter.php(927): App\Controllers\influencer_controller->index()
 7 SYSTEMPATH\CodeIgniter.php(482): CodeIgniter\CodeIgniter->runController(Object(App\Controllers\influencer_controller))
 8 SYSTEMPATH\CodeIgniter.php(351): CodeIgniter\CodeIgniter->handleRequest(null, Object(Config\Cache), false)
 9 FCPATH\index.php(67): CodeIgniter\CodeIgniter->run()
CRITICAL - 2022-12-12 23:10:48 --> Invalid argument supplied for foreach()
in APPPATH\Views\view.php on line 141.
 1 APPPATH\Views\view.php(141): CodeIgniter\Debug\Exceptions->errorHandler(2, 'Invalid argument supplied for foreach()', 'APPPATH\\Views\\view.php', 141, [...])
 2 SYSTEMPATH\View\View.php(213): include('APPPATH\\Views\\view.php')
 3 SYSTEMPATH\View\View.php(216): CodeIgniter\View\View->CodeIgniter\View\{closure}()
 4 SYSTEMPATH\Common.php(1134): CodeIgniter\View\View->render('view', [], true)
 5 APPPATH\Controllers\influencer_controller.php(63): view('view', [...])
 6 SYSTEMPATH\CodeIgniter.php(927): App\Controllers\influencer_controller->index()
 7 SYSTEMPATH\CodeIgniter.php(482): CodeIgniter\CodeIgniter->runController(Object(App\Controllers\influencer_controller))
 8 SYSTEMPATH\CodeIgniter.php(351): CodeIgniter\CodeIgniter->handleRequest(null, Object(Config\Cache), false)
 9 FCPATH\index.php(67): CodeIgniter\CodeIgniter->run()
CRITICAL - 2022-12-12 23:11:23 --> Invalid argument supplied for foreach()
in APPPATH\Views\view.php on line 141.
 1 APPPATH\Views\view.php(141): CodeIgniter\Debug\Exceptions->errorHandler(2, 'Invalid argument supplied for foreach()', 'APPPATH\\Views\\view.php', 141, [...])
 2 SYSTEMPATH\View\View.php(213): include('APPPATH\\Views\\view.php')
 3 SYSTEMPATH\View\View.php(216): CodeIgniter\View\View->CodeIgniter\View\{closure}()
 4 SYSTEMPATH\Common.php(1134): CodeIgniter\View\View->render('view', [], true)
 5 APPPATH\Controllers\influencer_controller.php(63): view('view', [...])
 6 SYSTEMPATH\CodeIgniter.php(927): App\Controllers\influencer_controller->index()
 7 SYSTEMPATH\CodeIgniter.php(482): CodeIgniter\CodeIgniter->runController(Object(App\Controllers\influencer_controller))
 8 SYSTEMPATH\CodeIgniter.php(351): CodeIgniter\CodeIgniter->handleRequest(null, Object(Config\Cache), false)
 9 FCPATH\index.php(67): CodeIgniter\CodeIgniter->run()
CRITICAL - 2022-12-12 23:12:04 --> Invalid argument supplied for foreach()
in APPPATH\Views\view.php on line 141.
 1 APPPATH\Views\view.php(141): CodeIgniter\Debug\Exceptions->errorHandler(2, 'Invalid argument supplied for foreach()', 'APPPATH\\Views\\view.php', 141, [...])
 2 SYSTEMPATH\View\View.php(213): include('APPPATH\\Views\\view.php')
 3 SYSTEMPATH\View\View.php(216): CodeIgniter\View\View->CodeIgniter\View\{closure}()
 4 SYSTEMPATH\Common.php(1134): CodeIgniter\View\View->render('view', [], true)
 5 APPPATH\Controllers\influencer_controller.php(63): view('view', [...])
 6 SYSTEMPATH\CodeIgniter.php(927): App\Controllers\influencer_controller->index()
 7 SYSTEMPATH\CodeIgniter.php(482): CodeIgniter\CodeIgniter->runController(Object(App\Controllers\influencer_controller))
 8 SYSTEMPATH\CodeIgniter.php(351): CodeIgniter\CodeIgniter->handleRequest(null, Object(Config\Cache), false)
 9 FCPATH\index.php(67): CodeIgniter\CodeIgniter->run()
CRITICAL - 2022-12-12 23:12:26 --> Trying to get property 'influencer_id' of non-object
in APPPATH\Libraries\post.php on line 155.
 1 APPPATH\Libraries\post.php(155): CodeIgniter\Debug\Exceptions->errorHandler(8, 'Trying to get property \'influencer_id\' of non-object', 'APPPATH\\Libraries\\post.php', 155, [...])
 2 APPPATH\Controllers\influencer_controller.php(40): App\Libraries\post->postt('11081', null)
 3 SYSTEMPATH\CodeIgniter.php(927): App\Controllers\influencer_controller->index()
 4 SYSTEMPATH\CodeIgniter.php(482): CodeIgniter\CodeIgniter->runController(Object(App\Controllers\influencer_controller))
 5 SYSTEMPATH\CodeIgniter.php(351): CodeIgniter\CodeIgniter->handleRequest(null, Object(Config\Cache), false)
 6 FCPATH\index.php(67): CodeIgniter\CodeIgniter->run()
CRITICAL - 2022-12-12 23:12:42 --> Undefined variable: data
in APPPATH\Views\view.php on line 101.
 1 APPPATH\Views\view.php(101): CodeIgniter\Debug\Exceptions->errorHandler(8, 'Undefined variable: data', 'APPPATH\\Views\\view.php', 101, [...])
 2 SYSTEMPATH\View\View.php(213): include('APPPATH\\Views\\view.php')
 3 SYSTEMPATH\View\View.php(216): CodeIgniter\View\View->CodeIgniter\View\{closure}()
 4 SYSTEMPATH\Common.php(1134): CodeIgniter\View\View->render('view', [], true)
 5 APPPATH\Controllers\influencer_controller.php(63): view('view', [...])
 6 SYSTEMPATH\CodeIgniter.php(927): App\Controllers\influencer_controller->index()
 7 SYSTEMPATH\CodeIgniter.php(482): CodeIgniter\CodeIgniter->runController(Object(App\Controllers\influencer_controller))
 8 SYSTEMPATH\CodeIgniter.php(351): CodeIgniter\CodeIgniter->handleRequest(null, Object(Config\Cache), false)
 9 FCPATH\index.php(67): CodeIgniter\CodeIgniter->run()
CRITICAL - 2022-12-12 23:13:07 --> Invalid argument supplied for foreach()
in APPPATH\Views\view.php on line 141.
 1 APPPATH\Views\view.php(141): CodeIgniter\Debug\Exceptions->errorHandler(2, 'Invalid argument supplied for foreach()', 'APPPATH\\Views\\view.php', 141, [...])
 2 SYSTEMPATH\View\View.php(213): include('APPPATH\\Views\\view.php')
 3 SYSTEMPATH\View\View.php(216): CodeIgniter\View\View->CodeIgniter\View\{closure}()
 4 SYSTEMPATH\Common.php(1134): CodeIgniter\View\View->render('view', [], true)
 5 APPPATH\Controllers\influencer_controller.php(63): view('view', [...])
 6 SYSTEMPATH\CodeIgniter.php(927): App\Controllers\influencer_controller->index()
 7 SYSTEMPATH\CodeIgniter.php(482): CodeIgniter\CodeIgniter->runController(Object(App\Controllers\influencer_controller))
 8 SYSTEMPATH\CodeIgniter.php(351): CodeIgniter\CodeIgniter->handleRequest(null, Object(Config\Cache), false)
 9 FCPATH\index.php(67): CodeIgniter\CodeIgniter->run()
CRITICAL - 2022-12-12 23:13:20 --> Undefined variable: database_63
in APPPATH\Views\view.php on line 141.
 1 APPPATH\Views\view.php(141): CodeIgniter\Debug\Exceptions->errorHandler(8, 'Undefined variable: database_63', 'APPPATH\\Views\\view.php', 141, [...])
 2 SYSTEMPATH\View\View.php(213): include('APPPATH\\Views\\view.php')
 3 SYSTEMPATH\View\View.php(216): CodeIgniter\View\View->CodeIgniter\View\{closure}()
 4 SYSTEMPATH\Common.php(1134): CodeIgniter\View\View->render('view', [], true)
 5 APPPATH\Controllers\influencer_controller.php(63): view('view', [...])
 6 SYSTEMPATH\CodeIgniter.php(927): App\Controllers\influencer_controller->index()
 7 SYSTEMPATH\CodeIgniter.php(482): CodeIgniter\CodeIgniter->runController(Object(App\Controllers\influencer_controller))
 8 SYSTEMPATH\CodeIgniter.php(351): CodeIgniter\CodeIgniter->handleRequest(null, Object(Config\Cache), false)
 9 FCPATH\index.php(67): CodeIgniter\CodeIgniter->run()
CRITICAL - 2022-12-12 23:43:57 --> Undefined variable: query63
in APPPATH\Controllers\influencer_controller.php on line 30.
 1 APPPATH\Controllers\influencer_controller.php(30): CodeIgniter\Debug\Exceptions->errorHandler(8, 'Undefined variable: query63', 'APPPATH\\Controllers\\influencer_controller.php', 30, [...])
 2 SYSTEMPATH\CodeIgniter.php(927): App\Controllers\influencer_controller->index()
 3 SYSTEMPATH\CodeIgniter.php(482): CodeIgniter\CodeIgniter->runController(Object(App\Controllers\influencer_controller))
 4 SYSTEMPATH\CodeIgniter.php(351): CodeIgniter\CodeIgniter->handleRequest(null, Object(Config\Cache), false)
 5 FCPATH\index.php(67): CodeIgniter\CodeIgniter->run()
CRITICAL - 2022-12-12 23:46:02 --> Undefined variable: i
in APPPATH\Views\view.php on line 138.
 1 APPPATH\Views\view.php(138): CodeIgniter\Debug\Exceptions->errorHandler(8, 'Undefined variable: i', 'APPPATH\\Views\\view.php', 138, [...])
 2 SYSTEMPATH\View\View.php(213): include('APPPATH\\Views\\view.php')
 3 SYSTEMPATH\View\View.php(216): CodeIgniter\View\View->CodeIgniter\View\{closure}()
 4 SYSTEMPATH\Common.php(1134): CodeIgniter\View\View->render('view', [], true)
 5 APPPATH\Controllers\influencer_controller.php(67): view('view', [...])
 6 SYSTEMPATH\CodeIgniter.php(927): App\Controllers\influencer_controller->index()
 7 SYSTEMPATH\CodeIgniter.php(482): CodeIgniter\CodeIgniter->runController(Object(App\Controllers\influencer_controller))
 8 SYSTEMPATH\CodeIgniter.php(351): CodeIgniter\CodeIgniter->handleRequest(null, Object(Config\Cache), false)
 9 FCPATH\index.php(67): CodeIgniter\CodeIgniter->run()
CRITICAL - 2022-12-12 23:46:17 --> Undefined variable: influencer_id
in APPPATH\Views\view.php on line 140.
 1 APPPATH\Views\view.php(140): CodeIgniter\Debug\Exceptions->errorHandler(8, 'Undefined variable: influencer_id', 'APPPATH\\Views\\view.php', 140, [...])
 2 SYSTEMPATH\View\View.php(213): include('APPPATH\\Views\\view.php')
 3 SYSTEMPATH\View\View.php(216): CodeIgniter\View\View->CodeIgniter\View\{closure}()
 4 SYSTEMPATH\Common.php(1134): CodeIgniter\View\View->render('view', [], true)
 5 APPPATH\Controllers\influencer_controller.php(67): view('view', [...])
 6 SYSTEMPATH\CodeIgniter.php(927): App\Controllers\influencer_controller->index()
 7 SYSTEMPATH\CodeIgniter.php(482): CodeIgniter\CodeIgniter->runController(Object(App\Controllers\influencer_controller))
 8 SYSTEMPATH\CodeIgniter.php(351): CodeIgniter\CodeIgniter->handleRequest(null, Object(Config\Cache), false)
 9 FCPATH\index.php(67): CodeIgniter\CodeIgniter->run()
CRITICAL - 2022-12-12 23:47:12 --> Undefined variable: data
in APPPATH\Views\view.php on line 140.
 1 APPPATH\Views\view.php(140): CodeIgniter\Debug\Exceptions->errorHandler(8, 'Undefined variable: data', 'APPPATH\\Views\\view.php', 140, [...])
 2 SYSTEMPATH\View\View.php(213): include('APPPATH\\Views\\view.php')
 3 SYSTEMPATH\View\View.php(216): CodeIgniter\View\View->CodeIgniter\View\{closure}()
 4 SYSTEMPATH\Common.php(1134): CodeIgniter\View\View->render('view', [], true)
 5 APPPATH\Controllers\influencer_controller.php(67): view('view', [...])
 6 SYSTEMPATH\CodeIgniter.php(927): App\Controllers\influencer_controller->index()
 7 SYSTEMPATH\CodeIgniter.php(482): CodeIgniter\CodeIgniter->runController(Object(App\Controllers\influencer_controller))
 8 SYSTEMPATH\CodeIgniter.php(351): CodeIgniter\CodeIgniter->handleRequest(null, Object(Config\Cache), false)
 9 FCPATH\index.php(67): CodeIgniter\CodeIgniter->run()
CRITICAL - 2022-12-12 23:52:57 --> Undefined variable: facebook_engage_rate
in APPPATH\Libraries\instagram_calculate.php on line 87.
 1 APPPATH\Libraries\instagram_calculate.php(87): CodeIgniter\Debug\Exceptions->errorHandler(8, 'Undefined variable: facebook_engage_rate', 'APPPATH\\Libraries\\instagram_calculate.php', 87, [...])
 2 APPPATH\Controllers\influencer_controller.php(56): App\Libraries\Instagram_Calculate->Instagram_Engage('11081', 'instagram')
 3 SYSTEMPATH\CodeIgniter.php(927): App\Controllers\influencer_controller->index()
 4 SYSTEMPATH\CodeIgniter.php(482): CodeIgniter\CodeIgniter->runController(Object(App\Controllers\influencer_controller))
 5 SYSTEMPATH\CodeIgniter.php(351): CodeIgniter\CodeIgniter->handleRequest(null, Object(Config\Cache), false)
 6 FCPATH\index.php(67): CodeIgniter\CodeIgniter->run()
CRITICAL - 2022-12-12 23:53:44 --> Undefined variable: engage_rate
in APPPATH\Libraries\tiktok_calculate.php on line 87.
 1 APPPATH\Libraries\tiktok_calculate.php(87): CodeIgniter\Debug\Exceptions->errorHandler(8, 'Undefined variable: engage_rate', 'APPPATH\\Libraries\\tiktok_calculate.php', 87, [...])
 2 APPPATH\Controllers\influencer_controller.php(61): App\Libraries\Tiktok_Calculate->Tiktok_Engage('11081', 'tiktok')
 3 SYSTEMPATH\CodeIgniter.php(927): App\Controllers\influencer_controller->index()
 4 SYSTEMPATH\CodeIgniter.php(482): CodeIgniter\CodeIgniter->runController(Object(App\Controllers\influencer_controller))
 5 SYSTEMPATH\CodeIgniter.php(351): CodeIgniter\CodeIgniter->handleRequest(null, Object(Config\Cache), false)
 6 FCPATH\index.php(67): CodeIgniter\CodeIgniter->run()
CRITICAL - 2022-12-12 23:53:55 --> Undefined variable: engage_rate
in APPPATH\Libraries\tiktok_calculate.php on line 87.
 1 APPPATH\Libraries\tiktok_calculate.php(87): CodeIgniter\Debug\Exceptions->errorHandler(8, 'Undefined variable: engage_rate', 'APPPATH\\Libraries\\tiktok_calculate.php', 87, [...])
 2 APPPATH\Controllers\influencer_controller.php(61): App\Libraries\Tiktok_Calculate->Tiktok_Engage('11081', 'tiktok')
 3 SYSTEMPATH\CodeIgniter.php(927): App\Controllers\influencer_controller->index()
 4 SYSTEMPATH\CodeIgniter.php(482): CodeIgniter\CodeIgniter->runController(Object(App\Controllers\influencer_controller))
 5 SYSTEMPATH\CodeIgniter.php(351): CodeIgniter\CodeIgniter->handleRequest(null, Object(Config\Cache), false)
 6 FCPATH\index.php(67): CodeIgniter\CodeIgniter->run()
