CRITICAL - 2022-12-05 19:59:27 --> Undefined variable $database_63
in APPPATH\Views\demo_view.php on line 858.
 1 APPPATH\Views\demo_view.php(858): CodeIgniter\Debug\Exceptions->errorHandler(2, 'Undefined variable $database_63', 'APPPATH\\Views\\demo_view.php', 858)
 2 SYSTEMPATH\View\View.php(213): include('APPPATH\\Views\\demo_view.php')
 3 SYSTEMPATH\View\View.php(216): CodeIgniter\View\View->CodeIgniter\View\{closure}()
 4 SYSTEMPATH\Common.php(1134): CodeIgniter\View\View->render('demo_view', [], true)
 5 APPPATH\Controllers\influencer_controller.php(76): view('demo_view', [...])
 6 SYSTEMPATH\CodeIgniter.php(927): App\Controllers\influencer_controller->index()
 7 SYSTEMPATH\CodeIgniter.php(482): CodeIgniter\CodeIgniter->runController(Object(App\Controllers\influencer_controller))
 8 SYSTEMPATH\CodeIgniter.php(351): CodeIgniter\CodeIgniter->handleRequest(null, Object(Config\Cache), false)
 9 FCPATH\index.php(67): CodeIgniter\CodeIgniter->run()
CRITICAL - 2022-12-05 20:05:44 --> Undefined variable $database_63
in APPPATH\Views\demo_view.php on line 858.
 1 APPPATH\Views\demo_view.php(858): CodeIgniter\Debug\Exceptions->errorHandler(2, 'Undefined variable $database_63', 'APPPATH\\Views\\demo_view.php', 858)
 2 SYSTEMPATH\View\View.php(213): include('APPPATH\\Views\\demo_view.php')
 3 SYSTEMPATH\View\View.php(216): CodeIgniter\View\View->CodeIgniter\View\{closure}()
 4 SYSTEMPATH\Common.php(1134): CodeIgniter\View\View->render('demo_view', [], true)
 5 APPPATH\Controllers\influencer_controller.php(76): view('demo_view', [...])
 6 SYSTEMPATH\CodeIgniter.php(927): App\Controllers\influencer_controller->index()
 7 SYSTEMPATH\CodeIgniter.php(482): CodeIgniter\CodeIgniter->runController(Object(App\Controllers\influencer_controller))
 8 SYSTEMPATH\CodeIgniter.php(351): CodeIgniter\CodeIgniter->handleRequest(null, Object(Config\Cache), false)
 9 FCPATH\index.php(67): CodeIgniter\CodeIgniter->run()
CRITICAL - 2022-12-05 20:50:51 --> default is not a valid database connection group.
in SYSTEMPATH\Database\Config.php on line 70.
 1 SYSTEMPATH\Model.php(137): CodeIgniter\Database\Config::connect('default')
 2 APPPATH\Controllers\influencer_controller.php(15): CodeIgniter\Model->__construct()
 3 SYSTEMPATH\CodeIgniter.php(927): App\Controllers\influencer_controller->index()
 4 SYSTEMPATH\CodeIgniter.php(482): CodeIgniter\CodeIgniter->runController(Object(App\Controllers\influencer_controller))
 5 SYSTEMPATH\CodeIgniter.php(351): CodeIgniter\CodeIgniter->handleRequest(null, Object(Config\Cache), false)
 6 FCPATH\index.php(67): CodeIgniter\CodeIgniter->run()
CRITICAL - 2022-12-05 20:52:39 --> default is not a valid database connection group.
in SYSTEMPATH\Database\Config.php on line 70.
 1 SYSTEMPATH\Model.php(137): CodeIgniter\Database\Config::connect('default')
 2 APPPATH\Controllers\influencer_controller.php(15): CodeIgniter\Model->__construct()
 3 SYSTEMPATH\CodeIgniter.php(927): App\Controllers\influencer_controller->index()
 4 SYSTEMPATH\CodeIgniter.php(482): CodeIgniter\CodeIgniter->runController(Object(App\Controllers\influencer_controller))
 5 SYSTEMPATH\CodeIgniter.php(351): CodeIgniter\CodeIgniter->handleRequest(null, Object(Config\Cache), false)
 6 FCPATH\index.php(67): CodeIgniter\CodeIgniter->run()
CRITICAL - 2022-12-05 20:57:18 --> default is not a valid database connection group.
in SYSTEMPATH\Database\Config.php on line 70.
 1 SYSTEMPATH\Model.php(137): CodeIgniter\Database\Config::connect('default')
 2 APPPATH\Controllers\influencer_controller.php(15): CodeIgniter\Model->__construct()
 3 SYSTEMPATH\CodeIgniter.php(927): App\Controllers\influencer_controller->index()
 4 SYSTEMPATH\CodeIgniter.php(482): CodeIgniter\CodeIgniter->runController(Object(App\Controllers\influencer_controller))
 5 SYSTEMPATH\CodeIgniter.php(351): CodeIgniter\CodeIgniter->handleRequest(null, Object(Config\Cache), false)
 6 FCPATH\index.php(67): CodeIgniter\CodeIgniter->run()
CRITICAL - 2022-12-05 20:57:26 --> default is not a valid database connection group.
in SYSTEMPATH\Database\Config.php on line 70.
 1 SYSTEMPATH\Model.php(137): CodeIgniter\Database\Config::connect('default')
 2 APPPATH\Controllers\influencer_controller.php(15): CodeIgniter\Model->__construct()
 3 SYSTEMPATH\CodeIgniter.php(927): App\Controllers\influencer_controller->index()
 4 SYSTEMPATH\CodeIgniter.php(482): CodeIgniter\CodeIgniter->runController(Object(App\Controllers\influencer_controller))
 5 SYSTEMPATH\CodeIgniter.php(351): CodeIgniter\CodeIgniter->handleRequest(null, Object(Config\Cache), false)
 6 FCPATH\index.php(67): CodeIgniter\CodeIgniter->run()
CRITICAL - 2022-12-05 21:12:28 --> default is not a valid database connection group.
in SYSTEMPATH\Database\Config.php on line 70.
 1 SYSTEMPATH\Model.php(137): CodeIgniter\Database\Config::connect('default')
 2 APPPATH\Controllers\influencer_controller.php(15): CodeIgniter\Model->__construct()
 3 SYSTEMPATH\CodeIgniter.php(927): App\Controllers\influencer_controller->index()
 4 SYSTEMPATH\CodeIgniter.php(482): CodeIgniter\CodeIgniter->runController(Object(App\Controllers\influencer_controller))
 5 SYSTEMPATH\CodeIgniter.php(351): CodeIgniter\CodeIgniter->handleRequest(null, Object(Config\Cache), false)
 6 FCPATH\index.php(67): CodeIgniter\CodeIgniter->run()
CRITICAL - 2022-12-05 21:18:39 --> You must set the database table to be used with your query.
in SYSTEMPATH\Database\BaseConnection.php on line 845.
 1 SYSTEMPATH\Model.php(587): CodeIgniter\Database\BaseConnection->table(null)
 2 SYSTEMPATH\Model.php(735): CodeIgniter\Model->builder()
 3 APPPATH\Controllers\influencer_controller.php(17): CodeIgniter\Model->__get('query_63')
 4 SYSTEMPATH\CodeIgniter.php(927): App\Controllers\influencer_controller->index()
 5 SYSTEMPATH\CodeIgniter.php(482): CodeIgniter\CodeIgniter->runController(Object(App\Controllers\influencer_controller))
 6 SYSTEMPATH\CodeIgniter.php(351): CodeIgniter\CodeIgniter->handleRequest(null, Object(Config\Cache), false)
 7 FCPATH\index.php(67): CodeIgniter\CodeIgniter->run()
CRITICAL - 2022-12-05 21:20:25 --> You must set the database table to be used with your query.
in SYSTEMPATH\Database\BaseConnection.php on line 845.
 1 SYSTEMPATH\Model.php(587): CodeIgniter\Database\BaseConnection->table(null)
 2 SYSTEMPATH\Model.php(735): CodeIgniter\Model->builder()
 3 APPPATH\Controllers\influencer_controller.php(17): CodeIgniter\Model->__get('query_63')
 4 SYSTEMPATH\CodeIgniter.php(927): App\Controllers\influencer_controller->index()
 5 SYSTEMPATH\CodeIgniter.php(482): CodeIgniter\CodeIgniter->runController(Object(App\Controllers\influencer_controller))
 6 SYSTEMPATH\CodeIgniter.php(351): CodeIgniter\CodeIgniter->handleRequest(null, Object(Config\Cache), false)
 7 FCPATH\index.php(67): CodeIgniter\CodeIgniter->run()
CRITICAL - 2022-12-05 21:30:58 --> You must set the database table to be used with your query.
in SYSTEMPATH\Database\BaseConnection.php on line 845.
 1 SYSTEMPATH\Model.php(587): CodeIgniter\Database\BaseConnection->table(null)
 2 SYSTEMPATH\Model.php(735): CodeIgniter\Model->builder()
 3 APPPATH\Controllers\influencer_controller.php(17): CodeIgniter\Model->__get('query_63')
 4 SYSTEMPATH\CodeIgniter.php(927): App\Controllers\influencer_controller->index()
 5 SYSTEMPATH\CodeIgniter.php(482): CodeIgniter\CodeIgniter->runController(Object(App\Controllers\influencer_controller))
 6 SYSTEMPATH\CodeIgniter.php(351): CodeIgniter\CodeIgniter->handleRequest(null, Object(Config\Cache), false)
 7 FCPATH\index.php(67): CodeIgniter\CodeIgniter->run()
CRITICAL - 2022-12-05 21:35:25 --> You must set the database table to be used with your query.
in SYSTEMPATH\Database\BaseConnection.php on line 845.
 1 SYSTEMPATH\Model.php(587): CodeIgniter\Database\BaseConnection->table(null)
 2 SYSTEMPATH\Model.php(735): CodeIgniter\Model->builder()
 3 APPPATH\Controllers\influencer_controller.php(17): CodeIgniter\Model->__get('query_63')
 4 SYSTEMPATH\CodeIgniter.php(927): App\Controllers\influencer_controller->index()
 5 SYSTEMPATH\CodeIgniter.php(482): CodeIgniter\CodeIgniter->runController(Object(App\Controllers\influencer_controller))
 6 SYSTEMPATH\CodeIgniter.php(351): CodeIgniter\CodeIgniter->handleRequest(null, Object(Config\Cache), false)
 7 FCPATH\index.php(67): CodeIgniter\CodeIgniter->run()
CRITICAL - 2022-12-05 21:35:43 --> You must set the database table to be used with your query.
in SYSTEMPATH\Database\BaseConnection.php on line 845.
 1 SYSTEMPATH\Model.php(587): CodeIgniter\Database\BaseConnection->table(null)
 2 SYSTEMPATH\Model.php(735): CodeIgniter\Model->builder()
 3 APPPATH\Controllers\influencer_controller.php(17): CodeIgniter\Model->__get('query_63')
 4 SYSTEMPATH\CodeIgniter.php(927): App\Controllers\influencer_controller->index()
 5 SYSTEMPATH\CodeIgniter.php(482): CodeIgniter\CodeIgniter->runController(Object(App\Controllers\influencer_controller))
 6 SYSTEMPATH\CodeIgniter.php(351): CodeIgniter\CodeIgniter->handleRequest(null, Object(Config\Cache), false)
 7 FCPATH\index.php(67): CodeIgniter\CodeIgniter->run()
CRITICAL - 2022-12-05 22:30:11 --> database63 is not a valid database connection group.
in SYSTEMPATH\Database\Config.php on line 70.
 1 SYSTEMPATH\Common.php(349): CodeIgniter\Database\Config::connect('database63', true)
 2 APPPATH\Controllers\influencer_controller.php(29): db_connect('database63')
 3 SYSTEMPATH\CodeIgniter.php(927): App\Controllers\influencer_controller->index()
 4 SYSTEMPATH\CodeIgniter.php(482): CodeIgniter\CodeIgniter->runController(Object(App\Controllers\influencer_controller))
 5 SYSTEMPATH\CodeIgniter.php(351): CodeIgniter\CodeIgniter->handleRequest(null, Object(Config\Cache), false)
 6 FCPATH\index.php(67): CodeIgniter\CodeIgniter->run()
CRITICAL - 2022-12-05 22:30:29 --> You must set the database table to be used with your query.
in SYSTEMPATH\Database\BaseConnection.php on line 845.
 1 SYSTEMPATH\Model.php(587): CodeIgniter\Database\BaseConnection->table(null)
 2 SYSTEMPATH\Model.php(735): CodeIgniter\Model->builder()
 3 APPPATH\Controllers\influencer_controller.php(17): CodeIgniter\Model->__get('query_63')
 4 SYSTEMPATH\CodeIgniter.php(927): App\Controllers\influencer_controller->index()
 5 SYSTEMPATH\CodeIgniter.php(482): CodeIgniter\CodeIgniter->runController(Object(App\Controllers\influencer_controller))
 6 SYSTEMPATH\CodeIgniter.php(351): CodeIgniter\CodeIgniter->handleRequest(null, Object(Config\Cache), false)
 7 FCPATH\index.php(67): CodeIgniter\CodeIgniter->run()
CRITICAL - 2022-12-05 23:58:44 --> You must set the database table to be used with your query.
in SYSTEMPATH\Database\BaseConnection.php on line 845.
 1 SYSTEMPATH\Model.php(587): CodeIgniter\Database\BaseConnection->table(null)
 2 SYSTEMPATH\Model.php(735): CodeIgniter\Model->builder()
 3 APPPATH\Controllers\influencer_controller.php(17): CodeIgniter\Model->__get('query_63')
 4 SYSTEMPATH\CodeIgniter.php(927): App\Controllers\influencer_controller->index()
 5 SYSTEMPATH\CodeIgniter.php(482): CodeIgniter\CodeIgniter->runController(Object(App\Controllers\influencer_controller))
 6 SYSTEMPATH\CodeIgniter.php(351): CodeIgniter\CodeIgniter->handleRequest(null, Object(Config\Cache), false)
 7 FCPATH\index.php(67): CodeIgniter\CodeIgniter->run()
