ERROR - 2023-02-13 01:54:07 --> Error connecting to the database: mysqli_sql_exception: A connection attempt failed because the connected party did not properly respond after a period of time, or established connection failed because connected host has failed to respond.
 in C:\xampp\htdocs\Project\system\Database\MySQLi\Connection.php:171
Stack trace:
#0 C:\xampp\htdocs\Project\system\Database\MySQLi\Connection.php(171): mysqli->real_connect('192.168.11.24', 'intern', 'TVIw3yZchDLH', 'influencer', 3306, '', 0)
#1 C:\xampp\htdocs\Project\system\Database\BaseConnection.php(382): CodeIgniter\Database\MySQLi\Connection->connect(false)
#2 C:\xampp\htdocs\Project\system\Database\BaseConnection.php(561): CodeIgniter\Database\BaseConnection->initialize()
#3 C:\xampp\htdocs\Project\system\Model.php(768): CodeIgniter\Database\BaseConnection->query('SELECT facebook...')
#4 C:\xampp\htdocs\Project\app\Models\database24_.php(22): CodeIgniter\Model->__call('query', Array)
#5 C:\xampp\htdocs\Project\app\Controllers\influencer_controller.php(38): App\Models\database24_->query_24(NULL, NULL)
#6 C:\xampp\htdocs\Project\system\CodeIgniter.php(927): App\Controllers\influencer_controller->index()
#7 C:\xampp\htdocs\Project\system\CodeIgniter.php(482): CodeIgniter\CodeIgniter->runController(Object(App\Controllers\influencer_controller))
#8 C:\xampp\htdocs\Project\system\CodeIgniter.php(351): CodeIgniter\CodeIgniter->handleRequest(NULL, Object(Config\Cache), false)
#9 C:\xampp\htdocs\Project\public\index.php(67): CodeIgniter\CodeIgniter->run()
#10 {main}

Next CodeIgniter\Database\Exceptions\DatabaseException: A connection attempt failed because the connected party did not properly respond after a period of time, or established connection failed because connected host has failed to respond.
 in C:\xampp\htdocs\Project\system\Database\MySQLi\Connection.php:215
Stack trace:
#0 C:\xampp\htdocs\Project\system\Database\BaseConnection.php(382): CodeIgniter\Database\MySQLi\Connection->connect(false)
#1 C:\xampp\htdocs\Project\system\Database\BaseConnection.php(561): CodeIgniter\Database\BaseConnection->initialize()
#2 C:\xampp\htdocs\Project\system\Model.php(768): CodeIgniter\Database\BaseConnection->query('SELECT facebook...')
#3 C:\xampp\htdocs\Project\app\Models\database24_.php(22): CodeIgniter\Model->__call('query', Array)
#4 C:\xampp\htdocs\Project\app\Controllers\influencer_controller.php(38): App\Models\database24_->query_24(NULL, NULL)
#5 C:\xampp\htdocs\Project\system\CodeIgniter.php(927): App\Controllers\influencer_controller->index()
#6 C:\xampp\htdocs\Project\system\CodeIgniter.php(482): CodeIgniter\CodeIgniter->runController(Object(App\Controllers\influencer_controller))
#7 C:\xampp\htdocs\Project\system\CodeIgniter.php(351): CodeIgniter\CodeIgniter->handleRequest(NULL, Object(Config\Cache), false)
#8 C:\xampp\htdocs\Project\public\index.php(67): CodeIgniter\CodeIgniter->run()
#9 {main}
CRITICAL - 2023-02-13 01:54:07 --> Unable to connect to the database.
Main connection [MySQLi]: A connection attempt failed because the connected party did not properly respond after a period of time, or established connection failed because connected host has failed to respond.

in SYSTEMPATH\Database\BaseConnection.php on line 418.
 1 SYSTEMPATH\Database\BaseConnection.php(561): CodeIgniter\Database\BaseConnection->initialize()
 2 SYSTEMPATH\Model.php(768): CodeIgniter\Database\BaseConnection->query('SELECT facebook_engage_average,facebook_engage_rate,facebook_link,facebook_followed
        ,instagram_engage_average, instagram_engage_rate,instagram_link,instagram_followed_by
        ,twitter_engage_average,twitter_engage_rate,twitter_link,twitter_followers
        ,tiktok_engage_average,tiktok_engage_rate,tiktok_link,tiktok_followers
        FROM influencer WHERE   influencer_id = \'\'
        ORDER BY created_date DESC
        LIMIT 0, 1')
 3 APPPATH\Models\database24_.php(22): CodeIgniter\Model->__call('query', [...])
 4 APPPATH\Controllers\influencer_controller.php(38): App\Models\database24_->query_24(null, null)
 5 SYSTEMPATH\CodeIgniter.php(927): App\Controllers\influencer_controller->index()
 6 SYSTEMPATH\CodeIgniter.php(482): CodeIgniter\CodeIgniter->runController(Object(App\Controllers\influencer_controller))
 7 SYSTEMPATH\CodeIgniter.php(351): CodeIgniter\CodeIgniter->handleRequest(null, Object(Config\Cache), false)
 8 FCPATH\index.php(67): CodeIgniter\CodeIgniter->run()
