ERROR - 2022-12-15 04:18:31 --> Error connecting to the database: mysqli_sql_exception: A connection attempt failed because the connected party did not properly respond after a period of time, or established connection failed because connected host has failed to respond.
 in C:\xampp\htdocs\Project\system\Database\MySQLi\Connection.php:171
Stack trace:
#0 C:\xampp\htdocs\Project\system\Database\MySQLi\Connection.php(171): mysqli->real_connect('122.155.166.63', 'intern', 'TVIw3yZchDLH', 'influencer', 3306, '', 0)
#1 C:\xampp\htdocs\Project\system\Database\BaseConnection.php(382): CodeIgniter\Database\MySQLi\Connection->connect(false)
#2 C:\xampp\htdocs\Project\system\Database\BaseConnection.php(561): CodeIgniter\Database\BaseConnection->initialize()
#3 C:\xampp\htdocs\Project\system\Model.php(768): CodeIgniter\Database\BaseConnection->query('SELECT rawdata,...')
#4 C:\xampp\htdocs\Project\app\Models\database63_.php(20): CodeIgniter\Model->__call('query', Array)
#5 C:\xampp\htdocs\Project\app\Controllers\influencer_controller.php(33): App\Models\database63_->query_63(NULL, NULL)
#6 C:\xampp\htdocs\Project\system\CodeIgniter.php(927): App\Controllers\influencer_controller->index()
#7 C:\xampp\htdocs\Project\system\CodeIgniter.php(482): CodeIgniter\CodeIgniter->runController(Object(App\Controllers\influencer_controller))
#8 C:\xampp\htdocs\Project\system\CodeIgniter.php(351): CodeIgniter\CodeIgniter->handleRequest(NULL, Object(Config\Cache), false)
#9 C:\xampp\htdocs\Project\public\index.php(67): CodeIgniter\CodeIgniter->run()
#10 {main}

Next CodeIgniter\Database\Exceptions\DatabaseException: A connection attempt failed because the connected party did not properly respond after a period of time, or established connection failed because connected host has failed to respond.
 in C:\xampp\htdocs\Project\system\Database\MySQLi\Connection.php:215
Stack trace:
#0 C:\xampp\htdocs\Project\system\Database\BaseConnection.php(382): CodeIgniter\Database\MySQLi\Connection->connect(false)
#1 C:\xampp\htdocs\Project\system\Database\BaseConnection.php(561): CodeIgniter\Database\BaseConnection->initialize()
#2 C:\xampp\htdocs\Project\system\Model.php(768): CodeIgniter\Database\BaseConnection->query('SELECT rawdata,...')
#3 C:\xampp\htdocs\Project\app\Models\database63_.php(20): CodeIgniter\Model->__call('query', Array)
#4 C:\xampp\htdocs\Project\app\Controllers\influencer_controller.php(33): App\Models\database63_->query_63(NULL, NULL)
#5 C:\xampp\htdocs\Project\system\CodeIgniter.php(927): App\Controllers\influencer_controller->index()
#6 C:\xampp\htdocs\Project\system\CodeIgniter.php(482): CodeIgniter\CodeIgniter->runController(Object(App\Controllers\influencer_controller))
#7 C:\xampp\htdocs\Project\system\CodeIgniter.php(351): CodeIgniter\CodeIgniter->handleRequest(NULL, Object(Config\Cache), false)
#8 C:\xampp\htdocs\Project\public\index.php(67): CodeIgniter\CodeIgniter->run()
#9 {main}
CRITICAL - 2022-12-15 04:18:31 --> Unable to connect to the database.
Main connection [MySQLi]: A connection attempt failed because the connected party did not properly respond after a period of time, or established connection failed because connected host has failed to respond.

in SYSTEMPATH\Database\BaseConnection.php on line 418.
 1 SYSTEMPATH\Database\BaseConnection.php(561): CodeIgniter\Database\BaseConnection->initialize()
 2 SYSTEMPATH\Model.php(768): CodeIgniter\Database\BaseConnection->query('SELECT rawdata,follower,post_total FROM influencer_stat_post_recent WHERE network = \'\' AND influencer_id = \'\'
        ORDER BY create_date DESC
        LIMIT 0,1')
 3 APPPATH\Models\database63_.php(20): CodeIgniter\Model->__call('query', [...])
 4 APPPATH\Controllers\influencer_controller.php(33): App\Models\database63_->query_63(null, null)
 5 SYSTEMPATH\CodeIgniter.php(927): App\Controllers\influencer_controller->index()
 6 SYSTEMPATH\CodeIgniter.php(482): CodeIgniter\CodeIgniter->runController(Object(App\Controllers\influencer_controller))
 7 SYSTEMPATH\CodeIgniter.php(351): CodeIgniter\CodeIgniter->handleRequest(null, Object(Config\Cache), false)
 8 FCPATH\index.php(67): CodeIgniter\CodeIgniter->run()
ERROR - 2022-12-15 04:18:36 --> mysqli_sql_exception: MySQL server has gone away in C:\xampp\htdocs\Project\system\Database\MySQLi\Connection.php:292
Stack trace:
#0 C:\xampp\htdocs\Project\system\Database\MySQLi\Connection.php(292): mysqli->query('SELECT influenc...', 0)
#1 C:\xampp\htdocs\Project\system\Database\BaseConnection.php(666): CodeIgniter\Database\MySQLi\Connection->execute('SELECT influenc...')
#2 C:\xampp\htdocs\Project\system\Database\BaseConnection.php(593): CodeIgniter\Database\BaseConnection->simpleQuery('SELECT influenc...')
#3 C:\xampp\htdocs\Project\system\Model.php(768): CodeIgniter\Database\BaseConnection->query('SELECT influenc...')
#4 C:\xampp\htdocs\Project\app\Models\database63_.php(27): CodeIgniter\Model->__call('query', Array)
#5 C:\xampp\htdocs\Project\app\Controllers\influencer_controller.php(33): App\Models\database63_->query_63('11083', 'facebook')
#6 C:\xampp\htdocs\Project\system\CodeIgniter.php(927): App\Controllers\influencer_controller->index()
#7 C:\xampp\htdocs\Project\system\CodeIgniter.php(482): CodeIgniter\CodeIgniter->runController(Object(App\Controllers\influencer_controller))
#8 C:\xampp\htdocs\Project\system\CodeIgniter.php(351): CodeIgniter\CodeIgniter->handleRequest(NULL, Object(Config\Cache), false)
#9 C:\xampp\htdocs\Project\public\index.php(67): CodeIgniter\CodeIgniter->run()
#10 {main}
ERROR - 2022-12-15 04:18:36 --> mysqli_sql_exception: MySQL server has gone away in C:\xampp\htdocs\Project\system\Database\MySQLi\Connection.php:292
Stack trace:
#0 C:\xampp\htdocs\Project\system\Database\MySQLi\Connection.php(292): mysqli->query('SELECT influenc...', 0)
#1 C:\xampp\htdocs\Project\system\Database\BaseConnection.php(666): CodeIgniter\Database\MySQLi\Connection->execute('SELECT influenc...')
#2 C:\xampp\htdocs\Project\system\Database\BaseConnection.php(593): CodeIgniter\Database\BaseConnection->simpleQuery('SELECT influenc...')
#3 C:\xampp\htdocs\Project\system\Model.php(768): CodeIgniter\Database\BaseConnection->query('SELECT influenc...')
#4 C:\xampp\htdocs\Project\app\Models\database63_.php(27): CodeIgniter\Model->__call('query', Array)
#5 C:\xampp\htdocs\Project\app\Controllers\influencer_controller.php(33): App\Models\database63_->query_63('11083', 'facebook')
#6 C:\xampp\htdocs\Project\system\CodeIgniter.php(927): App\Controllers\influencer_controller->index()
#7 C:\xampp\htdocs\Project\system\CodeIgniter.php(482): CodeIgniter\CodeIgniter->runController(Object(App\Controllers\influencer_controller))
#8 C:\xampp\htdocs\Project\system\CodeIgniter.php(351): CodeIgniter\CodeIgniter->handleRequest(NULL, Object(Config\Cache), false)
#9 C:\xampp\htdocs\Project\public\index.php(67): CodeIgniter\CodeIgniter->run()
#10 {main}
ERROR - 2022-12-15 04:18:36 --> mysqli_sql_exception: MySQL server has gone away in C:\xampp\htdocs\Project\system\Database\MySQLi\Connection.php:292
Stack trace:
#0 C:\xampp\htdocs\Project\system\Database\MySQLi\Connection.php(292): mysqli->query('SELECT influenc...', 0)
#1 C:\xampp\htdocs\Project\system\Database\BaseConnection.php(666): CodeIgniter\Database\MySQLi\Connection->execute('SELECT influenc...')
#2 C:\xampp\htdocs\Project\system\Database\BaseConnection.php(593): CodeIgniter\Database\BaseConnection->simpleQuery('SELECT influenc...')
#3 C:\xampp\htdocs\Project\system\Model.php(768): CodeIgniter\Database\BaseConnection->query('SELECT influenc...')
#4 C:\xampp\htdocs\Project\app\Models\database63_.php(27): CodeIgniter\Model->__call('query', Array)
#5 C:\xampp\htdocs\Project\app\Controllers\influencer_controller.php(33): App\Models\database63_->query_63('11083', 'facebook')
#6 C:\xampp\htdocs\Project\system\CodeIgniter.php(927): App\Controllers\influencer_controller->index()
#7 C:\xampp\htdocs\Project\system\CodeIgniter.php(482): CodeIgniter\CodeIgniter->runController(Object(App\Controllers\influencer_controller))
#8 C:\xampp\htdocs\Project\system\CodeIgniter.php(351): CodeIgniter\CodeIgniter->handleRequest(NULL, Object(Config\Cache), false)
#9 C:\xampp\htdocs\Project\public\index.php(67): CodeIgniter\CodeIgniter->run()
#10 {main}
ERROR - 2022-12-15 04:18:36 --> mysqli_sql_exception: MySQL server has gone away in C:\xampp\htdocs\Project\system\Database\MySQLi\Connection.php:292
Stack trace:
#0 C:\xampp\htdocs\Project\system\Database\MySQLi\Connection.php(292): mysqli->query('SELECT influenc...', 0)
#1 C:\xampp\htdocs\Project\system\Database\BaseConnection.php(666): CodeIgniter\Database\MySQLi\Connection->execute('SELECT influenc...')
#2 C:\xampp\htdocs\Project\system\Database\BaseConnection.php(593): CodeIgniter\Database\BaseConnection->simpleQuery('SELECT influenc...')
#3 C:\xampp\htdocs\Project\system\Model.php(768): CodeIgniter\Database\BaseConnection->query('SELECT influenc...')
#4 C:\xampp\htdocs\Project\app\Models\database63_.php(27): CodeIgniter\Model->__call('query', Array)
#5 C:\xampp\htdocs\Project\app\Controllers\influencer_controller.php(33): App\Models\database63_->query_63('11083', 'facebook')
#6 C:\xampp\htdocs\Project\system\CodeIgniter.php(927): App\Controllers\influencer_controller->index()
#7 C:\xampp\htdocs\Project\system\CodeIgniter.php(482): CodeIgniter\CodeIgniter->runController(Object(App\Controllers\influencer_controller))
#8 C:\xampp\htdocs\Project\system\CodeIgniter.php(351): CodeIgniter\CodeIgniter->handleRequest(NULL, Object(Config\Cache), false)
#9 C:\xampp\htdocs\Project\public\index.php(67): CodeIgniter\CodeIgniter->run()
#10 {main}
CRITICAL - 2022-12-15 04:18:36 --> MySQL server has gone away
in SYSTEMPATH\Database\MySQLi\Connection.php on line 292.
 1 SYSTEMPATH\Database\MySQLi\Connection.php(292): mysqli->query('SELECT influencer_id, network, follower, post_total,create_date 
		FROM influencer_stat_post_recent 
		WHERE influencer_id = \'11083\'
		ORDER BY create_date DESC
		LIMIT 0, 50', 0)
 2 SYSTEMPATH\Database\BaseConnection.php(666): CodeIgniter\Database\MySQLi\Connection->execute('SELECT influencer_id, network, follower, post_total,create_date 
		FROM influencer_stat_post_recent 
		WHERE influencer_id = \'11083\'
		ORDER BY create_date DESC
		LIMIT 0, 50')
 3 SYSTEMPATH\Database\BaseConnection.php(593): CodeIgniter\Database\BaseConnection->simpleQuery('SELECT influencer_id, network, follower, post_total,create_date 
		FROM influencer_stat_post_recent 
		WHERE influencer_id = \'11083\'
		ORDER BY create_date DESC
		LIMIT 0, 50')
 4 SYSTEMPATH\Model.php(768): CodeIgniter\Database\BaseConnection->query('SELECT influencer_id, network, follower, post_total,create_date 
		FROM influencer_stat_post_recent 
		WHERE influencer_id = \'11083\'
		ORDER BY create_date DESC
		LIMIT 0, 50')
 5 APPPATH\Models\database63_.php(27): CodeIgniter\Model->__call('query', [...])
 6 APPPATH\Controllers\influencer_controller.php(33): App\Models\database63_->query_63('11083', 'facebook')
 7 SYSTEMPATH\CodeIgniter.php(927): App\Controllers\influencer_controller->index()
 8 SYSTEMPATH\CodeIgniter.php(482): CodeIgniter\CodeIgniter->runController(Object(App\Controllers\influencer_controller))
 9 SYSTEMPATH\CodeIgniter.php(351): CodeIgniter\CodeIgniter->handleRequest(null, Object(Config\Cache), false)
10 FCPATH\index.php(67): CodeIgniter\CodeIgniter->run()
CRITICAL - 2022-12-15 04:18:36 --> MySQL server has gone away
in SYSTEMPATH\Database\MySQLi\Connection.php on line 292.
 1 SYSTEMPATH\Database\MySQLi\Connection.php(292): mysqli->query('SELECT influencer_id, network, follower, post_total,create_date 
		FROM influencer_stat_post_recent 
		WHERE influencer_id = \'11083\'
		ORDER BY create_date DESC
		LIMIT 0, 50', 0)
 2 SYSTEMPATH\Database\BaseConnection.php(666): CodeIgniter\Database\MySQLi\Connection->execute('SELECT influencer_id, network, follower, post_total,create_date 
		FROM influencer_stat_post_recent 
		WHERE influencer_id = \'11083\'
		ORDER BY create_date DESC
		LIMIT 0, 50')
 3 SYSTEMPATH\Database\BaseConnection.php(593): CodeIgniter\Database\BaseConnection->simpleQuery('SELECT influencer_id, network, follower, post_total,create_date 
		FROM influencer_stat_post_recent 
		WHERE influencer_id = \'11083\'
		ORDER BY create_date DESC
		LIMIT 0, 50')
 4 SYSTEMPATH\Model.php(768): CodeIgniter\Database\BaseConnection->query('SELECT influencer_id, network, follower, post_total,create_date 
		FROM influencer_stat_post_recent 
		WHERE influencer_id = \'11083\'
		ORDER BY create_date DESC
		LIMIT 0, 50')
 5 APPPATH\Models\database63_.php(27): CodeIgniter\Model->__call('query', [...])
 6 APPPATH\Controllers\influencer_controller.php(33): App\Models\database63_->query_63('11083', 'facebook')
 7 SYSTEMPATH\CodeIgniter.php(927): App\Controllers\influencer_controller->index()
 8 SYSTEMPATH\CodeIgniter.php(482): CodeIgniter\CodeIgniter->runController(Object(App\Controllers\influencer_controller))
 9 SYSTEMPATH\CodeIgniter.php(351): CodeIgniter\CodeIgniter->handleRequest(null, Object(Config\Cache), false)
10 FCPATH\index.php(67): CodeIgniter\CodeIgniter->run()
ERROR - 2022-12-15 04:18:36 --> mysqli_sql_exception: MySQL server has gone away in C:\xampp\htdocs\Project\system\Database\MySQLi\Connection.php:292
Stack trace:
#0 C:\xampp\htdocs\Project\system\Database\MySQLi\Connection.php(292): mysqli->query('SELECT influenc...', 0)
#1 C:\xampp\htdocs\Project\system\Database\BaseConnection.php(666): CodeIgniter\Database\MySQLi\Connection->execute('SELECT influenc...')
#2 C:\xampp\htdocs\Project\system\Database\BaseConnection.php(593): CodeIgniter\Database\BaseConnection->simpleQuery('SELECT influenc...')
#3 C:\xampp\htdocs\Project\system\Model.php(768): CodeIgniter\Database\BaseConnection->query('SELECT influenc...')
#4 C:\xampp\htdocs\Project\app\Models\database63_.php(27): CodeIgniter\Model->__call('query', Array)
#5 C:\xampp\htdocs\Project\app\Controllers\influencer_controller.php(33): App\Models\database63_->query_63('11083', 'facebook')
#6 C:\xampp\htdocs\Project\system\CodeIgniter.php(927): App\Controllers\influencer_controller->index()
#7 C:\xampp\htdocs\Project\system\CodeIgniter.php(482): CodeIgniter\CodeIgniter->runController(Object(App\Controllers\influencer_controller))
#8 C:\xampp\htdocs\Project\system\CodeIgniter.php(351): CodeIgniter\CodeIgniter->handleRequest(NULL, Object(Config\Cache), false)
#9 C:\xampp\htdocs\Project\public\index.php(67): CodeIgniter\CodeIgniter->run()
#10 {main}
CRITICAL - 2022-12-15 04:18:36 --> MySQL server has gone away
in SYSTEMPATH\Database\MySQLi\Connection.php on line 292.
 1 SYSTEMPATH\Database\MySQLi\Connection.php(292): mysqli->query('SELECT influencer_id, network, follower, post_total,create_date 
		FROM influencer_stat_post_recent 
		WHERE influencer_id = \'11083\'
		ORDER BY create_date DESC
		LIMIT 0, 50', 0)
 2 SYSTEMPATH\Database\BaseConnection.php(666): CodeIgniter\Database\MySQLi\Connection->execute('SELECT influencer_id, network, follower, post_total,create_date 
		FROM influencer_stat_post_recent 
		WHERE influencer_id = \'11083\'
		ORDER BY create_date DESC
		LIMIT 0, 50')
 3 SYSTEMPATH\Database\BaseConnection.php(593): CodeIgniter\Database\BaseConnection->simpleQuery('SELECT influencer_id, network, follower, post_total,create_date 
		FROM influencer_stat_post_recent 
		WHERE influencer_id = \'11083\'
		ORDER BY create_date DESC
		LIMIT 0, 50')
 4 SYSTEMPATH\Model.php(768): CodeIgniter\Database\BaseConnection->query('SELECT influencer_id, network, follower, post_total,create_date 
		FROM influencer_stat_post_recent 
		WHERE influencer_id = \'11083\'
		ORDER BY create_date DESC
		LIMIT 0, 50')
 5 APPPATH\Models\database63_.php(27): CodeIgniter\Model->__call('query', [...])
 6 APPPATH\Controllers\influencer_controller.php(33): App\Models\database63_->query_63('11083', 'facebook')
 7 SYSTEMPATH\CodeIgniter.php(927): App\Controllers\influencer_controller->index()
 8 SYSTEMPATH\CodeIgniter.php(482): CodeIgniter\CodeIgniter->runController(Object(App\Controllers\influencer_controller))
 9 SYSTEMPATH\CodeIgniter.php(351): CodeIgniter\CodeIgniter->handleRequest(null, Object(Config\Cache), false)
10 FCPATH\index.php(67): CodeIgniter\CodeIgniter->run()
ERROR - 2022-12-15 04:18:36 --> Error connecting to the database: ErrorException: mysqli::set_charset(): Error executing query in C:\xampp\htdocs\Project\system\Database\MySQLi\Connection.php:194
Stack trace:
#0 [internal function]: CodeIgniter\Debug\Exceptions->errorHandler(2, 'mysqli::set_cha...', 'C:\\xampp\\htdocs...', 194, Array)
#1 C:\xampp\htdocs\Project\system\Database\MySQLi\Connection.php(194): mysqli->set_charset('utf8')
#2 C:\xampp\htdocs\Project\system\Database\BaseConnection.php(382): CodeIgniter\Database\MySQLi\Connection->connect(false)
#3 C:\xampp\htdocs\Project\system\Database\BaseConnection.php(561): CodeIgniter\Database\BaseConnection->initialize()
#4 C:\xampp\htdocs\Project\system\Model.php(768): CodeIgniter\Database\BaseConnection->query('SELECT rawdata,...')
#5 C:\xampp\htdocs\Project\app\Models\database63_.php(20): CodeIgniter\Model->__call('query', Array)
#6 C:\xampp\htdocs\Project\app\Controllers\influencer_controller.php(33): App\Models\database63_->query_63('11083', 'facebook')
#7 C:\xampp\htdocs\Project\system\CodeIgniter.php(927): App\Controllers\influencer_controller->index()
#8 C:\xampp\htdocs\Project\system\CodeIgniter.php(482): CodeIgniter\CodeIgniter->runController(Object(App\Controllers\influencer_controller))
#9 C:\xampp\htdocs\Project\system\CodeIgniter.php(351): CodeIgniter\CodeIgniter->handleRequest(NULL, Object(Config\Cache), false)
#10 C:\xampp\htdocs\Project\public\index.php(67): CodeIgniter\CodeIgniter->run()
#11 {main}

Next CodeIgniter\Database\Exceptions\DatabaseException: mysqli::set_charset(): Error executing query in C:\xampp\htdocs\Project\system\Database\MySQLi\Connection.php:215
Stack trace:
#0 C:\xampp\htdocs\Project\system\Database\BaseConnection.php(382): CodeIgniter\Database\MySQLi\Connection->connect(false)
#1 C:\xampp\htdocs\Project\system\Database\BaseConnection.php(561): CodeIgniter\Database\BaseConnection->initialize()
#2 C:\xampp\htdocs\Project\system\Model.php(768): CodeIgniter\Database\BaseConnection->query('SELECT rawdata,...')
#3 C:\xampp\htdocs\Project\app\Models\database63_.php(20): CodeIgniter\Model->__call('query', Array)
#4 C:\xampp\htdocs\Project\app\Controllers\influencer_controller.php(33): App\Models\database63_->query_63('11083', 'facebook')
#5 C:\xampp\htdocs\Project\system\CodeIgniter.php(927): App\Controllers\influencer_controller->index()
#6 C:\xampp\htdocs\Project\system\CodeIgniter.php(482): CodeIgniter\CodeIgniter->runController(Object(App\Controllers\influencer_controller))
#7 C:\xampp\htdocs\Project\system\CodeIgniter.php(351): CodeIgniter\CodeIgniter->handleRequest(NULL, Object(Config\Cache), false)
#8 C:\xampp\htdocs\Project\public\index.php(67): CodeIgniter\CodeIgniter->run()
#9 {main}
CRITICAL - 2022-12-15 04:18:36 --> MySQL server has gone away
in SYSTEMPATH\Database\MySQLi\Connection.php on line 292.
 1 SYSTEMPATH\Database\MySQLi\Connection.php(292): mysqli->query('SELECT influencer_id, network, follower, post_total,create_date 
		FROM influencer_stat_post_recent 
		WHERE influencer_id = \'11083\'
		ORDER BY create_date DESC
		LIMIT 0, 50', 0)
 2 SYSTEMPATH\Database\BaseConnection.php(666): CodeIgniter\Database\MySQLi\Connection->execute('SELECT influencer_id, network, follower, post_total,create_date 
		FROM influencer_stat_post_recent 
		WHERE influencer_id = \'11083\'
		ORDER BY create_date DESC
		LIMIT 0, 50')
 3 SYSTEMPATH\Database\BaseConnection.php(593): CodeIgniter\Database\BaseConnection->simpleQuery('SELECT influencer_id, network, follower, post_total,create_date 
		FROM influencer_stat_post_recent 
		WHERE influencer_id = \'11083\'
		ORDER BY create_date DESC
		LIMIT 0, 50')
 4 SYSTEMPATH\Model.php(768): CodeIgniter\Database\BaseConnection->query('SELECT influencer_id, network, follower, post_total,create_date 
		FROM influencer_stat_post_recent 
		WHERE influencer_id = \'11083\'
		ORDER BY create_date DESC
		LIMIT 0, 50')
 5 APPPATH\Models\database63_.php(27): CodeIgniter\Model->__call('query', [...])
 6 APPPATH\Controllers\influencer_controller.php(33): App\Models\database63_->query_63('11083', 'facebook')
 7 SYSTEMPATH\CodeIgniter.php(927): App\Controllers\influencer_controller->index()
 8 SYSTEMPATH\CodeIgniter.php(482): CodeIgniter\CodeIgniter->runController(Object(App\Controllers\influencer_controller))
 9 SYSTEMPATH\CodeIgniter.php(351): CodeIgniter\CodeIgniter->handleRequest(null, Object(Config\Cache), false)
10 FCPATH\index.php(67): CodeIgniter\CodeIgniter->run()
CRITICAL - 2022-12-15 04:18:36 --> Unable to connect to the database.
Main connection [MySQLi]: mysqli::set_charset(): Error executing query
in SYSTEMPATH\Database\BaseConnection.php on line 418.
 1 SYSTEMPATH\Database\BaseConnection.php(561): CodeIgniter\Database\BaseConnection->initialize()
 2 SYSTEMPATH\Model.php(768): CodeIgniter\Database\BaseConnection->query('SELECT rawdata,follower,post_total FROM influencer_stat_post_recent WHERE network = \'facebook\' AND influencer_id = \'11083\'
        ORDER BY create_date DESC
        LIMIT 0,1')
 3 APPPATH\Models\database63_.php(20): CodeIgniter\Model->__call('query', [...])
 4 APPPATH\Controllers\influencer_controller.php(33): App\Models\database63_->query_63('11083', 'facebook')
 5 SYSTEMPATH\CodeIgniter.php(927): App\Controllers\influencer_controller->index()
 6 SYSTEMPATH\CodeIgniter.php(482): CodeIgniter\CodeIgniter->runController(Object(App\Controllers\influencer_controller))
 7 SYSTEMPATH\CodeIgniter.php(351): CodeIgniter\CodeIgniter->handleRequest(null, Object(Config\Cache), false)
 8 FCPATH\index.php(67): CodeIgniter\CodeIgniter->run()
CRITICAL - 2022-12-15 04:18:36 --> MySQL server has gone away
in SYSTEMPATH\Database\MySQLi\Connection.php on line 292.
 1 SYSTEMPATH\Database\MySQLi\Connection.php(292): mysqli->query('SELECT influencer_id, network, follower, post_total,create_date 
		FROM influencer_stat_post_recent 
		WHERE influencer_id = \'11083\'
		ORDER BY create_date DESC
		LIMIT 0, 50', 0)
 2 SYSTEMPATH\Database\BaseConnection.php(666): CodeIgniter\Database\MySQLi\Connection->execute('SELECT influencer_id, network, follower, post_total,create_date 
		FROM influencer_stat_post_recent 
		WHERE influencer_id = \'11083\'
		ORDER BY create_date DESC
		LIMIT 0, 50')
 3 SYSTEMPATH\Database\BaseConnection.php(593): CodeIgniter\Database\BaseConnection->simpleQuery('SELECT influencer_id, network, follower, post_total,create_date 
		FROM influencer_stat_post_recent 
		WHERE influencer_id = \'11083\'
		ORDER BY create_date DESC
		LIMIT 0, 50')
 4 SYSTEMPATH\Model.php(768): CodeIgniter\Database\BaseConnection->query('SELECT influencer_id, network, follower, post_total,create_date 
		FROM influencer_stat_post_recent 
		WHERE influencer_id = \'11083\'
		ORDER BY create_date DESC
		LIMIT 0, 50')
 5 APPPATH\Models\database63_.php(27): CodeIgniter\Model->__call('query', [...])
 6 APPPATH\Controllers\influencer_controller.php(33): App\Models\database63_->query_63('11083', 'facebook')
 7 SYSTEMPATH\CodeIgniter.php(927): App\Controllers\influencer_controller->index()
 8 SYSTEMPATH\CodeIgniter.php(482): CodeIgniter\CodeIgniter->runController(Object(App\Controllers\influencer_controller))
 9 SYSTEMPATH\CodeIgniter.php(351): CodeIgniter\CodeIgniter->handleRequest(null, Object(Config\Cache), false)
10 FCPATH\index.php(67): CodeIgniter\CodeIgniter->run()
ERROR - 2022-12-15 04:22:13 --> Error connecting to the database: mysqli_sql_exception: MySQL server has gone away in C:\xampp\htdocs\Project\system\Database\MySQLi\Connection.php:171
Stack trace:
#0 C:\xampp\htdocs\Project\system\Database\MySQLi\Connection.php(171): mysqli->real_connect('122.155.166.63', 'intern', 'TVIw3yZchDLH', 'influencer', 3306, '', 0)
#1 C:\xampp\htdocs\Project\system\Database\BaseConnection.php(382): CodeIgniter\Database\MySQLi\Connection->connect(false)
#2 C:\xampp\htdocs\Project\system\Database\BaseConnection.php(561): CodeIgniter\Database\BaseConnection->initialize()
#3 C:\xampp\htdocs\Project\system\Model.php(768): CodeIgniter\Database\BaseConnection->query('SELECT rawdata,...')
#4 C:\xampp\htdocs\Project\app\Models\database63_.php(20): CodeIgniter\Model->__call('query', Array)
#5 C:\xampp\htdocs\Project\app\Controllers\influencer_controller.php(33): App\Models\database63_->query_63('286303', '')
#6 C:\xampp\htdocs\Project\system\CodeIgniter.php(927): App\Controllers\influencer_controller->index()
#7 C:\xampp\htdocs\Project\system\CodeIgniter.php(482): CodeIgniter\CodeIgniter->runController(Object(App\Controllers\influencer_controller))
#8 C:\xampp\htdocs\Project\system\CodeIgniter.php(351): CodeIgniter\CodeIgniter->handleRequest(NULL, Object(Config\Cache), false)
#9 C:\xampp\htdocs\Project\public\index.php(67): CodeIgniter\CodeIgniter->run()
#10 {main}

Next CodeIgniter\Database\Exceptions\DatabaseException: MySQL server has gone away in C:\xampp\htdocs\Project\system\Database\MySQLi\Connection.php:215
Stack trace:
#0 C:\xampp\htdocs\Project\system\Database\BaseConnection.php(382): CodeIgniter\Database\MySQLi\Connection->connect(false)
#1 C:\xampp\htdocs\Project\system\Database\BaseConnection.php(561): CodeIgniter\Database\BaseConnection->initialize()
#2 C:\xampp\htdocs\Project\system\Model.php(768): CodeIgniter\Database\BaseConnection->query('SELECT rawdata,...')
#3 C:\xampp\htdocs\Project\app\Models\database63_.php(20): CodeIgniter\Model->__call('query', Array)
#4 C:\xampp\htdocs\Project\app\Controllers\influencer_controller.php(33): App\Models\database63_->query_63('286303', '')
#5 C:\xampp\htdocs\Project\system\CodeIgniter.php(927): App\Controllers\influencer_controller->index()
#6 C:\xampp\htdocs\Project\system\CodeIgniter.php(482): CodeIgniter\CodeIgniter->runController(Object(App\Controllers\influencer_controller))
#7 C:\xampp\htdocs\Project\system\CodeIgniter.php(351): CodeIgniter\CodeIgniter->handleRequest(NULL, Object(Config\Cache), false)
#8 C:\xampp\htdocs\Project\public\index.php(67): CodeIgniter\CodeIgniter->run()
#9 {main}
CRITICAL - 2022-12-15 04:22:13 --> Unable to connect to the database.
Main connection [MySQLi]: MySQL server has gone away
in SYSTEMPATH\Database\BaseConnection.php on line 418.
 1 SYSTEMPATH\Database\BaseConnection.php(561): CodeIgniter\Database\BaseConnection->initialize()
 2 SYSTEMPATH\Model.php(768): CodeIgniter\Database\BaseConnection->query('SELECT rawdata,follower,post_total FROM influencer_stat_post_recent WHERE network = \'\' AND influencer_id = \'286303\'
        ORDER BY create_date DESC
        LIMIT 0,1')
 3 APPPATH\Models\database63_.php(20): CodeIgniter\Model->__call('query', [...])
 4 APPPATH\Controllers\influencer_controller.php(33): App\Models\database63_->query_63('286303', 'ROOTPATH\\public')
 5 SYSTEMPATH\CodeIgniter.php(927): App\Controllers\influencer_controller->index()
 6 SYSTEMPATH\CodeIgniter.php(482): CodeIgniter\CodeIgniter->runController(Object(App\Controllers\influencer_controller))
 7 SYSTEMPATH\CodeIgniter.php(351): CodeIgniter\CodeIgniter->handleRequest(null, Object(Config\Cache), false)
 8 FCPATH\index.php(67): CodeIgniter\CodeIgniter->run()
